{"C:\\Projects\\loteria\\src\\middleware.ts": {"path":"C:\\Projects\\loteria\\src\\middleware.ts","statementMap":{"0":{"start":{"line":55,"column":13},"end":{"line":55,"column":22}},"1":{"start":{"line":26,"column":16},"end":{"line":26,"column":27}},"2":{"start":{"line":1,"column":42},"end":{"line":1,"column":null}},"3":{"start":{"line":4,"column":23},"end":{"line":11,"column":null}},"4":{"start":{"line":15,"column":2},"end":{"line":15,"column":null}},"5":{"start":{"line":15,"column":15},"end":{"line":15,"column":null}},"6":{"start":{"line":18,"column":2},"end":{"line":20,"column":null}},"7":{"start":{"line":19,"column":4},"end":{"line":19,"column":null}},"8":{"start":{"line":23,"column":2},"end":{"line":23,"column":null}},"9":{"start":{"line":27,"column":17},"end":{"line":27,"column":null}},"10":{"start":{"line":28,"column":19},"end":{"line":28,"column":null}},"11":{"start":{"line":31,"column":2},"end":{"line":50,"column":null}},"12":{"start":{"line":33,"column":4},"end":{"line":42,"column":null}},"13":{"start":{"line":34,"column":6},"end":{"line":36,"column":null}},"14":{"start":{"line":35,"column":8},"end":{"line":35,"column":null}},"15":{"start":{"line":37,"column":6},"end":{"line":37,"column":null}},"16":{"start":{"line":38,"column":6},"end":{"line":38,"column":null}},"17":{"start":{"line":39,"column":6},"end":{"line":39,"column":null}},"18":{"start":{"line":40,"column":6},"end":{"line":40,"column":null}},"19":{"start":{"line":41,"column":6},"end":{"line":41,"column":null}},"20":{"start":{"line":45,"column":4},"end":{"line":49,"column":null}},"21":{"start":{"line":46,"column":6},"end":{"line":46,"column":null}},"22":{"start":{"line":47,"column":6},"end":{"line":47,"column":null}},"23":{"start":{"line":48,"column":6},"end":{"line":48,"column":null}},"24":{"start":{"line":52,"column":2},"end":{"line":52,"column":null}},"25":{"start":{"line":55,"column":22},"end":{"line":57,"column":null}}},"fnMap":{"0":{"name":"isOriginAllowed","decl":{"start":{"line":14,"column":9},"end":{"line":14,"column":25}},"loc":{"start":{"line":14,"column":46},"end":{"line":24,"column":null}}},"1":{"name":"middleware","decl":{"start":{"line":26,"column":16},"end":{"line":26,"column":27}},"loc":{"start":{"line":26,"column":43},"end":{"line":53,"column":null}}}},"branchMap":{"0":{"loc":{"start":{"line":15,"column":2},"end":{"line":15,"column":null}},"type":"if","locations":[{"start":{"line":15,"column":2},"end":{"line":15,"column":null}},{"start":{},"end":{}}]},"1":{"loc":{"start":{"line":18,"column":2},"end":{"line":20,"column":null}},"type":"if","locations":[{"start":{"line":18,"column":2},"end":{"line":20,"column":null}},{"start":{},"end":{}}]},"2":{"loc":{"start":{"line":31,"column":2},"end":{"line":50,"column":null}},"type":"if","locations":[{"start":{"line":31,"column":2},"end":{"line":50,"column":null}},{"start":{},"end":{}}]},"3":{"loc":{"start":{"line":33,"column":4},"end":{"line":42,"column":null}},"type":"if","locations":[{"start":{"line":33,"column":4},"end":{"line":42,"column":null}},{"start":{},"end":{}}]},"4":{"loc":{"start":{"line":34,"column":6},"end":{"line":36,"column":null}},"type":"if","locations":[{"start":{"line":34,"column":6},"end":{"line":36,"column":null}},{"start":{},"end":{}}]},"5":{"loc":{"start":{"line":34,"column":10},"end":{"line":34,"column":45}},"type":"binary-expr","locations":[{"start":{"line":34,"column":10},"end":{"line":34,"column":20}},{"start":{"line":34,"column":20},"end":{"line":34,"column":45}}]},"6":{"loc":{"start":{"line":45,"column":4},"end":{"line":49,"column":null}},"type":"if","locations":[{"start":{"line":45,"column":4},"end":{"line":49,"column":null}},{"start":{},"end":{}}]},"7":{"loc":{"start":{"line":45,"column":8},"end":{"line":45,"column":43}},"type":"binary-expr","locations":[{"start":{"line":45,"column":8},"end":{"line":45,"column":18}},{"start":{"line":45,"column":18},"end":{"line":45,"column":43}}]}},"s":{"0":0,"1":0,"2":0,"3":0,"4":0,"5":0,"6":0,"7":0,"8":0,"9":0,"10":0,"11":0,"12":0,"13":0,"14":0,"15":0,"16":0,"17":0,"18":0,"19":0,"20":0,"21":0,"22":0,"23":0,"24":0,"25":0},"f":{"0":0,"1":0},"b":{"0":[0,0],"1":[0,0],"2":[0,0],"3":[0,0],"4":[0,0],"5":[0,0],"6":[0,0],"7":[0,0]}}
,"C:\\Projects\\loteria\\src\\app\\SessionProvider.tsx": {"path":"C:\\Projects\\loteria\\src\\app\\SessionProvider.tsx","statementMap":{"0":{"start":{"line":16,"column":24},"end":{"line":16,"column":48}},"1":{"start":{"line":7,"column":32},"end":{"line":7,"column":null}}},"fnMap":{"0":{"name":"NextAuthSessionProvider","decl":{"start":{"line":16,"column":24},"end":{"line":16,"column":48}},"loc":{"start":{"line":20,"column":1},"end":{"line":30,"column":null}}}},"branchMap":{},"s":{"0":0,"1":0},"f":{"0":0},"b":{}}
,"C:\\Projects\\loteria\\src\\app\\global-error.tsx": {"path":"C:\\Projects\\loteria\\src\\app\\global-error.tsx","statementMap":{"0":{"start":{"line":3,"column":24},"end":{"line":3,"column":36}},"1":{"start":{"line":18,"column":29},"end":{"line":18,"column":null}}},"fnMap":{"0":{"name":"GlobalError","decl":{"start":{"line":3,"column":24},"end":{"line":3,"column":36}},"loc":{"start":{"line":9,"column":1},"end":{"line":28,"column":null}}},"1":{"name":"(anonymous_2)","decl":{"start":{"line":18,"column":23},"end":{"line":18,"column":29}},"loc":{"start":{"line":18,"column":29},"end":{"line":18,"column":null}}}},"branchMap":{},"s":{"0":0,"1":0},"f":{"0":0,"1":0},"b":{}}
,"C:\\Projects\\loteria\\src\\app\\page.tsx": {"path":"C:\\Projects\\loteria\\src\\app\\page.tsx","statementMap":{"0":{"start":{"line":18,"column":24},"end":{"line":18,"column":null}},"1":{"start":{"line":8,"column":21},"end":{"line":8,"column":null}},"2":{"start":{"line":9,"column":17},"end":{"line":9,"column":null}},"3":{"start":{"line":11,"column":24},"end":{"line":11,"column":null}},"4":{"start":{"line":12,"column":36},"end":{"line":12,"column":null}},"5":{"start":{"line":13,"column":74},"end":{"line":13,"column":null}},"6":{"start":{"line":14,"column":27},"end":{"line":14,"column":null}},"7":{"start":{"line":15,"column":27},"end":{"line":15,"column":null}},"8":{"start":{"line":16,"column":26},"end":{"line":16,"column":null}},"9":{"start":{"line":19,"column":36},"end":{"line":19,"column":null}},"10":{"start":{"line":20,"column":49},"end":{"line":20,"column":null}},"11":{"start":{"line":21,"column":17},"end":{"line":21,"column":null}},"12":{"start":{"line":24,"column":32},"end":{"line":24,"column":null}},"13":{"start":{"line":25,"column":32},"end":{"line":25,"column":null}},"14":{"start":{"line":26,"column":28},"end":{"line":26,"column":null}},"15":{"start":{"line":29,"column":26},"end":{"line":29,"column":null}},"16":{"start":{"line":30,"column":22},"end":{"line":30,"column":null}},"17":{"start":{"line":31,"column":22},"end":{"line":31,"column":null}},"18":{"start":{"line":34,"column":2},"end":{"line":40,"column":null}},"19":{"start":{"line":35,"column":4},"end":{"line":35,"column":null}},"20":{"start":{"line":35,"column":21},"end":{"line":35,"column":null}},"21":{"start":{"line":36,"column":4},"end":{"line":39,"column":null}},"22":{"start":{"line":37,"column":6},"end":{"line":37,"column":null}},"23":{"start":{"line":38,"column":6},"end":{"line":38,"column":null}},"24":{"start":{"line":43,"column":23},"end":{"line":62,"column":null}},"25":{"start":{"line":44,"column":4},"end":{"line":44,"column":null}},"26":{"start":{"line":44,"column":26},"end":{"line":44,"column":null}},"27":{"start":{"line":46,"column":4},"end":{"line":46,"column":null}},"28":{"start":{"line":47,"column":4},"end":{"line":47,"column":null}},"29":{"start":{"line":49,"column":4},"end":{"line":61,"column":null}},"30":{"start":{"line":51,"column":8},"end":{"line":51,"column":null}},"31":{"start":{"line":51,"column":21},"end":{"line":51,"column":null}},"32":{"start":{"line":52,"column":8},"end":{"line":52,"column":null}},"33":{"start":{"line":55,"column":8},"end":{"line":55,"column":null}},"34":{"start":{"line":56,"column":8},"end":{"line":56,"column":null}},"35":{"start":{"line":59,"column":8},"end":{"line":59,"column":null}},"36":{"start":{"line":60,"column":8},"end":{"line":60,"column":null}},"37":{"start":{"line":65,"column":2},"end":{"line":67,"column":null}},"38":{"start":{"line":66,"column":4},"end":{"line":66,"column":null}},"39":{"start":{"line":70,"column":2},"end":{"line":76,"column":null}},"40":{"start":{"line":79,"column":2},"end":{"line":81,"column":null}},"41":{"start":{"line":80,"column":4},"end":{"line":80,"column":null}},"42":{"start":{"line":168,"column":30},"end":{"line":168,"column":65}},"43":{"start":{"line":169,"column":38},"end":{"line":169,"column":null}},"44":{"start":{"line":170,"column":37},"end":{"line":170,"column":40}},"45":{"start":{"line":172,"column":18},"end":{"line":173,"column":34}},"46":{"start":{"line":208,"column":75},"end":{"line":208,"column":94}}},"fnMap":{"0":{"name":"Home","decl":{"start":{"line":18,"column":24},"end":{"line":18,"column":null}},"loc":{"start":{"line":18,"column":24},"end":{"line":222,"column":null}}},"1":{"name":"(anonymous_3)","decl":{"start":{"line":34,"column":12},"end":{"line":34,"column":null}},"loc":{"start":{"line":34,"column":12},"end":{"line":40,"column":5}}},"2":{"name":"(anonymous_4)","decl":{"start":{"line":43,"column":23},"end":{"line":43,"column":null}},"loc":{"start":{"line":43,"column":23},"end":{"line":62,"column":null}}},"3":{"name":"(anonymous_5)","decl":{"start":{"line":50,"column":12},"end":{"line":50,"column":null}},"loc":{"start":{"line":50,"column":12},"end":{"line":53,"column":null}}},"4":{"name":"(anonymous_6)","decl":{"start":{"line":54,"column":12},"end":{"line":54,"column":null}},"loc":{"start":{"line":54,"column":12},"end":{"line":57,"column":null}}},"5":{"name":"(anonymous_7)","decl":{"start":{"line":58,"column":13},"end":{"line":58,"column":14}},"loc":{"start":{"line":58,"column":14},"end":{"line":61,"column":null}}},"6":{"name":"(anonymous_8)","decl":{"start":{"line":65,"column":12},"end":{"line":65,"column":null}},"loc":{"start":{"line":65,"column":12},"end":{"line":67,"column":5}}},"7":{"name":"(anonymous_9)","decl":{"start":{"line":166,"column":29},"end":{"line":166,"column":null}},"loc":{"start":{"line":166,"column":29},"end":{"line":214,"column":null}}},"8":{"name":"(anonymous_10)","decl":{"start":{"line":208,"column":68},"end":{"line":208,"column":69}},"loc":{"start":{"line":208,"column":75},"end":{"line":208,"column":94}}}},"branchMap":{"0":{"loc":{"start":{"line":29,"column":26},"end":{"line":29,"column":null}},"type":"binary-expr","locations":[{"start":{"line":29,"column":26},"end":{"line":29,"column":43}},{"start":{"line":29,"column":43},"end":{"line":29,"column":null}}]},"1":{"loc":{"start":{"line":30,"column":22},"end":{"line":30,"column":null}},"type":"binary-expr","locations":[{"start":{"line":30,"column":22},"end":{"line":30,"column":46}},{"start":{"line":30,"column":46},"end":{"line":30,"column":null}}]},"2":{"loc":{"start":{"line":31,"column":22},"end":{"line":31,"column":null}},"type":"binary-expr","locations":[{"start":{"line":31,"column":22},"end":{"line":31,"column":39}},{"start":{"line":31,"column":39},"end":{"line":31,"column":null}}]},"3":{"loc":{"start":{"line":35,"column":4},"end":{"line":35,"column":null}},"type":"if","locations":[{"start":{"line":35,"column":4},"end":{"line":35,"column":null}},{"start":{},"end":{}}]},"4":{"loc":{"start":{"line":36,"column":4},"end":{"line":39,"column":null}},"type":"if","locations":[{"start":{"line":36,"column":4},"end":{"line":39,"column":null}},{"start":{},"end":{}}]},"5":{"loc":{"start":{"line":44,"column":4},"end":{"line":44,"column":null}},"type":"if","locations":[{"start":{"line":44,"column":4},"end":{"line":44,"column":null}},{"start":{},"end":{}}]},"6":{"loc":{"start":{"line":51,"column":8},"end":{"line":51,"column":null}},"type":"if","locations":[{"start":{"line":51,"column":8},"end":{"line":51,"column":null}},{"start":{},"end":{}}]},"7":{"loc":{"start":{"line":55,"column":19},"end":{"line":55,"column":50}},"type":"cond-expr","locations":[{"start":{"line":55,"column":41},"end":{"line":55,"column":48}},{"start":{"line":55,"column":48},"end":{"line":55,"column":50}}]},"8":{"loc":{"start":{"line":70,"column":2},"end":{"line":76,"column":null}},"type":"if","locations":[{"start":{"line":70,"column":2},"end":{"line":76,"column":null}},{"start":{},"end":{}}]},"9":{"loc":{"start":{"line":79,"column":2},"end":{"line":81,"column":null}},"type":"if","locations":[{"start":{"line":79,"column":2},"end":{"line":81,"column":null}},{"start":{},"end":{}}]},"10":{"loc":{"start":{"line":149,"column":44},"end":{"line":149,"column":75}},"type":"cond-expr","locations":[{"start":{"line":149,"column":54},"end":{"line":149,"column":71}},{"start":{"line":149,"column":71},"end":{"line":149,"column":75}}]},"11":{"loc":{"start":{"line":155,"column":14},"end":{"line":156,"column":null}},"type":"cond-expr","locations":[{"start":{"line":155,"column":14},"end":{"line":156,"column":null}}]},"12":{"loc":{"start":{"line":157,"column":14},"end":{"line":158,"column":24}},"type":"cond-expr","locations":[{"start":{"line":157,"column":14},"end":{"line":158,"column":24}}]},"13":{"loc":{"start":{"line":159,"column":14},"end":{"line":165,"column":15}},"type":"cond-expr","locations":[{"start":{"line":159,"column":14},"end":{"line":165,"column":15}}]},"14":{"loc":{"start":{"line":168,"column":30},"end":{"line":168,"column":65}},"type":"binary-expr","locations":[{"start":{"line":168,"column":30},"end":{"line":168,"column":38}},{"start":{"line":168,"column":42},"end":{"line":168,"column":51}},{"start":{"line":168,"column":55},"end":{"line":168,"column":65}}]},"15":{"loc":{"start":{"line":169,"column":38},"end":{"line":169,"column":null}},"type":"binary-expr","locations":[{"start":{"line":169,"column":38},"end":{"line":169,"column":63}},{"start":{"line":169,"column":63},"end":{"line":169,"column":null}}]},"16":{"loc":{"start":{"line":190,"column":30},"end":{"line":192,"column":null}},"type":"cond-expr","locations":[{"start":{"line":190,"column":50},"end":{"line":190,"column":null}},{"start":{"line":191,"column":30},"end":{"line":192,"column":null}}]},"17":{"loc":{"start":{"line":191,"column":30},"end":{"line":192,"column":null}},"type":"cond-expr","locations":[{"start":{"line":191,"column":57},"end":{"line":191,"column":null}},{"start":{"line":192,"column":30},"end":{"line":192,"column":null}}]},"18":{"loc":{"start":{"line":194,"column":31},"end":{"line":196,"column":null}},"type":"cond-expr","locations":[{"start":{"line":194,"column":51},"end":{"line":194,"column":null}},{"start":{"line":195,"column":31},"end":{"line":196,"column":null}}]},"19":{"loc":{"start":{"line":195,"column":31},"end":{"line":196,"column":null}},"type":"cond-expr","locations":[{"start":{"line":195,"column":58},"end":{"line":195,"column":null}},{"start":{"line":196,"column":31},"end":{"line":196,"column":null}}]},"20":{"loc":{"start":{"line":204,"column":26},"end":{"line":206,"column":null}},"type":"cond-expr","locations":[{"start":{"line":205,"column":30},"end":{"line":205,"column":null}},{"start":{"line":206,"column":30},"end":{"line":206,"column":null}}]},"21":{"loc":{"start":{"line":208,"column":29},"end":{"line":208,"column":100}},"type":"cond-expr","locations":[{"start":{"line":208,"column":57},"end":{"line":208,"column":98}},{"start":{"line":208,"column":98},"end":{"line":208,"column":100}}]},"22":{"loc":{"start":{"line":210,"column":25},"end":{"line":210,"column":null}},"type":"cond-expr","locations":[{"start":{"line":210,"column":53},"end":{"line":210,"column":62}},{"start":{"line":210,"column":62},"end":{"line":210,"column":null}}]}},"s":{"0":0,"1":0,"2":0,"3":0,"4":0,"5":0,"6":0,"7":0,"8":0,"9":0,"10":0,"11":0,"12":0,"13":0,"14":0,"15":0,"16":0,"17":0,"18":0,"19":0,"20":0,"21":0,"22":0,"23":0,"24":0,"25":0,"26":0,"27":0,"28":0,"29":0,"30":0,"31":0,"32":0,"33":0,"34":0,"35":0,"36":0,"37":0,"38":0,"39":0,"40":0,"41":0,"42":0,"43":0,"44":0,"45":0,"46":0},"f":{"0":0,"1":0,"2":0,"3":0,"4":0,"5":0,"6":0,"7":0,"8":0},"b":{"0":[0,0],"1":[0,0],"2":[0,0],"3":[0,0],"4":[0,0],"5":[0,0],"6":[0,0],"7":[0,0],"8":[0,0],"9":[0,0],"10":[0,0],"11":[0],"12":[0],"13":[0],"14":[0,0,0],"15":[0,0],"16":[0,0],"17":[0,0],"18":[0,0],"19":[0,0],"20":[0,0],"21":[0,0],"22":[0,0]}}
,"C:\\Projects\\loteria\\src\\app\\admin\\page.tsx": {"path":"C:\\Projects\\loteria\\src\\app\\admin\\page.tsx","statementMap":{"0":{"start":{"line":7,"column":24},"end":{"line":7,"column":null}}},"fnMap":{"0":{"name":"AdminPage","decl":{"start":{"line":7,"column":24},"end":{"line":7,"column":null}},"loc":{"start":{"line":7,"column":24},"end":{"line":20,"column":null}}}},"branchMap":{},"s":{"0":0},"f":{"0":0},"b":{}}
,"C:\\Projects\\loteria\\src\\app\\api\\auth-test\\route.ts": {"path":"C:\\Projects\\loteria\\src\\app\\api\\auth-test\\route.ts","statementMap":{"0":{"start":{"line":8,"column":22},"end":{"line":8,"column":26}},"1":{"start":{"line":6,"column":13},"end":{"line":6,"column":23}},"2":{"start":{"line":1,"column":42},"end":{"line":1,"column":null}},"3":{"start":{"line":2,"column":25},"end":{"line":2,"column":null}},"4":{"start":{"line":3,"column":33},"end":{"line":3,"column":null}},"5":{"start":{"line":4,"column":28},"end":{"line":4,"column":null}},"6":{"start":{"line":6,"column":23},"end":{"line":6,"column":null}},"7":{"start":{"line":9,"column":2},"end":{"line":51,"column":null}},"8":{"start":{"line":10,"column":4},"end":{"line":10,"column":null}},"9":{"start":{"line":13,"column":4},"end":{"line":17,"column":null}},"10":{"start":{"line":20,"column":25},"end":{"line":20,"column":null}},"11":{"start":{"line":21,"column":4},"end":{"line":21,"column":null}},"12":{"start":{"line":24,"column":25},"end":{"line":29,"column":null}},"13":{"start":{"line":32,"column":4},"end":{"line":37,"column":null}},"14":{"start":{"line":33,"column":20},"end":{"line":33,"column":null}},"15":{"start":{"line":34,"column":6},"end":{"line":34,"column":null}},"16":{"start":{"line":36,"column":6},"end":{"line":36,"column":null}},"17":{"start":{"line":40,"column":4},"end":{"line":45,"column":null}},"18":{"start":{"line":41,"column":22},"end":{"line":41,"column":null}},"19":{"start":{"line":42,"column":6},"end":{"line":42,"column":null}},"20":{"start":{"line":44,"column":6},"end":{"line":44,"column":null}},"21":{"start":{"line":47,"column":4},"end":{"line":47,"column":null}},"22":{"start":{"line":49,"column":4},"end":{"line":49,"column":null}},"23":{"start":{"line":50,"column":4},"end":{"line":50,"column":null}}},"fnMap":{"0":{"name":"GET","decl":{"start":{"line":8,"column":22},"end":{"line":8,"column":26}},"loc":{"start":{"line":8,"column":42},"end":{"line":52,"column":null}}}},"branchMap":{"0":{"loc":{"start":{"line":25,"column":15},"end":{"line":25,"column":null}},"type":"cond-expr","locations":[{"start":{"line":25,"column":30},"end":{"line":25,"column":42}},{"start":{"line":25,"column":42},"end":{"line":25,"column":null}}]},"1":{"loc":{"start":{"line":34,"column":25},"end":{"line":34,"column":null}},"type":"cond-expr","locations":[{"start":{"line":34,"column":33},"end":{"line":34,"column":76}},{"start":{"line":34,"column":76},"end":{"line":34,"column":null}}]},"2":{"loc":{"start":{"line":42,"column":30},"end":{"line":42,"column":null}},"type":"cond-expr","locations":[{"start":{"line":42,"column":40},"end":{"line":42,"column":99}},{"start":{"line":42,"column":99},"end":{"line":42,"column":null}}]},"3":{"loc":{"start":{"line":50,"column":38},"end":{"line":50,"column":72}},"type":"binary-expr","locations":[{"start":{"line":50,"column":38},"end":{"line":50,"column":56}},{"start":{"line":50,"column":56},"end":{"line":50,"column":72}}]}},"s":{"0":0,"1":0,"2":0,"3":0,"4":0,"5":0,"6":0,"7":0,"8":0,"9":0,"10":0,"11":0,"12":0,"13":0,"14":0,"15":0,"16":0,"17":0,"18":0,"19":0,"20":0,"21":0,"22":0,"23":0},"f":{"0":0},"b":{"0":[0,0],"1":[0,0],"2":[0,0],"3":[0,0]}}
,"C:\\Projects\\loteria\\src\\app\\api\\auth\\[...nextauth]\\route.ts": {"path":"C:\\Projects\\loteria\\src\\app\\api\\auth\\[...nextauth]\\route.ts","statementMap":{"0":{"start":{"line":7,"column":9},"end":{"line":7,"column":20}},"1":{"start":{"line":7,"column":25},"end":{"line":7,"column":36}},"2":{"start":{"line":1,"column":21},"end":{"line":1,"column":null}},"3":{"start":{"line":2,"column":28},"end":{"line":2,"column":null}},"4":{"start":{"line":5,"column":16},"end":{"line":5,"column":null}}},"fnMap":{},"branchMap":{},"s":{"0":0,"1":0,"2":0,"3":0,"4":0},"f":{},"b":{}}
,"C:\\Projects\\loteria\\src\\app\\api\\auth\\jwt-login\\route.ts": {"path":"C:\\Projects\\loteria\\src\\app\\api\\auth\\jwt-login\\route.ts","statementMap":{"0":{"start":{"line":6,"column":22},"end":{"line":6,"column":27}},"1":{"start":{"line":1,"column":42},"end":{"line":1,"column":null}},"2":{"start":{"line":2,"column":26},"end":{"line":2,"column":null}},"3":{"start":{"line":3,"column":19},"end":{"line":3,"column":null}},"4":{"start":{"line":4,"column":16},"end":{"line":4,"column":null}},"5":{"start":{"line":7,"column":2},"end":{"line":60,"column":null}},"6":{"start":{"line":8,"column":32},"end":{"line":8,"column":null}},"7":{"start":{"line":10,"column":4},"end":{"line":12,"column":null}},"8":{"start":{"line":11,"column":6},"end":{"line":11,"column":null}},"9":{"start":{"line":15,"column":19},"end":{"line":15,"column":38}},"10":{"start":{"line":16,"column":15},"end":{"line":16,"column":null}},"11":{"start":{"line":17,"column":28},"end":{"line":17,"column":null}},"12":{"start":{"line":20,"column":17},"end":{"line":20,"column":null}},"13":{"start":{"line":21,"column":4},"end":{"line":21,"column":null}},"14":{"start":{"line":22,"column":4},"end":{"line":24,"column":null}},"15":{"start":{"line":23,"column":6},"end":{"line":23,"column":null}},"16":{"start":{"line":27,"column":4},"end":{"line":27,"column":null}},"17":{"start":{"line":28,"column":20},"end":{"line":28,"column":null}},"18":{"start":{"line":29,"column":4},"end":{"line":29,"column":null}},"19":{"start":{"line":30,"column":4},"end":{"line":32,"column":null}},"20":{"start":{"line":31,"column":6},"end":{"line":31,"column":null}},"21":{"start":{"line":35,"column":18},"end":{"line":43,"column":null}},"22":{"start":{"line":46,"column":4},"end":{"line":55,"column":null}},"23":{"start":{"line":58,"column":4},"end":{"line":58,"column":null}},"24":{"start":{"line":59,"column":4},"end":{"line":59,"column":null}}},"fnMap":{"0":{"name":"POST","decl":{"start":{"line":6,"column":22},"end":{"line":6,"column":27}},"loc":{"start":{"line":6,"column":47},"end":{"line":61,"column":null}}}},"branchMap":{"0":{"loc":{"start":{"line":10,"column":4},"end":{"line":12,"column":null}},"type":"if","locations":[{"start":{"line":10,"column":4},"end":{"line":12,"column":null}},{"start":{},"end":{}}]},"1":{"loc":{"start":{"line":10,"column":8},"end":{"line":10,"column":29}},"type":"binary-expr","locations":[{"start":{"line":10,"column":8},"end":{"line":10,"column":18}},{"start":{"line":10,"column":18},"end":{"line":10,"column":29}}]},"2":{"loc":{"start":{"line":22,"column":4},"end":{"line":24,"column":null}},"type":"if","locations":[{"start":{"line":22,"column":4},"end":{"line":24,"column":null}},{"start":{},"end":{}}]},"3":{"loc":{"start":{"line":22,"column":8},"end":{"line":22,"column":31}},"type":"binary-expr","locations":[{"start":{"line":22,"column":8},"end":{"line":22,"column":17}},{"start":{"line":22,"column":17},"end":{"line":22,"column":31}}]},"4":{"loc":{"start":{"line":30,"column":4},"end":{"line":32,"column":null}},"type":"if","locations":[{"start":{"line":30,"column":4},"end":{"line":32,"column":null}},{"start":{},"end":{}}]}},"s":{"0":0,"1":0,"2":0,"3":0,"4":0,"5":0,"6":0,"7":0,"8":0,"9":0,"10":0,"11":0,"12":0,"13":0,"14":0,"15":0,"16":0,"17":0,"18":0,"19":0,"20":0,"21":0,"22":0,"23":0,"24":0},"f":{"0":0},"b":{"0":[0,0],"1":[0,0],"2":[0,0],"3":[0,0],"4":[0,0]}}
,"C:\\Projects\\loteria\\src\\app\\api\\auth\\jwt-verify\\route.ts": {"path":"C:\\Projects\\loteria\\src\\app\\api\\auth\\jwt-verify\\route.ts","statementMap":{"0":{"start":{"line":4,"column":22},"end":{"line":4,"column":27}},"1":{"start":{"line":1,"column":42},"end":{"line":1,"column":null}},"2":{"start":{"line":2,"column":16},"end":{"line":2,"column":null}},"3":{"start":{"line":5,"column":2},"end":{"line":28,"column":null}},"4":{"start":{"line":6,"column":22},"end":{"line":6,"column":null}},"5":{"start":{"line":8,"column":4},"end":{"line":10,"column":null}},"6":{"start":{"line":9,"column":6},"end":{"line":9,"column":null}},"7":{"start":{"line":13,"column":20},"end":{"line":13,"column":null}},"8":{"start":{"line":15,"column":4},"end":{"line":23,"column":null}},"9":{"start":{"line":26,"column":4},"end":{"line":26,"column":null}},"10":{"start":{"line":27,"column":4},"end":{"line":27,"column":null}}},"fnMap":{"0":{"name":"POST","decl":{"start":{"line":4,"column":22},"end":{"line":4,"column":27}},"loc":{"start":{"line":4,"column":47},"end":{"line":29,"column":null}}}},"branchMap":{"0":{"loc":{"start":{"line":8,"column":4},"end":{"line":10,"column":null}},"type":"if","locations":[{"start":{"line":8,"column":4},"end":{"line":10,"column":null}},{"start":{},"end":{}}]}},"s":{"0":0,"1":0,"2":0,"3":0,"4":0,"5":0,"6":0,"7":0,"8":0,"9":0,"10":0},"f":{"0":0},"b":{"0":[0,0]}}
,"C:\\Projects\\loteria\\src\\app\\api\\auth\\reset\\confirm\\route.ts": {"path":"C:\\Projects\\loteria\\src\\app\\api\\auth\\reset\\confirm\\route.ts","statementMap":{"0":{"start":{"line":8,"column":22},"end":{"line":8,"column":27}},"1":{"start":{"line":6,"column":13},"end":{"line":6,"column":23}},"2":{"start":{"line":1,"column":29},"end":{"line":1,"column":null}},"3":{"start":{"line":2,"column":26},"end":{"line":2,"column":null}},"4":{"start":{"line":3,"column":19},"end":{"line":3,"column":null}},"5":{"start":{"line":6,"column":23},"end":{"line":6,"column":null}},"6":{"start":{"line":9,"column":30},"end":{"line":9,"column":null}},"7":{"start":{"line":10,"column":2},"end":{"line":10,"column":null}},"8":{"start":{"line":10,"column":27},"end":{"line":10,"column":null}},"9":{"start":{"line":12,"column":2},"end":{"line":43,"column":null}},"10":{"start":{"line":13,"column":19},"end":{"line":13,"column":38}},"11":{"start":{"line":14,"column":15},"end":{"line":14,"column":null}},"12":{"start":{"line":15,"column":18},"end":{"line":15,"column":null}},"13":{"start":{"line":17,"column":17},"end":{"line":20,"column":null}},"14":{"start":{"line":22,"column":4},"end":{"line":22,"column":null}},"15":{"start":{"line":22,"column":15},"end":{"line":22,"column":null}},"16":{"start":{"line":24,"column":19},"end":{"line":24,"column":null}},"17":{"start":{"line":26,"column":4},"end":{"line":36,"column":null}},"18":{"start":{"line":39,"column":4},"end":{"line":39,"column":null}},"19":{"start":{"line":41,"column":4},"end":{"line":41,"column":null}},"20":{"start":{"line":42,"column":4},"end":{"line":42,"column":null}}},"fnMap":{"0":{"name":"POST","decl":{"start":{"line":8,"column":22},"end":{"line":8,"column":27}},"loc":{"start":{"line":8,"column":39},"end":{"line":44,"column":null}}}},"branchMap":{"0":{"loc":{"start":{"line":10,"column":2},"end":{"line":10,"column":null}},"type":"if","locations":[{"start":{"line":10,"column":2},"end":{"line":10,"column":null}},{"start":{},"end":{}}]},"1":{"loc":{"start":{"line":10,"column":6},"end":{"line":10,"column":27}},"type":"binary-expr","locations":[{"start":{"line":10,"column":6},"end":{"line":10,"column":16}},{"start":{"line":10,"column":16},"end":{"line":10,"column":27}}]},"2":{"loc":{"start":{"line":22,"column":4},"end":{"line":22,"column":null}},"type":"if","locations":[{"start":{"line":22,"column":4},"end":{"line":22,"column":null}},{"start":{},"end":{}}]}},"s":{"0":0,"1":0,"2":0,"3":0,"4":0,"5":0,"6":0,"7":0,"8":0,"9":0,"10":0,"11":0,"12":0,"13":0,"14":0,"15":0,"16":0,"17":0,"18":0,"19":0,"20":0},"f":{"0":0},"b":{"0":[0,0],"1":[0,0],"2":[0,0]}}
,"C:\\Projects\\loteria\\src\\app\\api\\auth\\signup\\route.ts": {"path":"C:\\Projects\\loteria\\src\\app\\api\\auth\\signup\\route.ts","statementMap":{"0":{"start":{"line":9,"column":22},"end":{"line":9,"column":27}},"1":{"start":{"line":6,"column":13},"end":{"line":6,"column":23}},"2":{"start":{"line":1,"column":42},"end":{"line":1,"column":null}},"3":{"start":{"line":2,"column":19},"end":{"line":2,"column":null}},"4":{"start":{"line":3,"column":26},"end":{"line":3,"column":null}},"5":{"start":{"line":6,"column":23},"end":{"line":6,"column":null}},"6":{"start":{"line":10,"column":2},"end":{"line":28,"column":null}},"7":{"start":{"line":11,"column":38},"end":{"line":11,"column":null}},"8":{"start":{"line":12,"column":4},"end":{"line":14,"column":null}},"9":{"start":{"line":13,"column":6},"end":{"line":13,"column":null}},"10":{"start":{"line":16,"column":19},"end":{"line":16,"column":38}},"11":{"start":{"line":17,"column":15},"end":{"line":17,"column":null}},"12":{"start":{"line":18,"column":21},"end":{"line":18,"column":null}},"13":{"start":{"line":19,"column":4},"end":{"line":21,"column":null}},"14":{"start":{"line":20,"column":6},"end":{"line":20,"column":null}},"15":{"start":{"line":22,"column":19},"end":{"line":22,"column":null}},"16":{"start":{"line":23,"column":17},"end":{"line":23,"column":null}},"17":{"start":{"line":24,"column":4},"end":{"line":24,"column":null}},"18":{"start":{"line":26,"column":4},"end":{"line":26,"column":null}},"19":{"start":{"line":27,"column":4},"end":{"line":27,"column":null}}},"fnMap":{"0":{"name":"POST","decl":{"start":{"line":9,"column":22},"end":{"line":9,"column":27}},"loc":{"start":{"line":9,"column":43},"end":{"line":29,"column":null}}}},"branchMap":{"0":{"loc":{"start":{"line":12,"column":4},"end":{"line":14,"column":null}},"type":"if","locations":[{"start":{"line":12,"column":4},"end":{"line":14,"column":null}},{"start":{},"end":{}}]},"1":{"loc":{"start":{"line":12,"column":8},"end":{"line":12,"column":29}},"type":"binary-expr","locations":[{"start":{"line":12,"column":8},"end":{"line":12,"column":18}},{"start":{"line":12,"column":18},"end":{"line":12,"column":29}}]},"2":{"loc":{"start":{"line":19,"column":4},"end":{"line":21,"column":null}},"type":"if","locations":[{"start":{"line":19,"column":4},"end":{"line":21,"column":null}},{"start":{},"end":{}}]}},"s":{"0":0,"1":0,"2":0,"3":0,"4":0,"5":0,"6":0,"7":0,"8":0,"9":0,"10":0,"11":0,"12":0,"13":0,"14":0,"15":0,"16":0,"17":0,"18":0,"19":0},"f":{"0":0},"b":{"0":[0,0],"1":[0,0],"2":[0,0]}}
,"C:\\Projects\\loteria\\src\\app\\api\\auth\\signup-simple\\route.ts": {"path":"C:\\Projects\\loteria\\src\\app\\api\\auth\\signup-simple\\route.ts","statementMap":{"0":{"start":{"line":7,"column":22},"end":{"line":7,"column":27}},"1":{"start":{"line":4,"column":13},"end":{"line":4,"column":23}},"2":{"start":{"line":1,"column":42},"end":{"line":1,"column":null}},"3":{"start":{"line":4,"column":23},"end":{"line":4,"column":null}},"4":{"start":{"line":8,"column":2},"end":{"line":8,"column":null}}},"fnMap":{"0":{"name":"POST","decl":{"start":{"line":7,"column":22},"end":{"line":7,"column":27}},"loc":{"start":{"line":7,"column":43},"end":{"line":9,"column":null}}}},"branchMap":{},"s":{"0":0,"1":0,"2":0,"3":0,"4":0},"f":{"0":0},"b":{}}
,"C:\\Projects\\loteria\\src\\app\\api\\avatar\\route.ts": {"path":"C:\\Projects\\loteria\\src\\app\\api\\avatar\\route.ts","statementMap":{"0":{"start":{"line":8,"column":22},"end":{"line":8,"column":27}},"1":{"start":{"line":6,"column":13},"end":{"line":6,"column":23}},"2":{"start":{"line":1,"column":42},"end":{"line":1,"column":null}},"3":{"start":{"line":2,"column":25},"end":{"line":2,"column":null}},"4":{"start":{"line":3,"column":26},"end":{"line":3,"column":null}},"5":{"start":{"line":4,"column":39},"end":{"line":4,"column":null}},"6":{"start":{"line":6,"column":23},"end":{"line":6,"column":null}},"7":{"start":{"line":9,"column":2},"end":{"line":87,"column":null}},"8":{"start":{"line":11,"column":18},"end":{"line":14,"column":null}},"9":{"start":{"line":16,"column":4},"end":{"line":18,"column":null}},"10":{"start":{"line":17,"column":6},"end":{"line":17,"column":null}},"11":{"start":{"line":20,"column":19},"end":{"line":20,"column":38}},"12":{"start":{"line":21,"column":15},"end":{"line":21,"column":null}},"13":{"start":{"line":23,"column":24},"end":{"line":23,"column":null}},"14":{"start":{"line":25,"column":4},"end":{"line":82,"column":null}},"15":{"start":{"line":27,"column":23},"end":{"line":27,"column":null}},"16":{"start":{"line":28,"column":19},"end":{"line":28,"column":null}},"17":{"start":{"line":30,"column":6},"end":{"line":32,"column":null}},"18":{"start":{"line":31,"column":8},"end":{"line":31,"column":null}},"19":{"start":{"line":36,"column":24},"end":{"line":36,"column":204}},"20":{"start":{"line":39,"column":6},"end":{"line":41,"column":null}},"21":{"start":{"line":44,"column":6},"end":{"line":47,"column":null}},"22":{"start":{"line":51,"column":19},"end":{"line":51,"column":null}},"23":{"start":{"line":52,"column":43},"end":{"line":52,"column":null}},"24":{"start":{"line":54,"column":6},"end":{"line":56,"column":null}},"25":{"start":{"line":55,"column":8},"end":{"line":55,"column":null}},"26":{"start":{"line":59,"column":21},"end":{"line":59,"column":null}},"27":{"start":{"line":60,"column":21},"end":{"line":60,"column":52}},"28":{"start":{"line":63,"column":6},"end":{"line":65,"column":null}},"29":{"start":{"line":64,"column":8},"end":{"line":64,"column":null}},"30":{"start":{"line":68,"column":6},"end":{"line":70,"column":null}},"31":{"start":{"line":69,"column":8},"end":{"line":69,"column":null}},"32":{"start":{"line":73,"column":6},"end":{"line":75,"column":null}},"33":{"start":{"line":78,"column":6},"end":{"line":81,"column":null}},"34":{"start":{"line":85,"column":4},"end":{"line":85,"column":null}},"35":{"start":{"line":86,"column":4},"end":{"line":86,"column":null}}},"fnMap":{"0":{"name":"POST","decl":{"start":{"line":8,"column":22},"end":{"line":8,"column":27}},"loc":{"start":{"line":8,"column":43},"end":{"line":88,"column":null}}}},"branchMap":{"0":{"loc":{"start":{"line":16,"column":4},"end":{"line":18,"column":null}},"type":"if","locations":[{"start":{"line":16,"column":4},"end":{"line":18,"column":null}},{"start":{},"end":{}}]},"1":{"loc":{"start":{"line":25,"column":4},"end":{"line":82,"column":null}},"type":"if","locations":[{"start":{"line":25,"column":4},"end":{"line":82,"column":null}},{"start":{"line":49,"column":11},"end":{"line":82,"column":null}}]},"2":{"loc":{"start":{"line":30,"column":6},"end":{"line":32,"column":null}},"type":"if","locations":[{"start":{"line":30,"column":6},"end":{"line":32,"column":null}},{"start":{},"end":{}}]},"3":{"loc":{"start":{"line":36,"column":79},"end":{"line":36,"column":118}},"type":"binary-expr","locations":[{"start":{"line":36,"column":79},"end":{"line":36,"column":89}},{"start":{"line":36,"column":93},"end":{"line":36,"column":104}},{"start":{"line":36,"column":108},"end":{"line":36,"column":118}}]},"4":{"loc":{"start":{"line":54,"column":6},"end":{"line":56,"column":null}},"type":"if","locations":[{"start":{"line":54,"column":6},"end":{"line":56,"column":null}},{"start":{},"end":{}}]},"5":{"loc":{"start":{"line":59,"column":21},"end":{"line":59,"column":null}},"type":"binary-expr","locations":[{"start":{"line":59,"column":21},"end":{"line":59,"column":37}},{"start":{"line":59,"column":37},"end":{"line":59,"column":null}}]},"6":{"loc":{"start":{"line":63,"column":6},"end":{"line":65,"column":null}},"type":"if","locations":[{"start":{"line":63,"column":6},"end":{"line":65,"column":null}},{"start":{},"end":{}}]},"7":{"loc":{"start":{"line":68,"column":6},"end":{"line":70,"column":null}},"type":"if","locations":[{"start":{"line":68,"column":6},"end":{"line":70,"column":null}},{"start":{},"end":{}}]},"8":{"loc":{"start":{"line":69,"column":75},"end":{"line":69,"column":114}},"type":"binary-expr","locations":[{"start":{"line":69,"column":75},"end":{"line":69,"column":85}},{"start":{"line":69,"column":89},"end":{"line":69,"column":100}},{"start":{"line":69,"column":104},"end":{"line":69,"column":114}}]}},"s":{"0":0,"1":0,"2":0,"3":0,"4":0,"5":0,"6":0,"7":0,"8":0,"9":0,"10":0,"11":0,"12":0,"13":0,"14":0,"15":0,"16":0,"17":0,"18":0,"19":0,"20":0,"21":0,"22":0,"23":0,"24":0,"25":0,"26":0,"27":0,"28":0,"29":0,"30":0,"31":0,"32":0,"33":0,"34":0,"35":0},"f":{"0":0},"b":{"0":[0,0],"1":[0,0],"2":[0,0],"3":[0,0,0],"4":[0,0],"5":[0,0],"6":[0,0],"7":[0,0],"8":[0,0,0]}}
,"C:\\Projects\\loteria\\src\\app\\api\\cards\\route.ts": {"path":"C:\\Projects\\loteria\\src\\app\\api\\cards\\route.ts","statementMap":{"0":{"start":{"line":7,"column":22},"end":{"line":7,"column":26}},"1":{"start":{"line":1,"column":42},"end":{"line":1,"column":null}},"2":{"start":{"line":2,"column":15},"end":{"line":2,"column":null}},"3":{"start":{"line":3,"column":17},"end":{"line":3,"column":null}},"4":{"start":{"line":8,"column":27},"end":{"line":8,"column":null}},"5":{"start":{"line":9,"column":20},"end":{"line":9,"column":null}},"6":{"start":{"line":13,"column":19},"end":{"line":13,"column":null}},"7":{"start":{"line":15,"column":2},"end":{"line":41,"column":null}},"8":{"start":{"line":16,"column":18},"end":{"line":16,"column":null}},"9":{"start":{"line":17,"column":22},"end":{"line":23,"column":null}},"10":{"start":{"line":18,"column":19},"end":{"line":18,"column":null}},"11":{"start":{"line":20,"column":8},"end":{"line":23,"column":null}},"12":{"start":{"line":23,"column":33},"end":{"line":23,"column":null}},"13":{"start":{"line":25,"column":4},"end":{"line":25,"column":null}},"14":{"start":{"line":27,"column":4},"end":{"line":27,"column":null}},"15":{"start":{"line":29,"column":26},"end":{"line":39,"column":null}},"16":{"start":{"line":40,"column":4},"end":{"line":40,"column":null}}},"fnMap":{"0":{"name":"GET","decl":{"start":{"line":7,"column":22},"end":{"line":7,"column":26}},"loc":{"start":{"line":7,"column":46},"end":{"line":42,"column":null}}},"1":{"name":"(anonymous_3)","decl":{"start":{"line":18,"column":14},"end":{"line":18,"column":19}},"loc":{"start":{"line":18,"column":19},"end":{"line":18,"column":null}}},"2":{"name":"(anonymous_4)","decl":{"start":{"line":19,"column":11},"end":{"line":19,"column":null}},"loc":{"start":{"line":20,"column":8},"end":{"line":23,"column":null}}},"3":{"name":"(anonymous_5)","decl":{"start":{"line":23,"column":28},"end":{"line":23,"column":33}},"loc":{"start":{"line":23,"column":33},"end":{"line":23,"column":null}}}},"branchMap":{"0":{"loc":{"start":{"line":9,"column":20},"end":{"line":9,"column":null}},"type":"binary-expr","locations":[{"start":{"line":9,"column":20},"end":{"line":9,"column":53}},{"start":{"line":9,"column":53},"end":{"line":9,"column":null}}]},"1":{"loc":{"start":{"line":18,"column":19},"end":{"line":18,"column":null}},"type":"binary-expr","locations":[{"start":{"line":18,"column":19},"end":{"line":18,"column":41}},{"start":{"line":18,"column":41},"end":{"line":18,"column":null}}]}},"s":{"0":0,"1":0,"2":0,"3":0,"4":0,"5":0,"6":0,"7":0,"8":0,"9":0,"10":0,"11":0,"12":0,"13":0,"14":0,"15":0,"16":0},"f":{"0":0,"1":0,"2":0,"3":0},"b":{"0":[0,0],"1":[0,0]}}
,"C:\\Projects\\loteria\\src\\app\\api\\db-test\\route.ts": {"path":"C:\\Projects\\loteria\\src\\app\\api\\db-test\\route.ts","statementMap":{"0":{"start":{"line":6,"column":22},"end":{"line":6,"column":26}},"1":{"start":{"line":4,"column":13},"end":{"line":4,"column":23}},"2":{"start":{"line":1,"column":42},"end":{"line":1,"column":null}},"3":{"start":{"line":2,"column":26},"end":{"line":2,"column":null}},"4":{"start":{"line":4,"column":23},"end":{"line":4,"column":null}},"5":{"start":{"line":7,"column":2},"end":{"line":40,"column":null}},"6":{"start":{"line":8,"column":19},"end":{"line":8,"column":38}},"7":{"start":{"line":9,"column":15},"end":{"line":9,"column":null}},"8":{"start":{"line":12,"column":22},"end":{"line":12,"column":null}},"9":{"start":{"line":15,"column":22},"end":{"line":17,"column":null}},"10":{"start":{"line":20,"column":24},"end":{"line":22,"column":null}},"11":{"start":{"line":24,"column":4},"end":{"line":33,"column":null}},"12":{"start":{"line":35,"column":4},"end":{"line":35,"column":null}},"13":{"start":{"line":36,"column":4},"end":{"line":39,"column":null}}},"fnMap":{"0":{"name":"GET","decl":{"start":{"line":6,"column":22},"end":{"line":6,"column":26}},"loc":{"start":{"line":6,"column":42},"end":{"line":41,"column":null}}}},"branchMap":{"0":{"loc":{"start":{"line":20,"column":24},"end":{"line":22,"column":null}},"type":"cond-expr","locations":[{"start":{"line":21,"column":8},"end":{"line":21,"column":80}},{"start":{"line":22,"column":8},"end":{"line":22,"column":null}}]},"1":{"loc":{"start":{"line":30,"column":14},"end":{"line":30,"column":null}},"type":"binary-expr","locations":[{"start":{"line":30,"column":14},"end":{"line":30,"column":33}},{"start":{"line":30,"column":33},"end":{"line":30,"column":null}}]},"2":{"loc":{"start":{"line":37,"column":13},"end":{"line":37,"column":null}},"type":"binary-expr","locations":[{"start":{"line":37,"column":13},"end":{"line":37,"column":31}},{"start":{"line":37,"column":31},"end":{"line":37,"column":null}}]}},"s":{"0":0,"1":0,"2":0,"3":0,"4":0,"5":0,"6":0,"7":0,"8":0,"9":0,"10":0,"11":0,"12":0,"13":0},"f":{"0":0},"b":{"0":[0,0],"1":[0,0],"2":[0,0]}}
,"C:\\Projects\\loteria\\src\\app\\api\\generate-board\\route.ts": {"path":"C:\\Projects\\loteria\\src\\app\\api\\generate-board\\route.ts","statementMap":{"0":{"start":{"line":36,"column":22},"end":{"line":36,"column":26}},"1":{"start":{"line":16,"column":13},"end":{"line":16,"column":23}},"2":{"start":{"line":2,"column":17},"end":{"line":2,"column":null}},"3":{"start":{"line":3,"column":31},"end":{"line":3,"column":null}},"4":{"start":{"line":8,"column":0},"end":{"line":14,"column":null}},"5":{"start":{"line":9,"column":23},"end":{"line":9,"column":null}},"6":{"start":{"line":10,"column":2},"end":{"line":10,"column":null}},"7":{"start":{"line":11,"column":2},"end":{"line":11,"column":null}},"8":{"start":{"line":13,"column":2},"end":{"line":13,"column":null}},"9":{"start":{"line":16,"column":23},"end":{"line":16,"column":null}},"10":{"start":{"line":19,"column":22},"end":{"line":24,"column":null}},"11":{"start":{"line":28,"column":2},"end":{"line":33,"column":null}},"12":{"start":{"line":38,"column":2},"end":{"line":46,"column":null}},"13":{"start":{"line":39,"column":4},"end":{"line":44,"column":null}},"14":{"start":{"line":48,"column":27},"end":{"line":48,"column":null}},"15":{"start":{"line":49,"column":16},"end":{"line":49,"column":null}},"16":{"start":{"line":51,"column":2},"end":{"line":115,"column":null}},"17":{"start":{"line":53,"column":17},"end":{"line":53,"column":null}},"18":{"start":{"line":54,"column":17},"end":{"line":54,"column":null}},"19":{"start":{"line":55,"column":18},"end":{"line":55,"column":null}},"20":{"start":{"line":56,"column":18},"end":{"line":56,"column":null}},"21":{"start":{"line":57,"column":19},"end":{"line":57,"column":null}},"22":{"start":{"line":58,"column":19},"end":{"line":58,"column":null}},"23":{"start":{"line":60,"column":19},"end":{"line":60,"column":null}},"24":{"start":{"line":61,"column":16},"end":{"line":61,"column":null}},"25":{"start":{"line":64,"column":4},"end":{"line":97,"column":null}},"26":{"start":{"line":64,"column":17},"end":{"line":64,"column":20}},"27":{"start":{"line":65,"column":16},"end":{"line":65,"column":null}},"28":{"start":{"line":66,"column":16},"end":{"line":66,"column":null}},"29":{"start":{"line":69,"column":6},"end":{"line":69,"column":null}},"30":{"start":{"line":70,"column":6},"end":{"line":70,"column":null}},"31":{"start":{"line":71,"column":6},"end":{"line":71,"column":null}},"32":{"start":{"line":72,"column":6},"end":{"line":72,"column":null}},"33":{"start":{"line":73,"column":6},"end":{"line":73,"column":null}},"34":{"start":{"line":76,"column":23},"end":{"line":76,"column":null}},"35":{"start":{"line":77,"column":22},"end":{"line":77,"column":null}},"36":{"start":{"line":79,"column":6},"end":{"line":90,"column":null}},"37":{"start":{"line":80,"column":8},"end":{"line":80,"column":null}},"38":{"start":{"line":81,"column":20},"end":{"line":81,"column":null}},"39":{"start":{"line":82,"column":8},"end":{"line":82,"column":null}},"40":{"start":{"line":85,"column":8},"end":{"line":85,"column":null}},"41":{"start":{"line":86,"column":8},"end":{"line":86,"column":null}},"42":{"start":{"line":87,"column":8},"end":{"line":87,"column":null}},"43":{"start":{"line":88,"column":8},"end":{"line":88,"column":null}},"44":{"start":{"line":89,"column":8},"end":{"line":89,"column":null}},"45":{"start":{"line":93,"column":6},"end":{"line":93,"column":null}},"46":{"start":{"line":94,"column":6},"end":{"line":94,"column":null}},"47":{"start":{"line":95,"column":6},"end":{"line":95,"column":null}},"48":{"start":{"line":96,"column":6},"end":{"line":96,"column":null}},"49":{"start":{"line":99,"column":19},"end":{"line":99,"column":null}},"50":{"start":{"line":100,"column":4},"end":{"line":105,"column":null}},"51":{"start":{"line":107,"column":4},"end":{"line":107,"column":null}},"52":{"start":{"line":108,"column":4},"end":{"line":113,"column":null}}},"fnMap":{"0":{"name":"wordToFilename","decl":{"start":{"line":26,"column":9},"end":{"line":26,"column":24}},"loc":{"start":{"line":26,"column":36},"end":{"line":34,"column":null}}},"1":{"name":"GET","decl":{"start":{"line":36,"column":22},"end":{"line":36,"column":26}},"loc":{"start":{"line":36,"column":42},"end":{"line":116,"column":null}}}},"branchMap":{"0":{"loc":{"start":{"line":38,"column":2},"end":{"line":46,"column":null}},"type":"if","locations":[{"start":{"line":38,"column":2},"end":{"line":46,"column":null}},{"start":{},"end":{}}]},"1":{"loc":{"start":{"line":38,"column":6},"end":{"line":38,"column":35}},"type":"binary-expr","locations":[{"start":{"line":38,"column":6},"end":{"line":38,"column":23}},{"start":{"line":38,"column":23},"end":{"line":38,"column":35}}]},"2":{"loc":{"start":{"line":49,"column":17},"end":{"line":49,"column":70}},"type":"binary-expr","locations":[{"start":{"line":49,"column":17},"end":{"line":49,"column":58}},{"start":{"line":49,"column":58},"end":{"line":49,"column":70}}]}},"s":{"0":0,"1":0,"2":0,"3":0,"4":0,"5":0,"6":0,"7":0,"8":0,"9":0,"10":0,"11":0,"12":0,"13":0,"14":0,"15":0,"16":0,"17":0,"18":0,"19":0,"20":0,"21":0,"22":0,"23":0,"24":0,"25":0,"26":0,"27":0,"28":0,"29":0,"30":0,"31":0,"32":0,"33":0,"34":0,"35":0,"36":0,"37":0,"38":0,"39":0,"40":0,"41":0,"42":0,"43":0,"44":0,"45":0,"46":0,"47":0,"48":0,"49":0,"50":0,"51":0,"52":0},"f":{"0":0,"1":0},"b":{"0":[0,0],"1":[0,0],"2":[0,0]}}
,"C:\\Projects\\loteria\\src\\app\\api\\generate-card\\route.ts": {"path":"C:\\Projects\\loteria\\src\\app\\api\\generate-card\\route.ts","statementMap":{"0":{"start":{"line":16,"column":22},"end":{"line":16,"column":26}},"1":{"start":{"line":14,"column":13},"end":{"line":14,"column":23}},"2":{"start":{"line":6,"column":0},"end":{"line":12,"column":null}},"3":{"start":{"line":7,"column":23},"end":{"line":7,"column":null}},"4":{"start":{"line":8,"column":2},"end":{"line":8,"column":null}},"5":{"start":{"line":9,"column":2},"end":{"line":9,"column":null}},"6":{"start":{"line":11,"column":2},"end":{"line":11,"column":null}},"7":{"start":{"line":14,"column":23},"end":{"line":14,"column":null}},"8":{"start":{"line":18,"column":2},"end":{"line":26,"column":null}},"9":{"start":{"line":19,"column":4},"end":{"line":24,"column":null}},"10":{"start":{"line":29,"column":27},"end":{"line":29,"column":null}},"11":{"start":{"line":30,"column":15},"end":{"line":30,"column":null}},"12":{"start":{"line":32,"column":2},"end":{"line":75,"column":null}},"13":{"start":{"line":34,"column":18},"end":{"line":34,"column":null}},"14":{"start":{"line":35,"column":19},"end":{"line":35,"column":null}},"15":{"start":{"line":36,"column":19},"end":{"line":36,"column":null}},"16":{"start":{"line":37,"column":16},"end":{"line":37,"column":null}},"17":{"start":{"line":40,"column":4},"end":{"line":40,"column":null}},"18":{"start":{"line":41,"column":4},"end":{"line":41,"column":null}},"19":{"start":{"line":44,"column":4},"end":{"line":44,"column":null}},"20":{"start":{"line":45,"column":4},"end":{"line":45,"column":null}},"21":{"start":{"line":46,"column":4},"end":{"line":46,"column":null}},"22":{"start":{"line":49,"column":4},"end":{"line":49,"column":null}},"23":{"start":{"line":50,"column":4},"end":{"line":50,"column":null}},"24":{"start":{"line":51,"column":4},"end":{"line":51,"column":null}},"25":{"start":{"line":52,"column":4},"end":{"line":52,"column":null}},"26":{"start":{"line":59,"column":19},"end":{"line":59,"column":null}},"27":{"start":{"line":60,"column":4},"end":{"line":65,"column":null}},"28":{"start":{"line":67,"column":4},"end":{"line":67,"column":null}},"29":{"start":{"line":68,"column":4},"end":{"line":73,"column":null}}},"fnMap":{"0":{"name":"GET","decl":{"start":{"line":16,"column":22},"end":{"line":16,"column":26}},"loc":{"start":{"line":16,"column":42},"end":{"line":76,"column":null}}}},"branchMap":{"0":{"loc":{"start":{"line":18,"column":2},"end":{"line":26,"column":null}},"type":"if","locations":[{"start":{"line":18,"column":2},"end":{"line":26,"column":null}},{"start":{},"end":{}}]},"1":{"loc":{"start":{"line":30,"column":15},"end":{"line":30,"column":null}},"type":"binary-expr","locations":[{"start":{"line":30,"column":15},"end":{"line":30,"column":43}},{"start":{"line":30,"column":43},"end":{"line":30,"column":null}}]}},"s":{"0":0,"1":0,"2":0,"3":0,"4":0,"5":0,"6":0,"7":0,"8":0,"9":0,"10":0,"11":0,"12":0,"13":0,"14":0,"15":0,"16":0,"17":0,"18":0,"19":0,"20":0,"21":0,"22":0,"23":0,"24":0,"25":0,"26":0,"27":0,"28":0,"29":0},"f":{"0":0},"b":{"0":[0,0],"1":[0,0]}}
,"C:\\Projects\\loteria\\src\\app\\api\\health\\route.ts": {"path":"C:\\Projects\\loteria\\src\\app\\api\\health\\route.ts","statementMap":{"0":{"start":{"line":7,"column":22},"end":{"line":7,"column":null}},"1":{"start":{"line":5,"column":13},"end":{"line":5,"column":23}},"2":{"start":{"line":1,"column":29},"end":{"line":1,"column":null}},"3":{"start":{"line":2,"column":26},"end":{"line":2,"column":null}},"4":{"start":{"line":5,"column":23},"end":{"line":5,"column":null}},"5":{"start":{"line":8,"column":2},"end":{"line":47,"column":null}},"6":{"start":{"line":9,"column":4},"end":{"line":9,"column":null}},"7":{"start":{"line":11,"column":19},"end":{"line":11,"column":38}},"8":{"start":{"line":12,"column":15},"end":{"line":12,"column":null}},"9":{"start":{"line":14,"column":4},"end":{"line":14,"column":null}},"10":{"start":{"line":15,"column":4},"end":{"line":15,"column":null}},"11":{"start":{"line":16,"column":4},"end":{"line":26,"column":null}},"12":{"start":{"line":28,"column":4},"end":{"line":28,"column":null}},"13":{"start":{"line":29,"column":25},"end":{"line":29,"column":null}},"14":{"start":{"line":30,"column":23},"end":{"line":30,"column":null}},"15":{"start":{"line":32,"column":4},"end":{"line":46,"column":null}}},"fnMap":{"0":{"name":"GET","decl":{"start":{"line":7,"column":22},"end":{"line":7,"column":null}},"loc":{"start":{"line":7,"column":22},"end":{"line":48,"column":null}}}},"branchMap":{"0":{"loc":{"start":{"line":24,"column":28},"end":{"line":24,"column":null}},"type":"binary-expr","locations":[{"start":{"line":24,"column":28},"end":{"line":24,"column":81}},{"start":{"line":24,"column":81},"end":{"line":24,"column":null}}]},"1":{"loc":{"start":{"line":29,"column":25},"end":{"line":29,"column":null}},"type":"cond-expr","locations":[{"start":{"line":29,"column":50},"end":{"line":29,"column":63}},{"start":{"line":29,"column":66},"end":{"line":29,"column":null}}]},"2":{"loc":{"start":{"line":30,"column":23},"end":{"line":30,"column":null}},"type":"binary-expr","locations":[{"start":{"line":30,"column":23},"end":{"line":30,"column":55}},{"start":{"line":30,"column":55},"end":{"line":30,"column":87}},{"start":{"line":30,"column":87},"end":{"line":30,"column":null}}]},"3":{"loc":{"start":{"line":36,"column":18},"end":{"line":36,"column":null}},"type":"cond-expr","locations":[{"start":{"line":36,"column":31},"end":{"line":36,"column":60}},{"start":{"line":36,"column":60},"end":{"line":36,"column":null}}]},"4":{"loc":{"start":{"line":41,"column":16},"end":{"line":45,"column":null}},"type":"cond-expr","locations":[{"start":{"line":41,"column":29},"end":{"line":45,"column":10}},{"start":{"line":45,"column":10},"end":{"line":45,"column":null}}]}},"s":{"0":0,"1":0,"2":0,"3":0,"4":0,"5":0,"6":0,"7":0,"8":0,"9":0,"10":0,"11":0,"12":0,"13":0,"14":0,"15":0},"f":{"0":0},"b":{"0":[0,0],"1":[0,0],"2":[0,0,0],"3":[0,0],"4":[0,0]}}
,"C:\\Projects\\loteria\\src\\app\\api\\lobbies\\route.ts": {"path":"C:\\Projects\\loteria\\src\\app\\api\\lobbies\\route.ts","statementMap":{"0":{"start":{"line":8,"column":22},"end":{"line":8,"column":26}},"1":{"start":{"line":25,"column":22},"end":{"line":25,"column":27}},"2":{"start":{"line":2,"column":29},"end":{"line":2,"column":null}},"3":{"start":{"line":5,"column":88},"end":{"line":5,"column":90}},"4":{"start":{"line":10,"column":14},"end":{"line":10,"column":null}},"5":{"start":{"line":11,"column":15},"end":{"line":11,"column":null}},"6":{"start":{"line":12,"column":2},"end":{"line":19,"column":null}},"7":{"start":{"line":13,"column":18},"end":{"line":13,"column":null}},"8":{"start":{"line":13,"column":36},"end":{"line":13,"column":null}},"9":{"start":{"line":14,"column":4},"end":{"line":17,"column":null}},"10":{"start":{"line":16,"column":6},"end":{"line":16,"column":null}},"11":{"start":{"line":18,"column":4},"end":{"line":18,"column":null}},"12":{"start":{"line":21,"column":2},"end":{"line":21,"column":null}},"13":{"start":{"line":26,"column":34},"end":{"line":26,"column":null}},"14":{"start":{"line":27,"column":2},"end":{"line":29,"column":null}},"15":{"start":{"line":28,"column":4},"end":{"line":28,"column":null}},"16":{"start":{"line":31,"column":14},"end":{"line":31,"column":null}},"17":{"start":{"line":31,"column":32},"end":{"line":31,"column":null}},"18":{"start":{"line":32,"column":2},"end":{"line":43,"column":null}},"19":{"start":{"line":34,"column":4},"end":{"line":34,"column":null}},"20":{"start":{"line":35,"column":4},"end":{"line":35,"column":null}},"21":{"start":{"line":38,"column":4},"end":{"line":38,"column":null}},"22":{"start":{"line":40,"column":4},"end":{"line":42,"column":null}},"23":{"start":{"line":41,"column":6},"end":{"line":41,"column":null}},"24":{"start":{"line":44,"column":2},"end":{"line":44,"column":null}}},"fnMap":{"0":{"name":"GET","decl":{"start":{"line":8,"column":22},"end":{"line":8,"column":26}},"loc":{"start":{"line":8,"column":38},"end":{"line":22,"column":null}}},"1":{"name":"(anonymous_4)","decl":{"start":{"line":13,"column":31},"end":{"line":13,"column":36}},"loc":{"start":{"line":13,"column":36},"end":{"line":13,"column":null}}},"2":{"name":"POST","decl":{"start":{"line":25,"column":22},"end":{"line":25,"column":27}},"loc":{"start":{"line":25,"column":39},"end":{"line":45,"column":null}}},"3":{"name":"(anonymous_6)","decl":{"start":{"line":31,"column":27},"end":{"line":31,"column":32}},"loc":{"start":{"line":31,"column":32},"end":{"line":31,"column":null}}}},"branchMap":{"0":{"loc":{"start":{"line":10,"column":14},"end":{"line":10,"column":null}},"type":"cond-expr","locations":[{"start":{"line":10,"column":24},"end":{"line":10,"column":63}},{"start":{"line":10,"column":63},"end":{"line":10,"column":null}}]},"1":{"loc":{"start":{"line":12,"column":2},"end":{"line":19,"column":null}},"type":"if","locations":[{"start":{"line":12,"column":2},"end":{"line":19,"column":null}},{"start":{},"end":{}}]},"2":{"loc":{"start":{"line":14,"column":4},"end":{"line":17,"column":null}},"type":"if","locations":[{"start":{"line":14,"column":4},"end":{"line":17,"column":null}},{"start":{},"end":{}}]},"3":{"loc":{"start":{"line":27,"column":2},"end":{"line":29,"column":null}},"type":"if","locations":[{"start":{"line":27,"column":2},"end":{"line":29,"column":null}},{"start":{},"end":{}}]},"4":{"loc":{"start":{"line":27,"column":6},"end":{"line":27,"column":52}},"type":"binary-expr","locations":[{"start":{"line":27,"column":6},"end":{"line":27,"column":15}},{"start":{"line":27,"column":15},"end":{"line":27,"column":27}},{"start":{"line":27,"column":27},"end":{"line":27,"column":52}}]},"5":{"loc":{"start":{"line":32,"column":2},"end":{"line":43,"column":null}},"type":"if","locations":[{"start":{"line":32,"column":2},"end":{"line":43,"column":null}},{"start":{"line":36,"column":9},"end":{"line":43,"column":null}}]},"6":{"loc":{"start":{"line":34,"column":49},"end":{"line":34,"column":67}},"type":"binary-expr","locations":[{"start":{"line":34,"column":49},"end":{"line":34,"column":57}},{"start":{"line":34,"column":57},"end":{"line":34,"column":67}}]},"7":{"loc":{"start":{"line":40,"column":4},"end":{"line":42,"column":null}},"type":"if","locations":[{"start":{"line":40,"column":4},"end":{"line":42,"column":null}},{"start":{},"end":{}}]},"8":{"loc":{"start":{"line":40,"column":8},"end":{"line":40,"column":27}},"type":"binary-expr","locations":[{"start":{"line":40,"column":8},"end":{"line":40,"column":16}},{"start":{"line":40,"column":16},"end":{"line":40,"column":27}}]}},"s":{"0":0,"1":0,"2":0,"3":0,"4":0,"5":0,"6":0,"7":0,"8":0,"9":0,"10":0,"11":0,"12":0,"13":0,"14":0,"15":0,"16":0,"17":0,"18":0,"19":0,"20":0,"21":0,"22":0,"23":0,"24":0},"f":{"0":0,"1":0,"2":0,"3":0},"b":{"0":[0,0],"1":[0,0],"2":[0,0],"3":[0,0],"4":[0,0,0],"5":[0,0],"6":[0,0],"7":[0,0],"8":[0,0]}}
,"C:\\Projects\\loteria\\src\\app\\api\\profile\\route.ts": {"path":"C:\\Projects\\loteria\\src\\app\\api\\profile\\route.ts","statementMap":{"0":{"start":{"line":9,"column":22},"end":{"line":9,"column":26}},"1":{"start":{"line":7,"column":13},"end":{"line":7,"column":23}},"2":{"start":{"line":1,"column":42},"end":{"line":1,"column":null}},"3":{"start":{"line":2,"column":25},"end":{"line":2,"column":null}},"4":{"start":{"line":3,"column":33},"end":{"line":3,"column":null}},"5":{"start":{"line":4,"column":28},"end":{"line":4,"column":null}},"6":{"start":{"line":5,"column":26},"end":{"line":5,"column":null}},"7":{"start":{"line":7,"column":23},"end":{"line":7,"column":null}},"8":{"start":{"line":10,"column":2},"end":{"line":103,"column":null}},"9":{"start":{"line":11,"column":4},"end":{"line":11,"column":null}},"10":{"start":{"line":12,"column":4},"end":{"line":12,"column":null}},"11":{"start":{"line":15,"column":25},"end":{"line":15,"column":null}},"12":{"start":{"line":16,"column":4},"end":{"line":16,"column":null}},"13":{"start":{"line":19,"column":20},"end":{"line":24,"column":null}},"14":{"start":{"line":21,"column":32},"end":{"line":21,"column":null}},"15":{"start":{"line":22,"column":8},"end":{"line":22,"column":null}},"16":{"start":{"line":25,"column":4},"end":{"line":25,"column":null}},"17":{"start":{"line":28,"column":20},"end":{"line":28,"column":null}},"18":{"start":{"line":31,"column":32},"end":{"line":36,"column":null}},"19":{"start":{"line":38,"column":4},"end":{"line":58,"column":null}},"20":{"start":{"line":39,"column":6},"end":{"line":57,"column":null}},"21":{"start":{"line":40,"column":8},"end":{"line":40,"column":null}},"22":{"start":{"line":41,"column":8},"end":{"line":56,"column":null}},"23":{"start":{"line":42,"column":24},"end":{"line":46,"column":null}},"24":{"start":{"line":48,"column":10},"end":{"line":48,"column":null}},"25":{"start":{"line":49,"column":10},"end":{"line":53,"column":null}},"26":{"start":{"line":50,"column":12},"end":{"line":50,"column":null}},"27":{"start":{"line":51,"column":12},"end":{"line":51,"column":null}},"28":{"start":{"line":52,"column":12},"end":{"line":52,"column":null}},"29":{"start":{"line":55,"column":10},"end":{"line":55,"column":null}},"30":{"start":{"line":61,"column":4},"end":{"line":72,"column":null}},"31":{"start":{"line":62,"column":6},"end":{"line":71,"column":null}},"32":{"start":{"line":63,"column":24},"end":{"line":63,"column":null}},"33":{"start":{"line":64,"column":8},"end":{"line":64,"column":null}},"34":{"start":{"line":65,"column":8},"end":{"line":68,"column":null}},"35":{"start":{"line":66,"column":10},"end":{"line":66,"column":null}},"36":{"start":{"line":67,"column":10},"end":{"line":67,"column":null}},"37":{"start":{"line":70,"column":8},"end":{"line":70,"column":null}},"38":{"start":{"line":74,"column":4},"end":{"line":83,"column":null}},"39":{"start":{"line":75,"column":6},"end":{"line":75,"column":null}},"40":{"start":{"line":76,"column":6},"end":{"line":82,"column":null}},"41":{"start":{"line":85,"column":19},"end":{"line":85,"column":38}},"42":{"start":{"line":86,"column":15},"end":{"line":86,"column":null}},"43":{"start":{"line":88,"column":21},"end":{"line":90,"column":null}},"44":{"start":{"line":93,"column":4},"end":{"line":93,"column":null}},"45":{"start":{"line":95,"column":4},"end":{"line":97,"column":null}},"46":{"start":{"line":96,"column":6},"end":{"line":96,"column":null}},"47":{"start":{"line":99,"column":4},"end":{"line":99,"column":null}},"48":{"start":{"line":101,"column":4},"end":{"line":101,"column":null}},"49":{"start":{"line":102,"column":4},"end":{"line":102,"column":null}}},"fnMap":{"0":{"name":"GET","decl":{"start":{"line":9,"column":22},"end":{"line":9,"column":26}},"loc":{"start":{"line":9,"column":42},"end":{"line":104,"column":null}}},"1":{"name":"(anonymous_5)","decl":{"start":{"line":20,"column":35},"end":{"line":20,"column":null}},"loc":{"start":{"line":20,"column":35},"end":{"line":23,"column":null}}}},"branchMap":{"0":{"loc":{"start":{"line":19,"column":20},"end":{"line":24,"column":null}},"type":"cond-expr","locations":[{"start":{"line":19,"column":35},"end":{"line":23,"column":null}},{"start":{"line":24,"column":8},"end":{"line":24,"column":null}}]},"1":{"loc":{"start":{"line":39,"column":6},"end":{"line":57,"column":null}},"type":"if","locations":[{"start":{"line":39,"column":6},"end":{"line":57,"column":null}},{"start":{},"end":{}}]},"2":{"loc":{"start":{"line":48,"column":69},"end":{"line":48,"column":null}},"type":"cond-expr","locations":[{"start":{"line":48,"column":77},"end":{"line":48,"column":87}},{"start":{"line":48,"column":87},"end":{"line":48,"column":null}}]},"3":{"loc":{"start":{"line":49,"column":10},"end":{"line":53,"column":null}},"type":"if","locations":[{"start":{"line":49,"column":10},"end":{"line":53,"column":null}},{"start":{},"end":{}}]},"4":{"loc":{"start":{"line":61,"column":4},"end":{"line":72,"column":null}},"type":"if","locations":[{"start":{"line":61,"column":4},"end":{"line":72,"column":null}},{"start":{},"end":{}}]},"5":{"loc":{"start":{"line":64,"column":53},"end":{"line":64,"column":null}},"type":"cond-expr","locations":[{"start":{"line":64,"column":63},"end":{"line":64,"column":73}},{"start":{"line":64,"column":73},"end":{"line":64,"column":null}}]},"6":{"loc":{"start":{"line":65,"column":8},"end":{"line":68,"column":null}},"type":"if","locations":[{"start":{"line":65,"column":8},"end":{"line":68,"column":null}},{"start":{},"end":{}}]},"7":{"loc":{"start":{"line":74,"column":4},"end":{"line":83,"column":null}},"type":"if","locations":[{"start":{"line":74,"column":4},"end":{"line":83,"column":null}},{"start":{},"end":{}}]},"8":{"loc":{"start":{"line":93,"column":50},"end":{"line":93,"column":null}},"type":"cond-expr","locations":[{"start":{"line":93,"column":61},"end":{"line":93,"column":69}},{"start":{"line":93,"column":69},"end":{"line":93,"column":null}}]},"9":{"loc":{"start":{"line":95,"column":4},"end":{"line":97,"column":null}},"type":"if","locations":[{"start":{"line":95,"column":4},"end":{"line":97,"column":null}},{"start":{},"end":{}}]}},"s":{"0":0,"1":0,"2":0,"3":0,"4":0,"5":0,"6":0,"7":0,"8":0,"9":0,"10":0,"11":0,"12":0,"13":0,"14":0,"15":0,"16":0,"17":0,"18":0,"19":0,"20":0,"21":0,"22":0,"23":0,"24":0,"25":0,"26":0,"27":0,"28":0,"29":0,"30":0,"31":0,"32":0,"33":0,"34":0,"35":0,"36":0,"37":0,"38":0,"39":0,"40":0,"41":0,"42":0,"43":0,"44":0,"45":0,"46":0,"47":0,"48":0,"49":0},"f":{"0":0,"1":0},"b":{"0":[0,0],"1":[0,0],"2":[0,0],"3":[0,0],"4":[0,0],"5":[0,0],"6":[0,0],"7":[0,0],"8":[0,0],"9":[0,0]}}
,"C:\\Projects\\loteria\\src\\app\\api\\profile\\avatar\\route.ts": {"path":"C:\\Projects\\loteria\\src\\app\\api\\profile\\avatar\\route.ts","statementMap":{"0":{"start":{"line":24,"column":22},"end":{"line":24,"column":27}},"1":{"start":{"line":10,"column":13},"end":{"line":10,"column":23}},"2":{"start":{"line":1,"column":42},"end":{"line":1,"column":null}},"3":{"start":{"line":2,"column":37},"end":{"line":2,"column":null}},"4":{"start":{"line":3,"column":26},"end":{"line":3,"column":null}},"5":{"start":{"line":5,"column":27},"end":{"line":5,"column":null}},"6":{"start":{"line":6,"column":15},"end":{"line":6,"column":null}},"7":{"start":{"line":7,"column":17},"end":{"line":7,"column":null}},"8":{"start":{"line":10,"column":23},"end":{"line":10,"column":null}},"9":{"start":{"line":14,"column":2},"end":{"line":21,"column":null}},"10":{"start":{"line":15,"column":25},"end":{"line":15,"column":null}},"11":{"start":{"line":16,"column":21},"end":{"line":16,"column":null}},"12":{"start":{"line":17,"column":4},"end":{"line":17,"column":null}},"13":{"start":{"line":19,"column":4},"end":{"line":19,"column":null}},"14":{"start":{"line":20,"column":4},"end":{"line":20,"column":null}},"15":{"start":{"line":25,"column":15},"end":{"line":25,"column":null}},"16":{"start":{"line":27,"column":2},"end":{"line":29,"column":null}},"17":{"start":{"line":28,"column":4},"end":{"line":28,"column":null}},"18":{"start":{"line":31,"column":2},"end":{"line":230,"column":null}},"19":{"start":{"line":32,"column":24},"end":{"line":32,"column":null}},"20":{"start":{"line":35,"column":4},"end":{"line":152,"column":null}},"21":{"start":{"line":36,"column":19},"end":{"line":36,"column":null}},"22":{"start":{"line":38,"column":6},"end":{"line":151,"column":null}},"23":{"start":{"line":39,"column":25},"end":{"line":39,"column":null}},"24":{"start":{"line":40,"column":23},"end":{"line":40,"column":null}},"25":{"start":{"line":42,"column":8},"end":{"line":44,"column":null}},"26":{"start":{"line":43,"column":10},"end":{"line":43,"column":null}},"27":{"start":{"line":47,"column":26},"end":{"line":47,"column":null}},"28":{"start":{"line":49,"column":8},"end":{"line":62,"column":null}},"29":{"start":{"line":51,"column":10},"end":{"line":51,"column":null}},"30":{"start":{"line":54,"column":32},"end":{"line":60,"column":null}},"31":{"start":{"line":61,"column":10},"end":{"line":61,"column":null}},"32":{"start":{"line":64,"column":8},"end":{"line":150,"column":null}},"33":{"start":{"line":66,"column":27},"end":{"line":66,"column":null}},"34":{"start":{"line":67,"column":10},"end":{"line":67,"column":null}},"35":{"start":{"line":68,"column":10},"end":{"line":68,"column":null}},"36":{"start":{"line":69,"column":10},"end":{"line":69,"column":null}},"37":{"start":{"line":70,"column":10},"end":{"line":70,"column":null}},"38":{"start":{"line":72,"column":27},"end":{"line":78,"column":null}},"39":{"start":{"line":80,"column":25},"end":{"line":80,"column":null}},"40":{"start":{"line":82,"column":10},"end":{"line":122,"column":null}},"41":{"start":{"line":84,"column":32},"end":{"line":84,"column":null}},"42":{"start":{"line":85,"column":29},"end":{"line":85,"column":101}},"43":{"start":{"line":87,"column":12},"end":{"line":118,"column":null}},"44":{"start":{"line":89,"column":37},"end":{"line":103,"column":null}},"45":{"start":{"line":90,"column":16},"end":{"line":102,"column":null}},"46":{"start":{"line":99,"column":20},"end":{"line":100,"column":null}},"47":{"start":{"line":99,"column":31},"end":{"line":99,"column":null}},"48":{"start":{"line":100,"column":25},"end":{"line":100,"column":null}},"49":{"start":{"line":105,"column":14},"end":{"line":105,"column":null}},"50":{"start":{"line":106,"column":14},"end":{"line":106,"column":null}},"51":{"start":{"line":108,"column":14},"end":{"line":108,"column":null}},"52":{"start":{"line":110,"column":32},"end":{"line":110,"column":null}},"53":{"start":{"line":111,"column":33},"end":{"line":111,"column":null}},"54":{"start":{"line":112,"column":14},"end":{"line":114,"column":null}},"55":{"start":{"line":113,"column":16},"end":{"line":113,"column":null}},"56":{"start":{"line":115,"column":14},"end":{"line":115,"column":null}},"57":{"start":{"line":116,"column":14},"end":{"line":116,"column":null}},"58":{"start":{"line":117,"column":14},"end":{"line":117,"column":null}},"59":{"start":{"line":120,"column":30},"end":{"line":120,"column":null}},"60":{"start":{"line":121,"column":12},"end":{"line":121,"column":null}},"61":{"start":{"line":125,"column":10},"end":{"line":131,"column":null}},"62":{"start":{"line":126,"column":27},"end":{"line":126,"column":null}},"63":{"start":{"line":127,"column":32},"end":{"line":127,"column":81}},"64":{"start":{"line":128,"column":25},"end":{"line":128,"column":null}},"65":{"start":{"line":129,"column":12},"end":{"line":129,"column":null}},"66":{"start":{"line":130,"column":12},"end":{"line":130,"column":null}},"67":{"start":{"line":133,"column":10},"end":{"line":135,"column":null}},"68":{"start":{"line":134,"column":12},"end":{"line":134,"column":null}},"69":{"start":{"line":138,"column":25},"end":{"line":138,"column":44}},"70":{"start":{"line":139,"column":21},"end":{"line":139,"column":null}},"71":{"start":{"line":141,"column":10},"end":{"line":143,"column":null}},"72":{"start":{"line":146,"column":10},"end":{"line":146,"column":null}},"73":{"start":{"line":148,"column":10},"end":{"line":148,"column":null}},"74":{"start":{"line":149,"column":10},"end":{"line":149,"column":null}},"75":{"start":{"line":155,"column":4},"end":{"line":223,"column":null}},"76":{"start":{"line":156,"column":23},"end":{"line":156,"column":null}},"77":{"start":{"line":157,"column":19},"end":{"line":157,"column":null}},"78":{"start":{"line":159,"column":6},"end":{"line":161,"column":null}},"79":{"start":{"line":160,"column":8},"end":{"line":160,"column":null}},"80":{"start":{"line":163,"column":6},"end":{"line":222,"column":null}},"81":{"start":{"line":165,"column":28},"end":{"line":165,"column":null}},"82":{"start":{"line":166,"column":23},"end":{"line":166,"column":null}},"83":{"start":{"line":169,"column":25},"end":{"line":169,"column":97}},"84":{"start":{"line":171,"column":23},"end":{"line":171,"column":null}},"85":{"start":{"line":173,"column":8},"end":{"line":203,"column":null}},"86":{"start":{"line":175,"column":33},"end":{"line":188,"column":null}},"87":{"start":{"line":176,"column":12},"end":{"line":187,"column":null}},"88":{"start":{"line":184,"column":16},"end":{"line":185,"column":null}},"89":{"start":{"line":184,"column":27},"end":{"line":184,"column":null}},"90":{"start":{"line":185,"column":21},"end":{"line":185,"column":null}},"91":{"start":{"line":190,"column":10},"end":{"line":190,"column":null}},"92":{"start":{"line":191,"column":10},"end":{"line":191,"column":null}},"93":{"start":{"line":193,"column":10},"end":{"line":193,"column":null}},"94":{"start":{"line":195,"column":28},"end":{"line":195,"column":null}},"95":{"start":{"line":196,"column":29},"end":{"line":196,"column":null}},"96":{"start":{"line":197,"column":10},"end":{"line":199,"column":null}},"97":{"start":{"line":198,"column":12},"end":{"line":198,"column":null}},"98":{"start":{"line":200,"column":10},"end":{"line":200,"column":null}},"99":{"start":{"line":201,"column":10},"end":{"line":201,"column":null}},"100":{"start":{"line":202,"column":10},"end":{"line":202,"column":null}},"101":{"start":{"line":205,"column":8},"end":{"line":207,"column":null}},"102":{"start":{"line":206,"column":10},"end":{"line":206,"column":null}},"103":{"start":{"line":210,"column":23},"end":{"line":210,"column":42}},"104":{"start":{"line":211,"column":19},"end":{"line":211,"column":null}},"105":{"start":{"line":213,"column":8},"end":{"line":215,"column":null}},"106":{"start":{"line":218,"column":8},"end":{"line":218,"column":null}},"107":{"start":{"line":220,"column":8},"end":{"line":220,"column":null}},"108":{"start":{"line":221,"column":8},"end":{"line":221,"column":null}},"109":{"start":{"line":225,"column":4},"end":{"line":225,"column":null}},"110":{"start":{"line":228,"column":4},"end":{"line":228,"column":null}},"111":{"start":{"line":229,"column":4},"end":{"line":229,"column":null}}},"fnMap":{"0":{"name":"getAdminSettings","decl":{"start":{"line":13,"column":9},"end":{"line":13,"column":null}},"loc":{"start":{"line":13,"column":9},"end":{"line":22,"column":null}}},"1":{"name":"POST","decl":{"start":{"line":24,"column":22},"end":{"line":24,"column":27}},"loc":{"start":{"line":24,"column":47},"end":{"line":231,"column":null}}},"2":{"name":"(anonymous_6)","decl":{"start":{"line":89,"column":55},"end":{"line":89,"column":56}},"loc":{"start":{"line":89,"column":65},"end":{"line":103,"column":null}}},"3":{"name":"(anonymous_7)","decl":{"start":{"line":98,"column":18},"end":{"line":98,"column":19}},"loc":{"start":{"line":98,"column":26},"end":{"line":101,"column":null}}},"4":{"name":"(anonymous_8)","decl":{"start":{"line":175,"column":51},"end":{"line":175,"column":52}},"loc":{"start":{"line":175,"column":61},"end":{"line":188,"column":null}}},"5":{"name":"(anonymous_9)","decl":{"start":{"line":183,"column":14},"end":{"line":183,"column":15}},"loc":{"start":{"line":183,"column":22},"end":{"line":186,"column":null}}}},"branchMap":{"0":{"loc":{"start":{"line":27,"column":2},"end":{"line":29,"column":null}},"type":"if","locations":[{"start":{"line":27,"column":2},"end":{"line":29,"column":null}},{"start":{},"end":{}}]},"1":{"loc":{"start":{"line":35,"column":4},"end":{"line":152,"column":null}},"type":"if","locations":[{"start":{"line":35,"column":4},"end":{"line":152,"column":null}},{"start":{},"end":{}}]},"2":{"loc":{"start":{"line":38,"column":6},"end":{"line":151,"column":null}},"type":"if","locations":[{"start":{"line":38,"column":6},"end":{"line":151,"column":null}},{"start":{},"end":{}}]},"3":{"loc":{"start":{"line":42,"column":8},"end":{"line":44,"column":null}},"type":"if","locations":[{"start":{"line":42,"column":8},"end":{"line":44,"column":null}},{"start":{},"end":{}}]},"4":{"loc":{"start":{"line":49,"column":8},"end":{"line":62,"column":null}},"type":"if","locations":[{"start":{"line":49,"column":8},"end":{"line":62,"column":null}},{"start":{"line":52,"column":15},"end":{"line":62,"column":null}}]},"5":{"loc":{"start":{"line":49,"column":12},"end":{"line":49,"column":59}},"type":"binary-expr","locations":[{"start":{"line":49,"column":12},"end":{"line":49,"column":29}},{"start":{"line":49,"column":33},"end":{"line":49,"column":59}}]},"6":{"loc":{"start":{"line":82,"column":10},"end":{"line":122,"column":null}},"type":"if","locations":[{"start":{"line":82,"column":10},"end":{"line":122,"column":null}},{"start":{"line":119,"column":17},"end":{"line":122,"column":null}}]},"7":{"loc":{"start":{"line":99,"column":20},"end":{"line":100,"column":null}},"type":"if","locations":[{"start":{"line":99,"column":20},"end":{"line":100,"column":null}},{"start":{"line":100,"column":25},"end":{"line":100,"column":null}}]},"8":{"loc":{"start":{"line":112,"column":14},"end":{"line":114,"column":null}},"type":"if","locations":[{"start":{"line":112,"column":14},"end":{"line":114,"column":null}},{"start":{},"end":{}}]},"9":{"loc":{"start":{"line":125,"column":10},"end":{"line":131,"column":null}},"type":"if","locations":[{"start":{"line":125,"column":10},"end":{"line":131,"column":null}},{"start":{},"end":{}}]},"10":{"loc":{"start":{"line":133,"column":10},"end":{"line":135,"column":null}},"type":"if","locations":[{"start":{"line":133,"column":10},"end":{"line":135,"column":null}},{"start":{},"end":{}}]},"11":{"loc":{"start":{"line":155,"column":4},"end":{"line":223,"column":null}},"type":"if","locations":[{"start":{"line":155,"column":4},"end":{"line":223,"column":null}},{"start":{},"end":{}}]},"12":{"loc":{"start":{"line":159,"column":6},"end":{"line":161,"column":null}},"type":"if","locations":[{"start":{"line":159,"column":6},"end":{"line":161,"column":null}},{"start":{},"end":{}}]},"13":{"loc":{"start":{"line":184,"column":16},"end":{"line":185,"column":null}},"type":"if","locations":[{"start":{"line":184,"column":16},"end":{"line":185,"column":null}},{"start":{"line":185,"column":21},"end":{"line":185,"column":null}}]},"14":{"loc":{"start":{"line":197,"column":10},"end":{"line":199,"column":null}},"type":"if","locations":[{"start":{"line":197,"column":10},"end":{"line":199,"column":null}},{"start":{},"end":{}}]},"15":{"loc":{"start":{"line":205,"column":8},"end":{"line":207,"column":null}},"type":"if","locations":[{"start":{"line":205,"column":8},"end":{"line":207,"column":null}},{"start":{},"end":{}}]}},"s":{"0":0,"1":0,"2":0,"3":0,"4":0,"5":0,"6":0,"7":0,"8":0,"9":0,"10":0,"11":0,"12":0,"13":0,"14":0,"15":0,"16":0,"17":0,"18":0,"19":0,"20":0,"21":0,"22":0,"23":0,"24":0,"25":0,"26":0,"27":0,"28":0,"29":0,"30":0,"31":0,"32":0,"33":0,"34":0,"35":0,"36":0,"37":0,"38":0,"39":0,"40":0,"41":0,"42":0,"43":0,"44":0,"45":0,"46":0,"47":0,"48":0,"49":0,"50":0,"51":0,"52":0,"53":0,"54":0,"55":0,"56":0,"57":0,"58":0,"59":0,"60":0,"61":0,"62":0,"63":0,"64":0,"65":0,"66":0,"67":0,"68":0,"69":0,"70":0,"71":0,"72":0,"73":0,"74":0,"75":0,"76":0,"77":0,"78":0,"79":0,"80":0,"81":0,"82":0,"83":0,"84":0,"85":0,"86":0,"87":0,"88":0,"89":0,"90":0,"91":0,"92":0,"93":0,"94":0,"95":0,"96":0,"97":0,"98":0,"99":0,"100":0,"101":0,"102":0,"103":0,"104":0,"105":0,"106":0,"107":0,"108":0,"109":0,"110":0,"111":0},"f":{"0":0,"1":0,"2":0,"3":0,"4":0,"5":0},"b":{"0":[0,0],"1":[0,0],"2":[0,0],"3":[0,0],"4":[0,0],"5":[0,0],"6":[0,0],"7":[0,0],"8":[0,0],"9":[0,0],"10":[0,0],"11":[0,0],"12":[0,0],"13":[0,0],"14":[0,0],"15":[0,0]}}
,"C:\\Projects\\loteria\\src\\app\\api\\recreate-test-user\\route.ts": {"path":"C:\\Projects\\loteria\\src\\app\\api\\recreate-test-user\\route.ts","statementMap":{"0":{"start":{"line":5,"column":22},"end":{"line":5,"column":27}},"1":{"start":{"line":1,"column":42},"end":{"line":1,"column":null}},"2":{"start":{"line":2,"column":26},"end":{"line":2,"column":null}},"3":{"start":{"line":3,"column":19},"end":{"line":3,"column":null}},"4":{"start":{"line":6,"column":2},"end":{"line":43,"column":null}},"5":{"start":{"line":8,"column":19},"end":{"line":8,"column":38}},"6":{"start":{"line":9,"column":15},"end":{"line":9,"column":null}},"7":{"start":{"line":10,"column":28},"end":{"line":10,"column":null}},"8":{"start":{"line":13,"column":4},"end":{"line":13,"column":null}},"9":{"start":{"line":16,"column":27},"end":{"line":16,"column":null}},"10":{"start":{"line":18,"column":20},"end":{"line":23,"column":null}},"11":{"start":{"line":25,"column":19},"end":{"line":25,"column":null}},"12":{"start":{"line":28,"column":29},"end":{"line":28,"column":null}},"13":{"start":{"line":30,"column":4},"end":{"line":38,"column":null}},"14":{"start":{"line":41,"column":4},"end":{"line":41,"column":null}},"15":{"start":{"line":42,"column":4},"end":{"line":42,"column":null}}},"fnMap":{"0":{"name":"POST","decl":{"start":{"line":5,"column":22},"end":{"line":5,"column":27}},"loc":{"start":{"line":5,"column":47},"end":{"line":44,"column":null}}}},"branchMap":{},"s":{"0":0,"1":0,"2":0,"3":0,"4":0,"5":0,"6":0,"7":0,"8":0,"9":0,"10":0,"11":0,"12":0,"13":0,"14":0,"15":0},"f":{"0":0},"b":{}}
[...]
line":50,"column":17}},{"start":{"line":50,"column":21},"end":{"line":50,"column":32}},{"start":{"line":50,"column":36},"end":{"line":50,"column":47}},{"start":{"line":50,"column":51},"end":{"line":50,"column":62}}]},"16":{"loc":{"start":{"line":53,"column":2},"end":{"line":53,"column":null}},"type":"if","locations":[{"start":{"line":53,"column":2},"end":{"line":53,"column":null}},{"start":{},"end":{}}]},"17":{"loc":{"start":{"line":53,"column":6},"end":{"line":53,"column":62}},"type":"binary-expr","locations":[{"start":{"line":53,"column":6},"end":{"line":53,"column":17}},{"start":{"line":53,"column":21},"end":{"line":53,"column":32}},{"start":{"line":53,"column":36},"end":{"line":53,"column":47}},{"start":{"line":53,"column":51},"end":{"line":53,"column":62}}]},"18":{"loc":{"start":{"line":56,"column":2},"end":{"line":56,"column":null}},"type":"if","locations":[{"start":{"line":56,"column":2},"end":{"line":56,"column":null}},{"start":{},"end":{}}]},"19":{"loc":{"start":{"line":56,"column":6},"end":{"line":56,"column":62}},"type":"binary-expr","locations":[{"start":{"line":56,"column":6},"end":{"line":56,"column":17}},{"start":{"line":56,"column":21},"end":{"line":56,"column":32}},{"start":{"line":56,"column":36},"end":{"line":56,"column":47}},{"start":{"line":56,"column":51},"end":{"line":56,"column":62}}]},"20":{"loc":{"start":{"line":70,"column":2},"end":{"line":70,"column":null}},"type":"if","locations":[{"start":{"line":70,"column":2},"end":{"line":70,"column":null}},{"start":{},"end":{}}]},"21":{"loc":{"start":{"line":75,"column":2},"end":{"line":98,"column":null}},"type":"switch","locations":[{"start":{"line":76,"column":4},"end":{"line":80,"column":null}},{"start":{"line":81,"column":4},"end":{"line":85,"column":null}},{"start":{"line":86,"column":4},"end":{"line":88,"column":null}},{"start":{"line":89,"column":4},"end":{"line":91,"column":null}},{"start":{"line":92,"column":4},"end":{"line":94,"column":null}},{"start":{"line":95,"column":4},"end":{"line":97,"column":null}}]},"22":{"loc":{"start":{"line":102,"column":4},"end":{"line":107,"column":null}},"type":"if","locations":[{"start":{"line":102,"column":4},"end":{"line":107,"column":null}},{"start":{},"end":{}}]},"23":{"loc":{"start":{"line":104,"column":6},"end":{"line":106,"column":null}},"type":"if","locations":[{"start":{"line":104,"column":6},"end":{"line":106,"column":null}},{"start":{},"end":{}}]},"24":{"loc":{"start":{"line":119,"column":2},"end":{"line":121,"column":null}},"type":"if","locations":[{"start":{"line":119,"column":2},"end":{"line":121,"column":null}},{"start":{},"end":{}}]}},"s":{"0":7,"1":5,"2":3,"3":3,"4":0,"5":7,"6":7,"7":25,"8":37,"9":1,"10":6,"11":6,"12":21,"13":29,"14":1,"15":5,"16":1,"17":4,"18":1,"19":3,"20":1,"21":2,"22":1,"23":1,"24":3,"25":3,"26":10,"27":14,"28":1,"29":2,"30":2,"31":7,"32":11,"33":1,"34":1,"35":0,"36":1,"37":0,"38":1,"39":0,"40":1,"41":0,"42":1,"43":3,"44":1,"45":2,"46":2,"47":2,"48":2,"49":8,"50":2,"51":0,"52":0,"53":0,"54":0,"55":0,"56":0,"57":0,"58":0,"59":0,"60":0,"61":0,"62":0,"63":2,"64":7,"65":7,"66":7,"67":1,"68":1,"69":5,"70":1,"71":4,"72":239,"73":4,"74":4,"75":4,"76":16,"77":4,"78":0},"f":{"0":7,"1":37,"2":29,"3":3,"4":14,"5":11,"6":3,"7":5,"8":239,"9":0},"b":{"0":[1,24],"1":[1,20],"2":[1,4],"3":[5,3,2,1],"4":[1,3],"5":[4,2,1,1],"6":[1,2],"7":[3,2,1,1],"8":[1,1],"9":[2,2,1,1],"10":[1,9],"11":[1,6],"12":[0,1],"13":[1,1,1,0],"14":[0,1],"15":[1,0,0,0],"16":[0,1],"17":[1,1,0,0],"18":[0,1],"19":[1,1,0,0],"20":[1,2],"21":[2,0,0,0,0,0],"22":[7,0],"23":[1,6],"24":[1,4]}}
,"C:\\Projects\\loteria\\src\\lib\\imagineArt.ts": {"path":"C:\\Projects\\loteria\\src\\lib\\imagineArt.ts","statementMap":{"0":{"start":{"line":1,"column":22},"end":{"line":1,"column":45}},"1":{"start":{"line":2,"column":2},"end":{"line":29,"column":null}},"2":{"start":{"line":4,"column":21},"end":{"line":4,"column":null}},"3":{"start":{"line":5,"column":4},"end":{"line":5,"column":null}},"4":{"start":{"line":6,"column":4},"end":{"line":6,"column":null}},"5":{"start":{"line":7,"column":4},"end":{"line":7,"column":null}},"6":{"start":{"line":9,"column":21},"end":{"line":15,"column":null}},"7":{"start":{"line":17,"column":4},"end":{"line":26,"column":null}},"8":{"start":{"line":19,"column":19},"end":{"line":19,"column":null}},"9":{"start":{"line":20,"column":23},"end":{"line":20,"column":null}},"10":{"start":{"line":21,"column":6},"end":{"line":21,"column":null}},"11":{"start":{"line":22,"column":6},"end":{"line":22,"column":null}},"12":{"start":{"line":24,"column":24},"end":{"line":24,"column":null}},"13":{"start":{"line":25,"column":6},"end":{"line":25,"column":null}},"14":{"start":{"line":28,"column":4},"end":{"line":28,"column":null}},"15":{"start":{"line":33,"column":17},"end":{"line":33,"column":null}},"16":{"start":{"line":34,"column":22},"end":{"line":34,"column":71}},"17":{"start":{"line":35,"column":15},"end":{"line":35,"column":null}},"18":{"start":{"line":38,"column":2},"end":{"line":38,"column":null}}},"fnMap":{"0":{"name":"generateImagineArtCard","decl":{"start":{"line":1,"column":22},"end":{"line":1,"column":45}},"loc":{"start":{"line":1,"column":75},"end":{"line":39,"column":null}}}},"branchMap":{"0":{"loc":{"start":{"line":17,"column":4},"end":{"line":26,"column":null}},"type":"if","locations":[{"start":{"line":17,"column":4},"end":{"line":26,"column":null}},{"start":{"line":23,"column":11},"end":{"line":26,"column":null}}]}},"s":{"0":0,"1":0,"2":0,"3":0,"4":0,"5":0,"6":0,"7":0,"8":0,"9":0,"10":0,"11":0,"12":0,"13":0,"14":0,"15":0,"16":0,"17":0,"18":0},"f":{"0":0},"b":{"0":[0,0]}}
,"C:\\Projects\\loteria\\src\\lib\\mongodb.ts": {"path":"C:\\Projects\\loteria\\src\\lib\\mongodb.ts","statementMap":{"0":{"start":{"line":40,"column":0},"end":{"line":40,"column":15}},"1":{"start":{"line":6,"column":28},"end":{"line":6,"column":null}},"2":{"start":{"line":13,"column":23},"end":{"line":16,"column":null}},"3":{"start":{"line":19,"column":0},"end":{"line":21,"column":null}},"4":{"start":{"line":20,"column":2},"end":{"line":20,"column":null}},"5":{"start":{"line":23,"column":12},"end":{"line":23,"column":null}},"6":{"start":{"line":24,"column":16},"end":{"line":24,"column":20}},"7":{"start":{"line":27,"column":0},"end":{"line":38,"column":null}},"8":{"start":{"line":29,"column":2},"end":{"line":32,"column":null}},"9":{"start":{"line":30,"column":4},"end":{"line":30,"column":null}},"10":{"start":{"line":31,"column":5},"end":{"line":31,"column":null}},"11":{"start":{"line":33,"column":2},"end":{"line":33,"column":null}},"12":{"start":{"line":36,"column":2},"end":{"line":36,"column":null}},"13":{"start":{"line":37,"column":2},"end":{"line":37,"column":null}},"14":{"start":{"line":40,"column":15},"end":{"line":40,"column":null}}},"fnMap":{},"branchMap":{"0":{"loc":{"start":{"line":13,"column":23},"end":{"line":16,"column":null}},"type":"binary-expr","locations":[{"start":{"line":13,"column":23},"end":{"line":13,"column":null}},{"start":{"line":14,"column":22},"end":{"line":14,"column":null}},{"start":{"line":15,"column":22},"end":{"line":15,"column":null}},{"start":{"line":16,"column":22},"end":{"line":16,"column":null}}]},"1":{"loc":{"start":{"line":19,"column":0},"end":{"line":21,"column":null}},"type":"if","locations":[{"start":{"line":19,"column":0},"end":{"line":21,"column":null}},{"start":{},"end":{}}]},"2":{"loc":{"start":{"line":19,"column":4},"end":{"line":19,"column":49}},"type":"binary-expr","locations":[{"start":{"line":19,"column":4},"end":{"line":19,"column":28}},{"start":{"line":19,"column":32},"end":{"line":19,"column":49}}]},"3":{"loc":{"start":{"line":23,"column":12},"end":{"line":23,"column":null}},"type":"binary-expr","locations":[{"start":{"line":23,"column":12},"end":{"line":23,"column":35}},{"start":{"line":23,"column":39},"end":{"line":23,"column":null}}]},"4":{"loc":{"start":{"line":27,"column":0},"end":{"line":38,"column":null}},"type":"if","locations":[{"start":{"line":27,"column":0},"end":{"line":38,"column":null}},{"start":{"line":34,"column":7},"end":{"line":38,"column":null}}]},"5":{"loc":{"start":{"line":29,"column":2},"end":{"line":32,"column":null}},"type":"if","locations":[{"start":{"line":29,"column":2},"end":{"line":32,"column":null}},{"start":{},"end":{}}]}},"s":{"0":0,"1":0,"2":0,"3":0,"4":0,"5":0,"6":0,"7":0,"8":0,"9":0,"10":0,"11":0,"12":0,"13":0,"14":0},"f":{},"b":{"0":[0,0,0,0],"1":[0,0],"2":[0,0],"3":[0,0],"4":[0,0],"5":[0,0]}}
,"C:\\Projects\\loteria\\src\\lib\\notify.ts": {"path":"C:\\Projects\\loteria\\src\\lib\\notify.ts","statementMap":{"0":{"start":{"line":1,"column":22},"end":{"line":1,"column":null}},"1":{"start":{"line":11,"column":16},"end":{"line":11,"column":33}},"2":{"start":{"line":2,"column":2},"end":{"line":2,"column":null}},"3":{"start":{"line":2,"column":68},"end":{"line":2,"column":null}},"4":{"start":{"line":3,"column":2},"end":{"line":3,"column":null}},"5":{"start":{"line":3,"column":45},"end":{"line":3,"column":null}},"6":{"start":{"line":4,"column":2},"end":{"line":7,"column":null}},"7":{"start":{"line":5,"column":23},"end":{"line":5,"column":null}},"8":{"start":{"line":6,"column":4},"end":{"line":6,"column":null}},"9":{"start":{"line":8,"column":2},"end":{"line":8,"column":null}},"10":{"start":{"line":12,"column":2},"end":{"line":14,"column":null}},"11":{"start":{"line":13,"column":4},"end":{"line":13,"column":null}}},"fnMap":{"0":{"name":"requestNotificationPermission","decl":{"start":{"line":1,"column":22},"end":{"line":1,"column":null}},"loc":{"start":{"line":1,"column":22},"end":{"line":9,"column":null}}},"1":{"name":"showNotification","decl":{"start":{"line":11,"column":16},"end":{"line":11,"column":33}},"loc":{"start":{"line":11,"column":77},"end":{"line":15,"column":null}}}},"branchMap":{"0":{"loc":{"start":{"line":2,"column":2},"end":{"line":2,"column":null}},"type":"if","locations":[{"start":{"line":2,"column":2},"end":{"line":2,"column":null}},{"start":{},"end":{}}]},"1":{"loc":{"start":{"line":2,"column":6},"end":{"line":2,"column":68}},"type":"binary-expr","locations":[{"start":{"line":2,"column":6},"end":{"line":2,"column":39}},{"start":{"line":2,"column":39},"end":{"line":2,"column":68}}]},"2":{"loc":{"start":{"line":3,"column":2},"end":{"line":3,"column":null}},"type":"if","locations":[{"start":{"line":3,"column":2},"end":{"line":3,"column":null}},{"start":{},"end":{}}]},"3":{"loc":{"start":{"line":4,"column":2},"end":{"line":7,"column":null}},"type":"if","locations":[{"start":{"line":4,"column":2},"end":{"line":7,"column":null}},{"start":{},"end":{}}]},"4":{"loc":{"start":{"line":12,"column":2},"end":{"line":14,"column":null}},"type":"if","locations":[{"start":{"line":12,"column":2},"end":{"line":14,"column":null}},{"start":{},"end":{}}]},"5":{"loc":{"start":{"line":12,"column":6},"end":{"line":12,"column":78}},"type":"binary-expr","locations":[{"start":{"line":12,"column":6},"end":{"line":12,"column":39}},{"start":{"line":12,"column":39},"end":{"line":12,"column":78}}]}},"s":{"0":0,"1":0,"2":0,"3":0,"4":0,"5":0,"6":0,"7":0,"8":0,"9":0,"10":0,"11":0},"f":{"0":0,"1":0},"b":{"0":[0,0],"1":[0,0],"2":[0,0],"3":[0,0],"4":[0,0],"5":[0,0]}}
,"C:\\Projects\\loteria\\src\\lib\\socket.ts": {"path":"C:\\Projects\\loteria\\src\\lib\\socket.ts","statementMap":{"0":{"start":{"line":13,"column":16},"end":{"line":13,"column":null}},"1":{"start":{"line":4,"column":15},"end":{"line":4,"column":null}},"2":{"start":{"line":6,"column":43},"end":{"line":6,"column":null}},"3":{"start":{"line":14,"column":2},"end":{"line":65,"column":null}},"4":{"start":{"line":16,"column":22},"end":{"line":16,"column":null}},"5":{"start":{"line":17,"column":18},"end":{"line":17,"column":null}},"6":{"start":{"line":18,"column":4},"end":{"line":30,"column":null}},"7":{"start":{"line":20,"column":28},"end":{"line":20,"column":null}},"8":{"start":{"line":21,"column":6},"end":{"line":25,"column":null}},"9":{"start":{"line":22,"column":8},"end":{"line":22,"column":null}},"10":{"start":{"line":24,"column":8},"end":{"line":24,"column":null}},"11":{"start":{"line":26,"column":6},"end":{"line":26,"column":null}},"12":{"start":{"line":28,"column":6},"end":{"line":28,"column":null}},"13":{"start":{"line":29,"column":6},"end":{"line":29,"column":null}},"14":{"start":{"line":33,"column":4},"end":{"line":44,"column":null}},"15":{"start":{"line":46,"column":4},"end":{"line":48,"column":null}},"16":{"start":{"line":47,"column":6},"end":{"line":47,"column":null}},"17":{"start":{"line":49,"column":4},"end":{"line":51,"column":null}},"18":{"start":{"line":50,"column":6},"end":{"line":50,"column":null}},"19":{"start":{"line":52,"column":4},"end":{"line":55,"column":null}},"20":{"start":{"line":53,"column":6},"end":{"line":53,"column":null}},"21":{"start":{"line":54,"column":6},"end":{"line":54,"column":null}},"22":{"start":{"line":56,"column":4},"end":{"line":58,"column":null}},"23":{"start":{"line":57,"column":6},"end":{"line":57,"column":null}},"24":{"start":{"line":59,"column":4},"end":{"line":61,"column":null}},"25":{"start":{"line":60,"column":6},"end":{"line":60,"column":null}},"26":{"start":{"line":62,"column":4},"end":{"line":64,"column":null}},"27":{"start":{"line":63,"column":6},"end":{"line":63,"column":null}},"28":{"start":{"line":66,"column":2},"end":{"line":66,"column":null}}},"fnMap":{"0":{"name":"getSocket","decl":{"start":{"line":13,"column":16},"end":{"line":13,"column":null}},"loc":{"start":{"line":13,"column":16},"end":{"line":67,"column":null}}},"1":{"name":"(anonymous_3)","decl":{"start":{"line":46,"column":25},"end":{"line":46,"column":null}},"loc":{"start":{"line":46,"column":25},"end":{"line":48,"column":null}}},"2":{"name":"(anonymous_4)","decl":{"start":{"line":49,"column":28},"end":{"line":49,"column":29}},"loc":{"start":{"line":49,"column":29},"end":{"line":51,"column":null}}},"3":{"name":"(anonymous_5)","decl":{"start":{"line":52,"column":31},"end":{"line":52,"column":32}},"loc":{"start":{"line":52,"column":32},"end":{"line":55,"column":null}}},"4":{"name":"(anonymous_6)","decl":{"start":{"line":56,"column":27},"end":{"line":56,"column":28}},"loc":{"start":{"line":56,"column":28},"end":{"line":58,"column":null}}},"5":{"name":"(anonymous_7)","decl":{"start":{"line":59,"column":33},"end":{"line":59,"column":34}},"loc":{"start":{"line":59,"column":34},"end":{"line":61,"column":null}}},"6":{"name":"(anonymous_8)","decl":{"start":{"line":62,"column":34},"end":{"line":62,"column":null}},"loc":{"start":{"line":62,"column":34},"end":{"line":64,"column":null}}}},"branchMap":{"0":{"loc":{"start":{"line":14,"column":2},"end":{"line":65,"column":null}},"type":"if","locations":[{"start":{"line":14,"column":2},"end":{"line":65,"column":null}},{"start":{},"end":{}}]},"1":{"loc":{"start":{"line":18,"column":4},"end":{"line":30,"column":null}},"type":"if","locations":[{"start":{"line":18,"column":4},"end":{"line":30,"column":null}},{"start":{"line":27,"column":11},"end":{"line":30,"column":null}}]},"2":{"loc":{"start":{"line":20,"column":28},"end":{"line":20,"column":null}},"type":"binary-expr","locations":[{"start":{"line":20,"column":28},"end":{"line":20,"column":72}},{"start":{"line":20,"column":72},"end":{"line":20,"column":null}}]},"3":{"loc":{"start":{"line":21,"column":6},"end":{"line":25,"column":null}},"type":"if","locations":[{"start":{"line":21,"column":6},"end":{"line":25,"column":null}},{"start":{"line":23,"column":13},"end":{"line":25,"column":null}}]},"4":{"loc":{"start":{"line":24,"column":18},"end":{"line":24,"column":null}},"type":"binary-expr","locations":[{"start":{"line":24,"column":18},"end":{"line":24,"column":49}},{"start":{"line":24,"column":53},"end":{"line":24,"column":null}}]},"5":{"loc":{"start":{"line":28,"column":16},"end":{"line":28,"column":null}},"type":"binary-expr","locations":[{"start":{"line":28,"column":16},"end":{"line":28,"column":39}},{"start":{"line":28,"column":43},"end":{"line":28,"column":75}},{"start":{"line":28,"column":79},"end":{"line":28,"column":null}}]}},"s":{"0":0,"1":0,"2":0,"3":0,"4":0,"5":0,"6":0,"7":0,"8":0,"9":0,"10":0,"11":0,"12":0,"13":0,"14":0,"15":0,"16":0,"17":0,"18":0,"19":0,"20":0,"21":0,"22":0,"23":0,"24":0,"25":0,"26":0,"27":0,"28":0},"f":{"0":0,"1":0,"2":0,"3":0,"4":0,"5":0,"6":0},"b":{"0":[0,0],"1":[0,0],"2":[0,0],"3":[0,0],"4":[0,0],"5":[0,0,0]}}
,"C:\\Projects\\loteria\\src\\models\\CardImage.ts": {"path":"C:\\Projects\\loteria\\src\\models\\CardImage.ts","statementMap":{"0":{"start":{"line":9,"column":0},"end":{"line":9,"column":15}},"1":{"start":{"line":1,"column":21},"end":{"line":1,"column":null}},"2":{"start":{"line":3,"column":24},"end":{"line":7,"column":null}},"3":{"start":{"line":9,"column":15},"end":{"line":9,"column":null}}},"fnMap":{},"branchMap":{"0":{"loc":{"start":{"line":9,"column":15},"end":{"line":9,"column":null}},"type":"binary-expr","locations":[{"start":{"line":9,"column":15},"end":{"line":9,"column":40}},{"start":{"line":9,"column":44},"end":{"line":9,"column":null}}]}},"s":{"0":0,"1":0,"2":0,"3":0},"f":{},"b":{"0":[0,0]}}
,"C:\\Projects\\loteria\\src\\pages\\api\\register.ts": {"path":"C:\\Projects\\loteria\\src\\pages\\api\\register.ts","statementMap":{"0":{"start":{"line":5,"column":30},"end":{"line":5,"column":38}},"1":{"start":{"line":2,"column":26},"end":{"line":2,"column":null}},"2":{"start":{"line":3,"column":19},"end":{"line":3,"column":null}},"3":{"start":{"line":6,"column":2},"end":{"line":8,"column":null}},"4":{"start":{"line":7,"column":4},"end":{"line":7,"column":null}},"5":{"start":{"line":10,"column":2},"end":{"line":52,"column":null}},"6":{"start":{"line":11,"column":38},"end":{"line":11,"column":46}},"7":{"start":{"line":13,"column":4},"end":{"line":15,"column":null}},"8":{"start":{"line":14,"column":6},"end":{"line":14,"column":null}},"9":{"start":{"line":17,"column":19},"end":{"line":17,"column":38}},"10":{"start":{"line":18,"column":15},"end":{"line":18,"column":null}},"11":{"start":{"line":19,"column":28},"end":{"line":19,"column":null}},"12":{"start":{"line":22,"column":25},"end":{"line":22,"column":null}},"13":{"start":{"line":23,"column":4},"end":{"line":25,"column":null}},"14":{"start":{"line":24,"column":6},"end":{"line":24,"column":null}},"15":{"start":{"line":28,"column":27},"end":{"line":28,"column":null}},"16":{"start":{"line":31,"column":20},"end":{"line":36,"column":null}},"17":{"start":{"line":38,"column":19},"end":{"line":38,"column":null}},"18":{"start":{"line":40,"column":4},"end":{"line":48,"column":null}},"19":{"start":{"line":50,"column":4},"end":{"line":50,"column":null}},"20":{"start":{"line":51,"column":4},"end":{"line":51,"column":null}}},"fnMap":{"0":{"name":"handler","decl":{"start":{"line":5,"column":30},"end":{"line":5,"column":38}},"loc":{"start":{"line":5,"column":79},"end":{"line":53,"column":null}}}},"branchMap":{"0":{"loc":{"start":{"line":6,"column":2},"end":{"line":8,"column":null}},"type":"if","locations":[{"start":{"line":6,"column":2},"end":{"line":8,"column":null}},{"start":{},"end":{}}]},"1":{"loc":{"start":{"line":13,"column":4},"end":{"line":15,"column":null}},"type":"if","locations":[{"start":{"line":13,"column":4},"end":{"line":15,"column":null}},{"start":{},"end":{}}]},"2":{"loc":{"start":{"line":13,"column":8},"end":{"line":13,"column":29}},"type":"binary-expr","locations":[{"start":{"line":13,"column":8},"end":{"line":13,"column":18}},{"start":{"line":13,"column":18},"end":{"line":13,"column":29}}]},"3":{"loc":{"start":{"line":23,"column":4},"end":{"line":25,"column":null}},"type":"if","locations":[{"start":{"line":23,"column":4},"end":{"line":25,"column":null}},{"start":{},"end":{}}]},"4":{"loc":{"start":{"line":33,"column":12},"end":{"line":33,"column":null}},"type":"binary-expr","locations":[{"start":{"line":33,"column":12},"end":{"line":33,"column":20}},{"start":{"line":33,"column":20},"end":{"line":33,"column":null}}]}},"s":{"0":0,"1":0,"2":0,"3":0,"4":0,"5":0,"6":0,"7":0,"8":0,"9":0,"10":0,"11":0,"12":0,"13":0,"14":0,"15":0,"16":0,"17":0,"18":0,"19":0,"20":0},"f":{"0":0},"b":{"0":[0,0],"1":[0,0],"2":[0,0],"3":[0,0],"4":[0,0]}}
}
