TN:
SF:src\middleware.ts
FN:14,isOriginAllowed
FN:26,middleware
FNF:2
FNH:0
FNDA:0,isOriginAllowed
FNDA:0,middleware
DA:1,0
DA:4,0
DA:15,0
DA:18,0
DA:19,0
DA:23,0
DA:26,0
DA:27,0
DA:28,0
DA:31,0
DA:33,0
DA:34,0
DA:35,0
DA:37,0
DA:38,0
DA:39,0
DA:40,0
DA:41,0
DA:45,0
DA:46,0
DA:47,0
DA:48,0
DA:52,0
DA:55,0
LF:24
LH:0
BRDA:15,0,0,0
BRDA:15,0,1,0
BRDA:18,1,0,0
BRDA:18,1,1,0
BRDA:31,2,0,0
BRDA:31,2,1,0
BRDA:33,3,0,0
BRDA:33,3,1,0
BRDA:34,4,0,0
BRDA:34,4,1,0
BRDA:34,5,0,0
BRDA:34,5,1,0
BRDA:45,6,0,0
BRDA:45,6,1,0
BRDA:45,7,0,0
BRDA:45,7,1,0
BRF:16
BRH:0
end_of_record
TN:
SF:src\app\SessionProvider.tsx
FN:16,NextAuthSessionProvider
FNF:1
FNH:0
FNDA:0,NextAuthSessionProvider
DA:7,0
DA:16,0
LF:2
LH:0
BRF:0
BRH:0
end_of_record
TN:
SF:src\app\global-error.tsx
FN:3,GlobalError
FN:18,(anonymous_2)
FNF:2
FNH:0
FNDA:0,GlobalError
FNDA:0,(anonymous_2)
DA:3,0
DA:18,0
LF:2
LH:0
BRF:0
BRH:0
end_of_record
TN:
SF:src\app\page.tsx
FN:18,Home
FN:34,(anonymous_3)
FN:43,(anonymous_4)
FN:50,(anonymous_5)
FN:54,(anonymous_6)
FN:58,(anonymous_7)
FN:65,(anonymous_8)
FN:166,(anonymous_9)
FN:208,(anonymous_10)
FNF:9
FNH:0
FNDA:0,Home
FNDA:0,(anonymous_3)
FNDA:0,(anonymous_4)
FNDA:0,(anonymous_5)
FNDA:0,(anonymous_6)
FNDA:0,(anonymous_7)
FNDA:0,(anonymous_8)
FNDA:0,(anonymous_9)
FNDA:0,(anonymous_10)
DA:8,0
DA:9,0
DA:11,0
DA:12,0
DA:13,0
DA:14,0
DA:15,0
DA:16,0
DA:18,0
DA:19,0
DA:20,0
DA:21,0
DA:24,0
DA:25,0
DA:26,0
DA:29,0
DA:30,0
DA:31,0
DA:34,0
DA:35,0
DA:36,0
DA:37,0
DA:38,0
DA:43,0
DA:44,0
DA:46,0
DA:47,0
DA:49,0
DA:51,0
DA:52,0
DA:55,0
DA:56,0
DA:59,0
DA:60,0
DA:65,0
DA:66,0
DA:70,0
DA:79,0
DA:80,0
DA:168,0
DA:169,0
DA:170,0
DA:172,0
DA:208,0
LF:44
LH:0
BRDA:29,0,0,0
BRDA:29,0,1,0
BRDA:30,1,0,0
BRDA:30,1,1,0
BRDA:31,2,0,0
BRDA:31,2,1,0
BRDA:35,3,0,0
BRDA:35,3,1,0
BRDA:36,4,0,0
BRDA:36,4,1,0
BRDA:44,5,0,0
BRDA:44,5,1,0
BRDA:51,6,0,0
BRDA:51,6,1,0
BRDA:55,7,0,0
BRDA:55,7,1,0
BRDA:70,8,0,0
BRDA:70,8,1,0
BRDA:79,9,0,0
BRDA:79,9,1,0
BRDA:149,10,0,0
BRDA:149,10,1,0
BRDA:155,11,0,0
BRDA:157,12,0,0
BRDA:159,13,0,0
BRDA:168,14,0,0
BRDA:168,14,1,0
BRDA:168,14,2,0
BRDA:169,15,0,0
BRDA:169,15,1,0
BRDA:190,16,0,0
BRDA:190,16,1,0
BRDA:191,17,0,0
BRDA:191,17,1,0
BRDA:194,18,0,0
BRDA:194,18,1,0
BRDA:195,19,0,0
BRDA:195,19,1,0
BRDA:204,20,0,0
BRDA:204,20,1,0
BRDA:208,21,0,0
BRDA:208,21,1,0
BRDA:210,22,0,0
BRDA:210,22,1,0
BRF:44
BRH:0
end_of_record
TN:
SF:src\app\admin\page.tsx
FN:7,AdminPage
FNF:1
FNH:0
FNDA:0,AdminPage
DA:7,0
LF:1
LH:0
BRF:0
BRH:0
end_of_record
TN:
SF:src\app\api\auth-test\route.ts
FN:8,GET
FNF:1
FNH:0
FNDA:0,GET
DA:1,0
DA:2,0
DA:3,0
DA:4,0
DA:6,0
DA:8,0
DA:9,0
DA:10,0
DA:13,0
DA:20,0
DA:21,0
DA:24,0
DA:32,0
DA:33,0
DA:34,0
DA:36,0
DA:40,0
DA:41,0
DA:42,0
DA:44,0
DA:47,0
DA:49,0
DA:50,0
LF:23
LH:0
BRDA:25,0,0,0
BRDA:25,0,1,0
BRDA:34,1,0,0
BRDA:34,1,1,0
BRDA:42,2,0,0
BRDA:42,2,1,0
BRDA:50,3,0,0
BRDA:50,3,1,0
BRF:8
BRH:0
end_of_record
TN:
SF:src\app\api\auth\[...nextauth]\route.ts
FNF:0
FNH:0
DA:1,0
DA:2,0
DA:5,0
DA:7,0
LF:4
LH:0
BRF:0
BRH:0
end_of_record
TN:
SF:src\app\api\auth\jwt-login\route.ts
FN:6,POST
FNF:1
FNH:0
FNDA:0,POST
DA:1,0
DA:2,0
DA:3,0
DA:4,0
DA:6,0
DA:7,0
DA:8,0
DA:10,0
DA:11,0
DA:15,0
DA:16,0
DA:17,0
DA:20,0
DA:21,0
DA:22,0
DA:23,0
DA:27,0
DA:28,0
DA:29,0
DA:30,0
DA:31,0
DA:35,0
DA:46,0
DA:58,0
DA:59,0
LF:25
LH:0
BRDA:10,0,0,0
BRDA:10,0,1,0
BRDA:10,1,0,0
BRDA:10,1,1,0
BRDA:22,2,0,0
BRDA:22,2,1,0
BRDA:22,3,0,0
BRDA:22,3,1,0
BRDA:30,4,0,0
BRDA:30,4,1,0
BRF:10
BRH:0
end_of_record
TN:
SF:src\app\api\auth\jwt-verify\route.ts
FN:4,POST
FNF:1
FNH:0
FNDA:0,POST
DA:1,0
DA:2,0
DA:4,0
DA:5,0
DA:6,0
DA:8,0
DA:9,0
DA:13,0
DA:15,0
DA:26,0
DA:27,0
LF:11
LH:0
BRDA:8,0,0,0
BRDA:8,0,1,0
BRF:2
BRH:0
end_of_record
TN:
SF:src\app\api\auth\reset\confirm\route.ts
FN:8,POST
FNF:1
FNH:0
FNDA:0,POST
DA:1,0
DA:2,0
DA:3,0
DA:6,0
DA:8,0
DA:9,0
DA:10,0
DA:12,0
DA:13,0
DA:14,0
DA:15,0
DA:17,0
DA:22,0
DA:24,0
DA:26,0
DA:39,0
DA:41,0
DA:42,0
LF:18
LH:0
BRDA:10,0,0,0
BRDA:10,0,1,0
BRDA:10,1,0,0
BRDA:10,1,1,0
BRDA:22,2,0,0
BRDA:22,2,1,0
BRF:6
BRH:0
end_of_record
TN:
SF:src\app\api\auth\signup\route.ts
FN:9,POST
FNF:1
FNH:0
FNDA:0,POST
DA:1,0
DA:2,0
DA:3,0
DA:6,0
DA:9,0
DA:10,0
DA:11,0
DA:12,0
DA:13,0
DA:16,0
DA:17,0
DA:18,0
DA:19,0
DA:20,0
DA:22,0
DA:23,0
DA:24,0
DA:26,0
DA:27,0
LF:19
LH:0
BRDA:12,0,0,0
BRDA:12,0,1,0
BRDA:12,1,0,0
BRDA:12,1,1,0
BRDA:19,2,0,0
BRDA:19,2,1,0
BRF:6
BRH:0
end_of_record
TN:
SF:src\app\api\auth\signup-simple\route.ts
FN:7,POST
FNF:1
FNH:0
FNDA:0,POST
DA:1,0
DA:4,0
DA:7,0
DA:8,0
LF:4
LH:0
BRF:0
BRH:0
end_of_record
TN:
SF:src\app\api\avatar\route.ts
FN:8,POST
FNF:1
FNH:0
FNDA:0,POST
DA:1,0
DA:2,0
DA:3,0
DA:4,0
DA:6,0
DA:8,0
DA:9,0
DA:11,0
DA:16,0
DA:17,0
DA:20,0
DA:21,0
DA:23,0
DA:25,0
DA:27,0
DA:28,0
DA:30,0
DA:31,0
DA:36,0
DA:39,0
DA:44,0
DA:51,0
DA:52,0
DA:54,0
DA:55,0
DA:59,0
DA:60,0
DA:63,0
DA:64,0
DA:68,0
DA:69,0
DA:73,0
DA:78,0
DA:85,0
DA:86,0
LF:35
LH:0
BRDA:16,0,0,0
BRDA:16,0,1,0
BRDA:25,1,0,0
BRDA:25,1,1,0
BRDA:30,2,0,0
BRDA:30,2,1,0
BRDA:36,3,0,0
BRDA:36,3,1,0
BRDA:36,3,2,0
BRDA:54,4,0,0
BRDA:54,4,1,0
BRDA:59,5,0,0
BRDA:59,5,1,0
BRDA:63,6,0,0
BRDA:63,6,1,0
BRDA:68,7,0,0
BRDA:68,7,1,0
BRDA:69,8,0,0
BRDA:69,8,1,0
BRDA:69,8,2,0
BRF:20
BRH:0
end_of_record
TN:
SF:src\app\api\cards\route.ts
FN:7,GET
FN:18,(anonymous_3)
FN:19,(anonymous_4)
FN:23,(anonymous_5)
FNF:4
FNH:0
FNDA:0,GET
FNDA:0,(anonymous_3)
FNDA:0,(anonymous_4)
FNDA:0,(anonymous_5)
DA:1,0
DA:2,0
DA:3,0
DA:7,0
DA:8,0
DA:9,0
DA:13,0
DA:15,0
DA:16,0
DA:17,0
DA:18,0
DA:20,0
DA:23,0
DA:25,0
DA:27,0
DA:29,0
DA:40,0
LF:17
LH:0
BRDA:9,0,0,0
BRDA:9,0,1,0
BRDA:18,1,0,0
BRDA:18,1,1,0
BRF:4
BRH:0
end_of_record
TN:
SF:src\app\api\db-test\route.ts
FN:6,GET
FNF:1
FNH:0
FNDA:0,GET
DA:1,0
DA:2,0
DA:4,0
DA:6,0
DA:7,0
DA:8,0
DA:9,0
DA:12,0
DA:15,0
DA:20,0
DA:24,0
DA:35,0
DA:36,0
LF:13
LH:0
BRDA:20,0,0,0
BRDA:20,0,1,0
BRDA:30,1,0,0
BRDA:30,1,1,0
BRDA:37,2,0,0
BRDA:37,2,1,0
BRF:6
BRH:0
end_of_record
TN:
SF:src\app\api\generate-board\route.ts
FN:26,wordToFilename
FN:36,GET
FNF:2
FNH:0
FNDA:0,wordToFilename
FNDA:0,GET
DA:2,0
DA:3,0
DA:8,0
DA:9,0
DA:10,0
DA:11,0
DA:13,0
DA:16,0
DA:19,0
DA:28,0
DA:36,0
DA:38,0
DA:39,0
DA:48,0
DA:49,0
DA:51,0
DA:53,0
DA:54,0
DA:55,0
DA:56,0
DA:57,0
DA:58,0
DA:60,0
DA:61,0
DA:64,0
DA:65,0
DA:66,0
DA:69,0
DA:70,0
DA:71,0
DA:72,0
DA:73,0
DA:76,0
DA:77,0
DA:79,0
DA:80,0
DA:81,0
DA:82,0
DA:85,0
DA:86,0
DA:87,0
DA:88,0
DA:89,0
DA:93,0
DA:94,0
DA:95,0
DA:96,0
DA:99,0
DA:100,0
DA:107,0
DA:108,0
LF:51
LH:0
BRDA:38,0,0,0
BRDA:38,0,1,0
BRDA:38,1,0,0
BRDA:38,1,1,0
BRDA:49,2,0,0
BRDA:49,2,1,0
BRF:6
BRH:0
end_of_record
TN:
SF:src\app\api\generate-card\route.ts
FN:16,GET
FNF:1
FNH:0
FNDA:0,GET
DA:6,0
DA:7,0
DA:8,0
DA:9,0
DA:11,0
DA:14,0
DA:16,0
DA:18,0
DA:19,0
DA:29,0
DA:30,0
DA:32,0
DA:34,0
DA:35,0
DA:36,0
DA:37,0
DA:40,0
DA:41,0
DA:44,0
DA:45,0
DA:46,0
DA:49,0
DA:50,0
DA:51,0
DA:52,0
DA:59,0
DA:60,0
DA:67,0
DA:68,0
LF:29
LH:0
BRDA:18,0,0,0
BRDA:18,0,1,0
BRDA:30,1,0,0
BRDA:30,1,1,0
BRF:4
BRH:0
end_of_record
TN:
SF:src\app\api\health\route.ts
FN:7,GET
FNF:1
FNH:0
FNDA:0,GET
DA:1,0
DA:2,0
DA:5,0
DA:7,0
DA:8,0
DA:9,0
DA:11,0
DA:12,0
DA:14,0
DA:15,0
DA:16,0
DA:28,0
DA:29,0
DA:30,0
DA:32,0
LF:15
LH:0
BRDA:24,0,0,0
BRDA:24,0,1,0
BRDA:29,1,0,0
BRDA:29,1,1,0
BRDA:30,2,0,0
BRDA:30,2,1,0
BRDA:30,2,2,0
BRDA:36,3,0,0
BRDA:36,3,1,0
BRDA:41,4,0,0
BRDA:41,4,1,0
BRF:11
BRH:0
end_of_record
TN:
SF:src\app\api\lobbies\route.ts
FN:8,GET
FN:13,(anonymous_4)
FN:25,POST
FN:31,(anonymous_6)
FNF:4
FNH:0
FNDA:0,GET
FNDA:0,(anonymous_4)
FNDA:0,POST
FNDA:0,(anonymous_6)
DA:2,0
DA:5,0
DA:8,0
DA:10,0
DA:11,0
DA:12,0
DA:13,0
DA:14,0
DA:16,0
DA:18,0
DA:21,0
DA:25,0
DA:26,0
DA:27,0
DA:28,0
DA:31,0
DA:32,0
DA:34,0
DA:35,0
DA:38,0
DA:40,0
DA:41,0
DA:44,0
LF:23
LH:0
BRDA:10,0,0,0
BRDA:10,0,1,0
BRDA:12,1,0,0
BRDA:12,1,1,0
BRDA:14,2,0,0
BRDA:14,2,1,0
BRDA:27,3,0,0
BRDA:27,3,1,0
BRDA:27,4,0,0
BRDA:27,4,1,0
BRDA:27,4,2,0
BRDA:32,5,0,0
BRDA:32,5,1,0
BRDA:34,6,0,0
BRDA:34,6,1,0
BRDA:40,7,0,0
BRDA:40,7,1,0
BRDA:40,8,0,0
BRDA:40,8,1,0
BRF:19
BRH:0
end_of_record
TN:
SF:src\app\api\profile\route.ts
FN:9,GET
FN:20,(anonymous_5)
FNF:2
FNH:0
FNDA:0,GET
FNDA:0,(anonymous_5)
DA:1,0
DA:2,0
DA:3,0
DA:4,0
DA:5,0
DA:7,0
DA:9,0
DA:10,0
DA:11,0
DA:12,0
DA:15,0
DA:16,0
DA:19,0
DA:21,0
DA:22,0
DA:25,0
DA:28,0
DA:31,0
DA:38,0
DA:39,0
DA:40,0
DA:41,0
DA:42,0
DA:48,0
DA:49,0
DA:50,0
DA:51,0
DA:52,0
DA:55,0
DA:61,0
DA:62,0
DA:63,0
DA:64,0
DA:65,0
DA:66,0
DA:67,0
DA:70,0
DA:74,0
DA:75,0
DA:76,0
DA:85,0
DA:86,0
DA:88,0
DA:93,0
DA:95,0
DA:96,0
DA:99,0
DA:101,0
DA:102,0
LF:49
LH:0
BRDA:19,0,0,0
BRDA:19,0,1,0
BRDA:39,1,0,0
BRDA:39,1,1,0
BRDA:48,2,0,0
BRDA:48,2,1,0
BRDA:49,3,0,0
BRDA:49,3,1,0
BRDA:61,4,0,0
BRDA:61,4,1,0
BRDA:64,5,0,0
BRDA:64,5,1,0
BRDA:65,6,0,0
BRDA:65,6,1,0
BRDA:74,7,0,0
BRDA:74,7,1,0
BRDA:93,8,0,0
BRDA:93,8,1,0
BRDA:95,9,0,0
BRDA:95,9,1,0
BRF:20
BRH:0
end_of_record
TN:
SF:src\app\api\profile\avatar\route.ts
FN:13,getAdminSettings
FN:24,POST
FN:89,(anonymous_6)
FN:98,(anonymous_7)
FN:175,(anonymous_8)
FN:183,(anonymous_9)
FNF:6
FNH:0
FNDA:0,getAdminSettings
FNDA:0,POST
FNDA:0,(anonymous_6)
FNDA:0,(anonymous_7)
FNDA:0,(anonymous_8)
FNDA:0,(anonymous_9)
DA:1,0
DA:2,0
DA:3,0
DA:5,0
DA:6,0
DA:7,0
DA:10,0
DA:14,0
DA:15,0
DA:16,0
DA:17,0
DA:19,0
DA:20,0
DA:24,0
DA:25,0
DA:27,0
DA:28,0
DA:31,0
DA:32,0
DA:35,0
DA:36,0
DA:38,0
DA:39,0
DA:40,0
DA:42,0
DA:43,0
DA:47,0
DA:49,0
DA:51,0
DA:54,0
DA:61,0
DA:64,0
DA:66,0
DA:67,0
DA:68,0
DA:69,0
DA:70,0
DA:72,0
DA:80,0
DA:82,0
DA:84,0
DA:85,0
DA:87,0
DA:89,0
DA:90,0
DA:99,0
DA:100,0
DA:105,0
DA:106,0
DA:108,0
DA:110,0
DA:111,0
DA:112,0
DA:113,0
DA:115,0
DA:116,0
DA:117,0
DA:120,0
DA:121,0
DA:125,0
DA:126,0
DA:127,0
DA:128,0
DA:129,0
DA:130,0
DA:133,0
DA:134,0
DA:138,0
DA:139,0
DA:141,0
DA:146,0
DA:148,0
DA:149,0
DA:155,0
DA:156,0
DA:157,0
DA:159,0
DA:160,0
DA:163,0
DA:165,0
DA:166,0
DA:169,0
DA:171,0
DA:173,0
DA:175,0
DA:176,0
DA:184,0
DA:185,0
DA:190,0
DA:191,0
DA:193,0
DA:195,0
DA:196,0
DA:197,0
DA:198,0
DA:200,0
DA:201,0
DA:202,0
DA:205,0
DA:206,0
DA:210,0
DA:211,0
DA:213,0
DA:218,0
DA:220,0
DA:221,0
DA:225,0
DA:228,0
DA:229,0
LF:109
LH:0
BRDA:27,0,0,0
BRDA:27,0,1,0
BRDA:35,1,0,0
BRDA:35,1,1,0
BRDA:38,2,0,0
BRDA:38,2,1,0
BRDA:42,3,0,0
BRDA:42,3,1,0
BRDA:49,4,0,0
BRDA:49,4,1,0
BRDA:49,5,0,0
BRDA:49,5,1,0
BRDA:82,6,0,0
BRDA:82,6,1,0
BRDA:99,7,0,0
BRDA:99,7,1,0
BRDA:112,8,0,0
BRDA:112,8,1,0
BRDA:125,9,0,0
BRDA:125,9,1,0
BRDA:133,10,0,0
BRDA:133,10,1,0
BRDA:155,11,0,0
BRDA:155,11,1,0
BRDA:159,12,0,0
BRDA:159,12,1,0
BRDA:184,13,0,0
BRDA:184,13,1,0
BRDA:197,14,0,0
BRDA:197,14,1,0
BRDA:205,15,0,0
BRDA:205,15,1,0
BRF:32
BRH:0
end_of_record
TN:
SF:src\app\api\recreate-test-user\route.ts
FN:5,POST
FNF:1
FNH:0
FNDA:0,POST
DA:1,0
DA:2,0
DA:3,0
DA:5,0
DA:6,0
DA:8,0
DA:9,0
DA:10,0
DA:13,0
DA:16,0
DA:18,0
DA:25,0
DA:28,0
DA:30,0
DA:41,0
DA:42,0
LF:16
LH:0
BRF:0
BRH:0
end_of_record
TN:
SF:src\app\api\setup-db\route.ts
FN:8,POST
FNF:1
FNH:0
FNDA:0,POST
DA:1,0
DA:2,0
DA:5,0
DA:8,0
DA:9,0
DA:10,0
DA:11,0
DA:12,0
DA:13,0
DA:15,0
DA:16,0
DA:18,0
DA:19,0
DA:20,0
DA:25,0
DA:26,0
LF:16
LH:0
BRF:0
BRH:0
end_of_record
TN:
SF:src\app\api\test-ai-avatar\route.ts
FN:6,POST
FNF:1
FNH:0
FNDA:0,POST
DA:1,0
DA:2,0
DA:4,0
DA:6,0
DA:7,0
DA:8,0
DA:9,0
DA:12,0
DA:13,0
DA:15,0
DA:16,0
DA:19,0
DA:21,0
DA:22,0
DA:23,0
DA:24,0
DA:25,0
DA:26,0
DA:28,0
DA:31,0
DA:35,0
DA:36,0
DA:37,0
DA:40,0
DA:48,0
DA:49,0
LF:26
LH:0
BRDA:12,0,0,0
BRDA:12,0,1,0
BRDA:21,1,0,0
BRDA:21,1,1,0
BRDA:21,2,0,0
BRDA:21,2,1,0
BRDA:24,3,0,0
BRDA:24,3,1,0
BRDA:35,4,0,0
BRDA:35,4,1,0
BRDA:41,5,0,0
BRDA:41,5,1,0
BRDA:51,6,0,0
BRDA:51,6,1,0
BRF:14
BRH:0
end_of_record
TN:
SF:src\app\api\test-avatar\route.ts
FN:6,POST
FNF:1
FNH:0
FNDA:0,POST
DA:1,0
DA:2,0
DA:4,0
DA:6,0
DA:7,0
DA:8,0
DA:9,0
DA:12,0
DA:15,0
DA:18,0
DA:19,0
DA:23,0
DA:24,0
DA:25,0
DA:28,0
DA:35,0
DA:36,0
LF:17
LH:0
BRDA:12,0,0,0
BRDA:12,0,1,0
BRDA:18,1,0,0
BRDA:18,1,1,0
BRDA:18,2,0,0
BRDA:18,2,1,0
BRDA:23,3,0,0
BRDA:23,3,1,0
BRDA:31,4,0,0
BRDA:31,4,1,0
BRF:10
BRH:0
end_of_record
TN:
SF:src\app\api\user-profile\route.ts
FN:6,GET
FNF:1
FNH:1
FNDA:10,GET
DA:1,1
DA:2,1
DA:4,1
DA:6,10
DA:7,10
DA:8,10
DA:9,10
DA:12,10
DA:18,10
DA:19,10
DA:25,10
DA:27,10
DA:28,10
DA:34,0
DA:42,0
DA:44,0
DA:46,0
DA:47,0
LF:18
LH:13
BRDA:18,0,0,10
BRDA:18,0,1,0
BRDA:27,1,0,10
BRDA:27,1,1,0
BRDA:37,2,0,0
BRDA:37,2,1,0
BRDA:48,3,0,0
BRDA:48,3,1,0
BRF:8
BRH:2
end_of_record
TN:
SF:src\app\auth-debug\page.tsx
FN:5,AuthTestPage
FN:30,(anonymous_2)
FN:40,(anonymous_3)
FNF:3
FNH:0
FNDA:0,AuthTestPage
FNDA:0,(anonymous_2)
FNDA:0,(anonymous_3)
DA:3,0
DA:5,0
DA:6,0
DA:8,0
DA:9,0
DA:11,0
DA:30,0
DA:40,0
LF:8
LH:0
BRDA:11,0,0,0
BRDA:11,0,1,0
BRDA:25,1,0,0
BRDA:26,2,0,0
BRDA:26,2,1,0
BRDA:27,3,0,0
BRDA:27,3,1,0
BRDA:28,4,0,0
BRDA:28,4,1,0
BRF:9
BRH:0
end_of_record
TN:
SF:src\app\auth\protected\layout.tsx
FN:10,ProtectedLayout
FNF:1
FNH:0
FNDA:0,ProtectedLayout
DA:6,0
DA:7,0
DA:8,0
DA:10,0
DA:12,0
DA:15,0
DA:16,0
LF:7
LH:0
BRDA:15,0,0,0
BRDA:15,0,1,0
BRF:2
BRH:0
end_of_record
TN:
SF:src\app\auth\reset\page.tsx
FN:4,ResetPasswordPage
FN:9,handleSubmit
FN:39,(anonymous_3)
FNF:3
FNH:0
FNDA:0,ResetPasswordPage
FNDA:0,handleSubmit
FNDA:0,(anonymous_3)
DA:2,0
DA:4,0
DA:5,0
DA:6,0
DA:7,0
DA:10,0
DA:11,0
DA:12,0
DA:17,0
DA:18,0
DA:39,0
LF:11
LH:0
BRDA:17,0,0,0
BRDA:17,0,1,0
BRDA:50,1,0,0
BRDA:55,2,0,0
BRF:4
BRH:0
end_of_record
TN:
SF:src\app\auth\reset\[token]\page.tsx
FN:5,ResetWithToken
FN:13,(anonymous_5)
FN:14,(anonymous_6)
FN:19,handleSubmit
FN:29,(anonymous_8)
FN:44,(anonymous_9)
FNF:6
FNH:0
FNDA:0,ResetWithToken
FNDA:0,(anonymous_5)
FNDA:0,(anonymous_6)
FNDA:0,handleSubmit
FNDA:0,(anonymous_8)
FNDA:0,(anonymous_9)
DA:2,0
DA:3,0
DA:5,0
DA:6,0
DA:7,0
DA:8,0
DA:9,0
DA:10,0
DA:13,0
DA:14,0
DA:15,0
DA:20,0
DA:21,0
DA:22,0
DA:27,0
DA:28,0
DA:29,0
DA:31,0
DA:44,0
LF:19
LH:0
BRDA:27,0,0,0
BRDA:27,0,1,0
BRDA:50,1,0,0
BRDA:51,2,0,0
BRF:4
BRH:0
end_of_record
TN:
SF:src\app\auth\signin\page.tsx
FN:8,SignInForm
FN:17,handleSubmit
FN:74,(anonymous_4)
FN:82,(anonymous_5)
FN:110,(anonymous_6)
FN:119,SignInPage
FNF:6
FNH:0
FNDA:0,SignInForm
FNDA:0,handleSubmit
FNDA:0,(anonymous_4)
FNDA:0,(anonymous_5)
FNDA:0,(anonymous_6)
FNDA:0,SignInPage
DA:2,0
DA:3,0
DA:4,0
DA:5,0
DA:6,0
DA:9,0
DA:10,0
DA:11,0
DA:12,0
DA:13,0
DA:14,0
DA:15,0
DA:18,0
DA:19,0
DA:20,0
DA:22,0
DA:25,0
DA:26,0
DA:27,0
DA:28,0
DA:29,0
DA:30,0
DA:33,0
DA:37,0
DA:43,0
DA:45,0
DA:46,0
DA:47,0
DA:49,0
DA:50,0
DA:53,0
DA:74,0
DA:82,0
DA:110,0
DA:119,0
LF:35
LH:0
BRDA:27,0,0,0
BRDA:27,0,1,0
BRDA:45,1,0,0
BRDA:45,1,1,0
BRDA:65,2,0,0
BRDA:91,3,0,0
BRDA:101,4,0,0
BRDA:101,4,1,0
BRF:8
BRH:0
end_of_record
TN:
SF:src\app\auth\signup\page.tsx
FN:6,SignUpPage
FN:13,handleSubmit
FN:42,(anonymous_4)
FN:50,(anonymous_5)
FN:58,(anonymous_6)
FNF:5
FNH:0
FNDA:0,SignUpPage
FNDA:0,handleSubmit
FNDA:0,(anonymous_4)
FNDA:0,(anonymous_5)
FNDA:0,(anonymous_6)
DA:2,0
DA:3,0
DA:4,0
DA:6,0
DA:7,0
DA:8,0
DA:9,0
DA:10,0
DA:11,0
DA:14,0
DA:15,0
DA:16,0
DA:21,0
DA:22,0
DA:24,0
DA:25,0
DA:42,0
DA:50,0
DA:58,0
LF:19
LH:0
BRDA:21,0,0,0
BRDA:21,0,1,0
BRDA:25,1,0,0
BRDA:25,1,1,0
BRDA:62,2,0,0
BRF:5
BRH:0
end_of_record
TN:
SF:src\app\deck-demo\page.tsx
FN:9,DemoContent
FN:15,(anonymous_3)
FN:17,(anonymous_4)
FN:36,(anonymous_5)
FN:42,(anonymous_6)
FN:50,(anonymous_7)
FN:68,(anonymous_8)
FN:86,DeckThemeDemo
FNF:8
FNH:0
FNDA:0,DemoContent
FNDA:0,(anonymous_3)
FNDA:0,(anonymous_4)
FNDA:0,(anonymous_5)
FNDA:0,(anonymous_6)
FNDA:0,(anonymous_7)
FNDA:0,(anonymous_8)
FNDA:0,DeckThemeDemo
DA:2,0
DA:3,0
DA:4,0
DA:5,0
DA:6,0
DA:10,0
DA:11,0
DA:12,0
DA:15,0
DA:16,0
DA:17,0
DA:18,0
DA:20,0
DA:24,0
DA:37,0
DA:42,0
DA:51,0
DA:69,0
DA:86,0
LF:19
LH:0
BRDA:40,0,0,0
BRDA:40,0,1,0
BRDA:45,1,0,0
BRF:3
BRH:0
end_of_record
TN:
SF:src\app\game\board-client.tsx
FN:6,BoardClient
FN:10,(anonymous_3)
FN:12,(anonymous_4)
FN:19,(anonymous_5)
FNF:4
FNH:0
FNDA:0,BoardClient
FNDA:0,(anonymous_3)
FNDA:0,(anonymous_4)
FNDA:0,(anonymous_5)
DA:2,0
DA:3,0
DA:4,0
DA:6,0
DA:7,0
DA:8,0
DA:10,0
DA:11,0
DA:12,0
DA:19,0
DA:20,0
LF:11
LH:0
BRF:0
BRH:0
end_of_record
TN:
SF:src\app\game\layout.tsx
FN:8,GameLayout
FN:22,(anonymous_2)
FNF:2
FNH:0
FNDA:0,GameLayout
FNDA:0,(anonymous_2)
DA:3,0
DA:4,0
DA:5,0
DA:6,0
DA:8,0
DA:13,0
DA:14,0
DA:15,0
DA:18,0
DA:19,0
DA:22,0
DA:23,0
DA:24,0
DA:25,0
DA:26,0
DA:31,0
DA:40,0
DA:41,0
LF:18
LH:0
BRDA:18,0,0,0
BRDA:18,0,1,0
BRDA:19,1,0,0
BRDA:19,1,1,0
BRDA:23,2,0,0
BRDA:23,2,1,0
BRDA:24,3,0,0
BRDA:24,3,1,0
BRDA:31,4,0,0
BRDA:31,4,1,0
BRDA:40,5,0,0
BRDA:40,5,1,0
BRF:12
BRH:0
end_of_record
TN:
SF:src\app\game\ai\page.tsx
FN:17,fetchCardNames
FN:34,AIGamePage
FN:49,(anonymous_4)
FN:49,(anonymous_5)
FN:53,(anonymous_6)
FN:55,(anonymous_7)
FN:55,(anonymous_8)
FN:72,(anonymous_9)
FN:79,(anonymous_10)
FN:83,(anonymous_11)
FN:91,(anonymous_12)
FN:92,(anonymous_13)
FN:92,(anonymous_14)
FN:93,(anonymous_15)
FN:94,(anonymous_16)
FN:96,(anonymous_17)
FN:103,(anonymous_18)
FN:110,(anonymous_19)
FN:111,(anonymous_20)
FN:121,(anonymous_21)
FN:124,(anonymous_22)
FN:127,(anonymous_23)
FN:134,resetGame
FN:138,(anonymous_25)
FN:139,(anonymous_26)
FN:139,(anonymous_27)
FN:143,(anonymous_28)
FN:145,(anonymous_29)
FN:153,handleStartGame
FN:158,handleMark
FN:159,(anonymous_32)
FN:160,(anonymous_33)
FN:160,(anonymous_34)
FN:167,(anonymous_35)
FN:180,(anonymous_36)
FN:183,(anonymous_37)
FN:206,(anonymous_38)
FN:237,handlePauseResume
FN:238,(anonymous_40)
FN:242,callCard
FN:244,(anonymous_42)
FN:249,(anonymous_43)
FN:250,(anonymous_44)
FN:251,(anonymous_45)
FN:252,(anonymous_46)
FN:261,(anonymous_47)
FN:327,(anonymous_48)
FN:346,(anonymous_49)
FN:409,(anonymous_50)
FN:409,(anonymous_51)
FN:417,(anonymous_52)
FN:457,(anonymous_53)
FN:556,generateBoardFrom
FN:557,(anonymous_55)
FN:562,checkBingo
FN:564,(anonymous_57)
FN:565,(anonymous_58)
FN:566,(anonymous_59)
FN:573,getWinningLine
FN:575,(anonymous_61)
FN:576,(anonymous_62)
FN:577,(anonymous_63)
FN:584,isValidBingo
FN:586,(anonymous_65)
FN:587,(anonymous_66)
FN:588,(anonymous_67)
FN:589,(anonymous_68)
FN:590,(anonymous_69)
FN:605,(anonymous_70)
FNF:69
FNH:0
FNDA:0,fetchCardNames
FNDA:0,AIGamePage
FNDA:0,(anonymous_4)
FNDA:0,(anonymous_5)
FNDA:0,(anonymous_6)
FNDA:0,(anonymous_7)
FNDA:0,(anonymous_8)
FNDA:0,(anonymous_9)
FNDA:0,(anonymous_10)
FNDA:0,(anonymous_11)
FNDA:0,(anonymous_12)
FNDA:0,(anonymous_13)
FNDA:0,(anonymous_14)
FNDA:0,(anonymous_15)
FNDA:0,(anonymous_16)
FNDA:0,(anonymous_17)
FNDA:0,(anonymous_18)
FNDA:0,(anonymous_19)
FNDA:0,(anonymous_20)
FNDA:0,(anonymous_21)
FNDA:0,(anonymous_22)
FNDA:0,(anonymous_23)
FNDA:0,resetGame
FNDA:0,(anonymous_25)
FNDA:0,(anonymous_26)
FNDA:0,(anonymous_27)
FNDA:0,(anonymous_28)
FNDA:0,(anonymous_29)
FNDA:0,handleStartGame
FNDA:0,handleMark
FNDA:0,(anonymous_32)
FNDA:0,(anonymous_33)
FNDA:0,(anonymous_34)
FNDA:0,(anonymous_35)
FNDA:0,(anonymous_36)
FNDA:0,(anonymous_37)
FNDA:0,(anonymous_38)
FNDA:0,handlePauseResume
FNDA:0,(anonymous_40)
FNDA:0,callCard
FNDA:0,(anonymous_42)
FNDA:0,(anonymous_43)
FNDA:0,(anonymous_44)
FNDA:0,(anonymous_45)
FNDA:0,(anonymous_46)
FNDA:0,(anonymous_47)
FNDA:0,(anonymous_48)
FNDA:0,(anonymous_49)
FNDA:0,(anonymous_50)
FNDA:0,(anonymous_51)
FNDA:0,(anonymous_52)
FNDA:0,(anonymous_53)
FNDA:0,generateBoardFrom
FNDA:0,(anonymous_55)
FNDA:0,checkBingo
FNDA:0,(anonymous_57)
FNDA:0,(anonymous_58)
FNDA:0,(anonymous_59)
FNDA:0,getWinningLine
FNDA:0,(anonymous_61)
FNDA:0,(anonymous_62)
FNDA:0,(anonymous_63)
FNDA:0,isValidBingo
FNDA:0,(anonymous_65)
FNDA:0,(anonymous_66)
FNDA:0,(anonymous_67)
FNDA:0,(anonymous_68)
FNDA:0,(anonymous_69)
FNDA:0,(anonymous_70)
DA:2,0
DA:3,0
DA:4,0
DA:5,0
DA:6,0
DA:7,0
DA:8,0
DA:11,0
DA:18,0
DA:20,0
DA:21,0
DA:23,0
DA:24,0
DA:26,0
DA:27,0
DA:29,0
DA:34,0
DA:35,0
DA:36,0
DA:37,0
DA:40,0
DA:41,0
DA:42,0
DA:45,0
DA:47,0
DA:48,0
DA:49,0
DA:50,0
DA:51,0
DA:52,0
DA:53,0
DA:54,0
DA:55,0
DA:56,0
DA:57,0
DA:58,0
DA:59,0
DA:60,0
DA:61,0
DA:62,0
DA:63,0
DA:64,0
DA:65,0
DA:67,0
DA:69,0
DA:72,0
DA:74,0
DA:75,0
DA:79,0
DA:81,0
DA:82,0
DA:83,0
DA:84,0
DA:85,0
DA:86,0
DA:87,0
DA:89,0
DA:90,0
DA:91,0
DA:92,0
DA:93,0
DA:94,0
DA:95,0
DA:97,0
DA:98,0
DA:103,0
DA:105,0
DA:106,0
DA:108,0
DA:110,0
DA:111,0
DA:112,0
DA:113,0
DA:114,0
DA:115,0
DA:116,0
DA:117,0
DA:121,0
DA:123,0
DA:124,0
DA:125,0
DA:127,0
DA:128,0
DA:129,0
DA:135,0
DA:136,0
DA:137,0
DA:138,0
DA:139,0
DA:140,0
DA:141,0
DA:142,0
DA:143,0
DA:145,0
DA:146,0
DA:147,0
DA:148,0
DA:149,0
DA:154,0
DA:159,0
DA:160,0
DA:161,0
DA:162,0
DA:163,0
DA:164,0
DA:165,0
DA:166,0
DA:167,0
DA:168,0
DA:169,0
DA:170,0
DA:173,0
DA:174,0
DA:175,0
DA:176,0
DA:177,0
DA:180,0
DA:181,0
DA:183,0
DA:184,0
DA:185,0
DA:186,0
DA:187,0
DA:188,0
DA:189,0
DA:190,0
DA:191,0
DA:193,0
DA:194,0
DA:197,0
DA:199,0
DA:201,0
DA:202,0
DA:204,0
DA:205,0
DA:206,0
DA:207,0
DA:208,0
DA:209,0
DA:210,0
DA:211,0
DA:212,0
DA:214,0
DA:215,0
DA:217,0
DA:220,0
DA:221,0
DA:222,0
DA:223,0
DA:224,0
DA:226,0
DA:229,0
DA:232,0
DA:238,0
DA:243,0
DA:244,0
DA:245,0
DA:246,0
DA:247,0
DA:248,0
DA:249,0
DA:250,0
DA:251,0
DA:252,0
DA:255,0
DA:256,0
DA:257,0
DA:258,0
DA:259,0
DA:261,0
DA:262,0
DA:263,0
DA:264,0
DA:267,0
DA:268,0
DA:269,0
DA:270,0
DA:271,0
DA:272,0
DA:273,0
DA:274,0
DA:276,0
DA:281,0
DA:288,0
DA:295,0
DA:304,0
DA:328,0
DA:329,0
DA:346,0
DA:409,0
DA:418,0
DA:457,0
DA:557,0
DA:558,0
DA:563,0
DA:564,0
DA:565,0
DA:566,0
DA:567,0
DA:568,0
DA:569,0
DA:574,0
DA:575,0
DA:576,0
DA:577,0
DA:578,0
DA:579,0
DA:580,0
DA:585,0
DA:586,0
DA:587,0
DA:588,0
DA:589,0
DA:590,0
DA:591,0
DA:597,0
DA:603,0
DA:605,0
LF:218
LH:0
BRDA:18,0,0,0
BRDA:18,0,1,0
BRDA:20,1,0,0
BRDA:20,1,1,0
BRDA:20,2,0,0
BRDA:20,2,1,0
BRDA:21,3,0,0
BRDA:21,3,1,0
BRDA:24,4,0,0
BRDA:24,4,1,0
BRDA:74,5,0,0
BRDA:74,5,1,0
BRDA:84,6,0,0
BRDA:84,6,1,0
BRDA:84,7,0,0
BRDA:84,7,1,0
BRDA:105,8,0,0
BRDA:105,8,1,0
BRDA:110,9,0,0
BRDA:110,9,1,0
BRDA:110,10,0,0
BRDA:110,10,1,0
BRDA:112,11,0,0
BRDA:112,11,1,0
BRDA:113,12,0,0
BRDA:113,12,1,0
BRDA:123,13,0,0
BRDA:123,13,1,0
BRDA:123,14,0,0
BRDA:123,14,1,0
BRDA:123,14,2,0
BRDA:128,15,0,0
BRDA:128,15,1,0
BRDA:141,16,0,0
BRDA:141,16,1,0
BRDA:160,17,0,0
BRDA:160,17,1,0
BRDA:160,18,0,0
BRDA:160,18,1,0
BRDA:161,19,0,0
BRDA:161,19,1,0
BRDA:161,20,0,0
BRDA:161,20,1,0
BRDA:163,21,0,0
BRDA:163,21,1,0
BRDA:163,22,0,0
BRDA:163,22,1,0
BRDA:164,23,0,0
BRDA:164,23,1,0
BRDA:164,24,0,0
BRDA:164,24,1,0
BRDA:166,25,0,0
BRDA:166,25,1,0
BRDA:168,26,0,0
BRDA:168,26,1,0
BRDA:168,27,0,0
BRDA:168,27,1,0
BRDA:170,28,0,0
BRDA:170,28,1,0
BRDA:173,29,0,0
BRDA:173,29,1,0
BRDA:174,30,0,0
BRDA:174,30,1,0
BRDA:177,31,0,0
BRDA:177,31,1,0
BRDA:181,32,0,0
BRDA:181,32,1,0
BRDA:185,33,0,0
BRDA:185,33,1,0
BRDA:186,34,0,0
BRDA:186,34,1,0
BRDA:187,35,0,0
BRDA:187,35,1,0
BRDA:188,36,0,0
BRDA:188,36,1,0
BRDA:189,37,0,0
BRDA:189,37,1,0
BRDA:190,38,0,0
BRDA:190,38,1,0
BRDA:193,39,0,0
BRDA:193,39,1,0
BRDA:202,40,0,0
BRDA:202,40,1,0
BRDA:205,41,0,0
BRDA:205,41,1,0
BRDA:207,42,0,0
BRDA:207,42,1,0
BRDA:208,43,0,0
BRDA:208,43,1,0
BRDA:209,44,0,0
BRDA:209,44,1,0
BRDA:210,45,0,0
BRDA:210,45,1,0
BRDA:211,46,0,0
BRDA:211,46,1,0
BRDA:214,47,0,0
BRDA:214,47,1,0
BRDA:243,48,0,0
BRDA:243,48,1,0
BRDA:243,49,0,0
BRDA:243,49,1,0
BRDA:245,50,0,0
BRDA:245,50,1,0
BRDA:252,51,0,0
BRDA:252,51,1,0
BRDA:255,52,0,0
BRDA:255,52,1,0
BRDA:255,53,0,0
BRDA:255,53,1,0
BRDA:257,54,0,0
BRDA:257,54,1,0
BRDA:257,55,0,0
BRDA:257,55,1,0
BRDA:259,56,0,0
BRDA:259,56,1,0
BRDA:259,57,0,0
BRDA:259,57,1,0
BRDA:262,58,0,0
BRDA:262,58,1,0
BRDA:262,59,0,0
BRDA:262,59,1,0
BRDA:264,60,0,0
BRDA:264,60,1,0
BRDA:267,61,0,0
BRDA:267,61,1,0
BRDA:268,62,0,0
BRDA:268,62,1,0
BRDA:269,63,0,0
BRDA:269,63,1,0
BRDA:271,64,0,0
BRDA:271,64,1,0
BRDA:274,65,0,0
BRDA:274,65,1,0
BRDA:281,66,0,0
BRDA:281,66,1,0
BRDA:288,67,0,0
BRDA:288,67,1,0
BRDA:295,68,0,0
BRDA:295,68,1,0
BRDA:295,69,0,0
BRDA:295,69,1,0
BRDA:304,70,0,0
BRDA:304,70,1,0
BRDA:355,71,0,0
BRDA:355,71,1,0
BRDA:368,72,0,0
BRDA:381,73,0,0
BRDA:381,73,1,0
BRDA:389,74,0,0
BRDA:389,74,1,0
BRDA:396,75,0,0
BRDA:396,75,1,0
BRDA:398,76,0,0
BRDA:398,76,1,0
BRDA:411,77,0,0
BRDA:411,77,1,0
BRDA:413,78,0,0
BRDA:440,79,0,0
BRDA:478,80,0,0
BRDA:518,81,0,0
BRDA:542,82,0,0
BRDA:563,83,0,0
BRDA:563,83,1,0
BRDA:564,84,0,0
BRDA:564,84,1,0
BRDA:565,85,0,0
BRDA:565,85,1,0
BRDA:566,86,0,0
BRDA:566,86,1,0
BRDA:567,87,0,0
BRDA:567,87,1,0
BRDA:567,88,0,0
BRDA:567,88,1,0
BRDA:567,88,2,0
BRDA:567,88,3,0
BRDA:568,89,0,0
BRDA:568,89,1,0
BRDA:568,90,0,0
BRDA:568,90,1,0
BRDA:568,90,2,0
BRDA:568,90,3,0
BRDA:574,91,0,0
BRDA:574,91,1,0
BRDA:575,92,0,0
BRDA:575,92,1,0
BRDA:576,93,0,0
BRDA:576,93,1,0
BRDA:577,94,0,0
BRDA:577,94,1,0
BRDA:578,95,0,0
BRDA:578,95,1,0
BRDA:578,96,0,0
BRDA:578,96,1,0
BRDA:578,96,2,0
BRDA:578,96,3,0
BRDA:579,97,0,0
BRDA:579,97,1,0
BRDA:579,98,0,0
BRDA:579,98,1,0
BRDA:579,98,2,0
BRDA:579,98,3,0
BRDA:585,99,0,0
BRDA:585,99,1,0
BRDA:587,100,0,0
BRDA:587,100,1,0
BRDA:588,101,0,0
BRDA:588,101,1,0
BRDA:589,102,0,0
BRDA:589,102,1,0
BRDA:590,103,0,0
BRDA:590,103,1,0
BRDA:591,104,0,0
BRDA:591,104,1,0
BRDA:597,105,0,0
BRDA:597,105,1,0
BRDA:605,106,0,0
BRDA:605,106,1,0
BRF:217
BRH:0
end_of_record
TN:
SF:src\app\game\create\page.tsx
FN:6,generateLobbyCode
FN:15,CreateGamePage
FN:19,(anonymous_3)
FNF:3
FNH:0
FNDA:0,generateLobbyCode
FNDA:0,CreateGamePage
FNDA:0,(anonymous_3)
DA:3,0
DA:4,0
DA:7,0
DA:8,0
DA:9,0
DA:10,0
DA:12,0
DA:15,0
DA:16,0
DA:17,0
DA:19,0
DA:20,0
DA:21,0
DA:23,0
DA:28,0
LF:15
LH:0
BRDA:6,0,0,0
BRDA:43,1,0,0
BRDA:43,1,1,0
BRF:3
BRH:0
end_of_record
TN:
SF:src\app\game\custom\page.tsx
FN:1,CustomGamePage
FNF:1
FNH:0
FNDA:0,CustomGamePage
DA:1,0
LF:1
LH:0
BRF:0
BRH:0
end_of_record
TN:
SF:src\app\game\custom\play\page.tsx
FN:1,CustomPlayPage
FNF:1
FNH:0
FNDA:0,CustomPlayPage
DA:1,0
LF:1
LH:0
BRF:0
BRH:0
end_of_record
TN:
SF:src\app\game\join\page.tsx
FN:6,JoinGamePage
FN:12,(anonymous_2)
FN:34,(anonymous_3)
FNF:3
FNH:0
FNDA:0,JoinGamePage
FNDA:0,(anonymous_2)
FNDA:0,(anonymous_3)
DA:3,0
DA:4,0
DA:6,0
DA:7,0
DA:8,0
DA:9,0
DA:10,0
DA:12,0
DA:13,0
DA:14,0
DA:15,0
DA:16,0
DA:18,0
DA:19,0
DA:20,0
DA:34,0
LF:16
LH:0
BRDA:14,0,0,0
BRDA:14,0,1,0
BRDA:14,1,0,0
BRDA:14,1,1,0
BRDA:40,2,0,0
BRDA:46,3,0,0
BRDA:46,3,1,0
BRF:7
BRH:0
end_of_record
TN:
SF:src\app\game\private\LobbyClient.tsx
FN:6,toImageName
FN:15,checkBingo
FN:17,(anonymous_4)
FN:18,(anonymous_5)
FN:19,(anonymous_6)
FN:26,getWinningLine
FN:28,(anonymous_8)
FN:29,(anonymous_9)
FN:30,(anonymous_10)
FN:37,isValidBingo
FN:39,(anonymous_12)
FN:40,(anonymous_13)
FN:41,(anonymous_14)
FN:42,(anonymous_15)
FN:43,(anonymous_16)
FN:58,(anonymous_17)
FN:72,fetchCardNames
FN:77,generateBoardFrom
FN:78,(anonymous_20)
FN:88,LobbyClient
FN:122,(anonymous_22)
FN:137,(anonymous_23)
FN:139,(anonymous_24)
FN:148,(anonymous_25)
FN:166,callNextCard
FN:169,(anonymous_27)
FN:183,(anonymous_28)
FN:191,scheduleNext
FN:193,(anonymous_30)
FN:200,onCalledCard
FN:220,(anonymous_32)
FN:232,(anonymous_33)
FN:234,(anonymous_34)
FN:238,(anonymous_35)
FN:241,(anonymous_36)
FN:242,(anonymous_37)
FN:248,(anonymous_38)
FN:254,(anonymous_39)
FN:256,(anonymous_40)
FN:259,(anonymous_41)
FN:265,(anonymous_42)
FN:267,(anonymous_43)
FN:275,(anonymous_44)
FN:279,(anonymous_45)
FN:285,(anonymous_46)
FN:289,(anonymous_47)
FN:291,(anonymous_48)
FN:297,(anonymous_49)
FN:311,(anonymous_50)
FN:314,(anonymous_51)
FN:323,(anonymous_52)
FN:324,(anonymous_53)
FN:330,(anonymous_54)
FN:331,(anonymous_55)
FN:335,(anonymous_56)
FN:339,(anonymous_57)
FN:344,(anonymous_58)
FN:346,(anonymous_59)
FN:356,(anonymous_60)
FN:365,(anonymous_61)
FN:368,(anonymous_62)
FN:383,(anonymous_63)
FN:390,sendMessage
FN:396,handleStartGame
FN:437,(anonymous_66)
FN:441,(anonymous_67)
FN:442,(anonymous_68)
FN:457,announceCard
FN:459,(anonymous_70)
FN:462,(anonymous_71)
FN:471,(anonymous_72)
FN:482,(anonymous_73)
FN:529,(anonymous_74)
FN:535,(anonymous_75)
FN:536,(anonymous_76)
FN:544,(anonymous_77)
FN:544,(anonymous_78)
FN:559,(anonymous_79)
FN:562,(anonymous_80)
FN:572,(anonymous_81)
FN:584,(anonymous_82)
FN:585,(anonymous_83)
FN:615,(anonymous_84)
FN:631,(anonymous_85)
FN:641,(anonymous_86)
FN:644,(anonymous_87)
FN:647,(anonymous_88)
FN:649,(anonymous_89)
FN:657,(anonymous_90)
FN:664,(anonymous_91)
FN:688,(anonymous_92)
FN:689,(anonymous_93)
FN:690,(anonymous_94)
FN:691,(anonymous_95)
FN:704,(anonymous_96)
FN:731,(anonymous_97)
FN:757,(anonymous_98)
FN:757,(anonymous_99)
FN:770,(anonymous_100)
FN:771,(anonymous_101)
FN:792,(anonymous_102)
FN:828,(anonymous_103)
FN:838,(anonymous_104)
FNF:103
FNH:0
FNDA:0,toImageName
FNDA:0,checkBingo
FNDA:0,(anonymous_4)
FNDA:0,(anonymous_5)
FNDA:0,(anonymous_6)
FNDA:0,getWinningLine
FNDA:0,(anonymous_8)
FNDA:0,(anonymous_9)
FNDA:0,(anonymous_10)
FNDA:0,isValidBingo
FNDA:0,(anonymous_12)
FNDA:0,(anonymous_13)
FNDA:0,(anonymous_14)
FNDA:0,(anonymous_15)
FNDA:0,(anonymous_16)
FNDA:0,(anonymous_17)
FNDA:0,fetchCardNames
FNDA:0,generateBoardFrom
FNDA:0,(anonymous_20)
FNDA:0,LobbyClient
FNDA:0,(anonymous_22)
FNDA:0,(anonymous_23)
FNDA:0,(anonymous_24)
FNDA:0,(anonymous_25)
FNDA:0,callNextCard
FNDA:0,(anonymous_27)
FNDA:0,(anonymous_28)
FNDA:0,scheduleNext
FNDA:0,(anonymous_30)
FNDA:0,onCalledCard
FNDA:0,(anonymous_32)
FNDA:0,(anonymous_33)
FNDA:0,(anonymous_34)
FNDA:0,(anonymous_35)
FNDA:0,(anonymous_36)
FNDA:0,(anonymous_37)
FNDA:0,(anonymous_38)
FNDA:0,(anonymous_39)
FNDA:0,(anonymous_40)
FNDA:0,(anonymous_41)
FNDA:0,(anonymous_42)
FNDA:0,(anonymous_43)
FNDA:0,(anonymous_44)
FNDA:0,(anonymous_45)
FNDA:0,(anonymous_46)
FNDA:0,(anonymous_47)
FNDA:0,(anonymous_48)
FNDA:0,(anonymous_49)
FNDA:0,(anonymous_50)
FNDA:0,(anonymous_51)
FNDA:0,(anonymous_52)
FNDA:0,(anonymous_53)
FNDA:0,(anonymous_54)
FNDA:0,(anonymous_55)
FNDA:0,(anonymous_56)
FNDA:0,(anonymous_57)
FNDA:0,(anonymous_58)
FNDA:0,(anonymous_59)
FNDA:0,(anonymous_60)
FNDA:0,(anonymous_61)
FNDA:0,(anonymous_62)
FNDA:0,(anonymous_63)
FNDA:0,sendMessage
FNDA:0,handleStartGame
FNDA:0,(anonymous_66)
FNDA:0,(anonymous_67)
FNDA:0,(anonymous_68)
FNDA:0,announceCard
FNDA:0,(anonymous_70)
FNDA:0,(anonymous_71)
FNDA:0,(anonymous_72)
FNDA:0,(anonymous_73)
FNDA:0,(anonymous_74)
FNDA:0,(anonymous_75)
FNDA:0,(anonymous_76)
FNDA:0,(anonymous_77)
FNDA:0,(anonymous_78)
FNDA:0,(anonymous_79)
FNDA:0,(anonymous_80)
FNDA:0,(anonymous_81)
FNDA:0,(anonymous_82)
FNDA:0,(anonymous_83)
FNDA:0,(anonymous_84)
FNDA:0,(anonymous_85)
FNDA:0,(anonymous_86)
FNDA:0,(anonymous_87)
FNDA:0,(anonymous_88)
FNDA:0,(anonymous_89)
FNDA:0,(anonymous_90)
FNDA:0,(anonymous_91)
FNDA:0,(anonymous_92)
FNDA:0,(anonymous_93)
FNDA:0,(anonymous_94)
FNDA:0,(anonymous_95)
FNDA:0,(anonymous_96)
FNDA:0,(anonymous_97)
FNDA:0,(anonymous_98)
FNDA:0,(anonymous_99)
FNDA:0,(anonymous_100)
FNDA:0,(anonymous_101)
FNDA:0,(anonymous_102)
FNDA:0,(anonymous_103)
FNDA:0,(anonymous_104)
DA:7,0
DA:16,0
DA:17,0
DA:18,0
DA:19,0
DA:20,0
DA:21,0
DA:22,0
DA:27,0
DA:28,0
DA:29,0
DA:30,0
DA:31,0
DA:32,0
DA:33,0
DA:38,0
DA:39,0
DA:40,0
DA:41,0
DA:42,0
DA:43,0
DA:44,0
DA:50,0
DA:56,0
DA:58,0
DA:61,0
DA:62,0
DA:63,0
DA:64,0
DA:65,0
DA:66,0
DA:67,0
DA:68,0
DA:69,0
DA:73,0
DA:74,0
DA:75,0
DA:78,0
DA:79,0
DA:88,0
DA:89,0
DA:90,0
DA:93,0
DA:94,0
DA:95,0
DA:99,0
DA:101,0
DA:103,0
DA:105,0
DA:107,0
DA:109,0
DA:111,0
DA:113,0
DA:114,0
DA:116,0
DA:118,0
DA:120,0
DA:122,0
DA:124,0
DA:128,0
DA:130,0
DA:132,0
DA:136,0
DA:137,0
DA:138,0
DA:139,0
DA:140,0
DA:148,0
DA:149,0
DA:150,0
DA:153,0
DA:154,0
DA:155,0
DA:158,0
DA:159,0
DA:160,0
DA:161,0
DA:162,0
DA:164,0
DA:167,0
DA:169,0
DA:170,0
DA:171,0
DA:172,0
DA:175,0
DA:176,0
DA:178,0
DA:179,0
DA:180,0
DA:183,0
DA:184,0
DA:185,0
DA:186,0
DA:187,0
DA:192,0
DA:193,0
DA:194,0
DA:199,0
DA:201,0
DA:202,0
DA:204,0
DA:205,0
DA:206,0
DA:207,0
DA:209,0
DA:211,0
DA:214,0
DA:215,0
DA:217,0
DA:220,0
DA:221,0
DA:222,0
DA:223,0
DA:224,0
DA:225,0
DA:226,0
DA:232,0
DA:233,0
DA:234,0
DA:235,0
DA:236,0
DA:238,0
DA:239,0
DA:240,0
DA:241,0
DA:242,0
DA:243,0
DA:244,0
DA:248,0
DA:249,0
DA:250,0
DA:254,0
DA:255,0
DA:256,0
DA:257,0
DA:259,0
DA:260,0
DA:265,0
DA:266,0
DA:267,0
DA:268,0
DA:270,0
DA:271,0
DA:272,0
DA:273,0
DA:274,0
DA:275,0
DA:276,0
DA:277,0
DA:279,0
DA:280,0
DA:285,0
DA:286,0
DA:287,0
DA:288,0
DA:289,0
DA:290,0
DA:292,0
DA:297,0
DA:299,0
DA:300,0
DA:301,0
DA:302,0
DA:303,0
DA:305,0
DA:308,0
DA:311,0
DA:312,0
DA:313,0
DA:314,0
DA:315,0
DA:316,0
DA:317,0
DA:320,0
DA:323,0
DA:324,0
DA:325,0
DA:326,0
DA:330,0
DA:331,0
DA:335,0
DA:336,0
DA:337,0
DA:338,0
DA:339,0
DA:341,0
DA:342,0
DA:344,0
DA:345,0
DA:347,0
DA:351,0
DA:352,0
DA:353,0
DA:354,0
DA:356,0
DA:357,0
DA:360,0
DA:361,0
DA:365,0
DA:366,0
DA:367,0
DA:368,0
DA:369,0
DA:370,0
DA:372,0
DA:373,0
DA:374,0
DA:377,0
DA:378,0
DA:383,0
DA:384,0
DA:385,0
DA:391,0
DA:392,0
DA:393,0
DA:397,0
DA:399,0
DA:400,0
DA:402,0
DA:404,0
DA:408,0
DA:409,0
DA:410,0
DA:412,0
DA:414,0
DA:415,0
DA:416,0
DA:419,0
DA:421,0
DA:422,0
DA:423,0
DA:424,0
DA:425,0
DA:427,0
DA:429,0
DA:430,0
DA:433,0
DA:434,0
DA:435,0
DA:437,0
DA:438,0
DA:439,0
DA:441,0
DA:442,0
DA:447,0
DA:448,0
DA:449,0
DA:451,0
DA:452,0
DA:458,0
DA:459,0
DA:460,0
DA:461,0
DA:462,0
DA:463,0
DA:464,0
DA:465,0
DA:466,0
DA:467,0
DA:470,0
DA:471,0
DA:472,0
DA:473,0
DA:476,0
DA:481,0
DA:482,0
DA:483,0
DA:484,0
DA:485,0
DA:487,0
DA:491,0
DA:531,0
DA:535,0
DA:536,0
DA:544,0
DA:560,0
DA:563,0
DA:573,0
DA:584,0
DA:585,0
DA:616,0
DA:619,0
DA:620,0
DA:632,0
DA:634,0
DA:635,0
DA:637,0
DA:639,0
DA:640,0
DA:641,0
DA:642,0
DA:644,0
DA:645,0
DA:647,0
DA:648,0
DA:649,0
DA:657,0
DA:665,0
DA:667,0
DA:668,0
DA:669,0
DA:670,0
DA:671,0
DA:672,0
DA:673,0
DA:674,0
DA:675,0
DA:676,0
DA:677,0
DA:679,0
DA:680,0
DA:681,0
DA:684,0
DA:685,0
DA:687,0
DA:688,0
DA:689,0
DA:690,0
DA:691,0
DA:692,0
DA:698,0
DA:704,0
DA:705,0
DA:706,0
DA:707,0
DA:710,0
DA:711,0
DA:712,0
DA:714,0
DA:731,0
DA:757,0
DA:771,0
DA:772,0
DA:773,0
DA:774,0
DA:775,0
DA:776,0
DA:793,0
DA:794,0
DA:795,0
DA:796,0
DA:829,0
DA:830,0
DA:831,0
DA:839,0
DA:841,0
DA:842,0
LF:347
LH:0
BRDA:16,0,0,0
BRDA:16,0,1,0
BRDA:17,1,0,0
BRDA:17,1,1,0
BRDA:18,2,0,0
BRDA:18,2,1,0
BRDA:19,3,0,0
BRDA:19,3,1,0
BRDA:20,4,0,0
BRDA:20,4,1,0
BRDA:20,5,0,0
BRDA:20,5,1,0
BRDA:20,5,2,0
BRDA:20,5,3,0
BRDA:21,6,0,0
BRDA:21,6,1,0
BRDA:21,7,0,0
BRDA:21,7,1,0
BRDA:21,7,2,0
BRDA:21,7,3,0
BRDA:27,8,0,0
BRDA:27,8,1,0
BRDA:28,9,0,0
BRDA:28,9,1,0
BRDA:29,10,0,0
BRDA:29,10,1,0
BRDA:30,11,0,0
BRDA:30,11,1,0
BRDA:31,12,0,0
BRDA:31,12,1,0
BRDA:31,13,0,0
BRDA:31,13,1,0
BRDA:31,13,2,0
BRDA:31,13,3,0
BRDA:32,14,0,0
BRDA:32,14,1,0
BRDA:32,15,0,0
BRDA:32,15,1,0
BRDA:32,15,2,0
BRDA:32,15,3,0
BRDA:38,16,0,0
BRDA:38,16,1,0
BRDA:40,17,0,0
BRDA:40,17,1,0
BRDA:41,18,0,0
BRDA:41,18,1,0
BRDA:42,19,0,0
BRDA:42,19,1,0
BRDA:43,20,0,0
BRDA:43,20,1,0
BRDA:44,21,0,0
BRDA:44,21,1,0
BRDA:50,22,0,0
BRDA:50,22,1,0
BRDA:58,23,0,0
BRDA:58,23,1,0
BRDA:73,24,0,0
BRDA:73,24,1,0
BRDA:74,25,0,0
BRDA:74,25,1,0
BRDA:138,26,0,0
BRDA:138,26,1,0
BRDA:138,27,0,0
BRDA:138,27,1,0
BRDA:149,28,0,0
BRDA:149,28,1,0
BRDA:149,29,0,0
BRDA:149,29,1,0
BRDA:149,29,2,0
BRDA:149,29,3,0
BRDA:150,30,0,0
BRDA:150,30,1,0
BRDA:153,31,0,0
BRDA:153,31,1,0
BRDA:153,32,0,0
BRDA:153,32,1,0
BRDA:167,33,0,0
BRDA:167,33,1,0
BRDA:167,34,0,0
BRDA:167,34,1,0
BRDA:170,35,0,0
BRDA:170,35,1,0
BRDA:184,36,0,0
BRDA:184,36,1,0
BRDA:192,37,0,0
BRDA:192,37,1,0
BRDA:202,38,0,0
BRDA:202,38,1,0
BRDA:205,39,0,0
BRDA:205,39,1,0
BRDA:214,40,0,0
BRDA:214,40,1,0
BRDA:223,41,0,0
BRDA:223,41,1,0
BRDA:224,42,0,0
BRDA:224,42,1,0
BRDA:240,43,0,0
BRDA:240,43,1,0
BRDA:286,44,0,0
BRDA:286,44,1,0
BRDA:300,45,0,0
BRDA:300,45,1,0
BRDA:302,46,0,0
BRDA:302,46,1,0
BRDA:303,47,0,0
BRDA:303,47,1,0
BRDA:313,48,0,0
BRDA:313,48,1,0
BRDA:314,49,0,0
BRDA:314,49,1,0
BRDA:315,50,0,0
BRDA:315,50,1,0
BRDA:315,51,0,0
BRDA:315,51,1,0
BRDA:324,52,0,0
BRDA:324,52,1,0
BRDA:325,53,0,0
BRDA:325,53,1,0
BRDA:325,54,0,0
BRDA:325,54,1,0
BRDA:341,55,0,0
BRDA:341,55,1,0
BRDA:341,56,0,0
BRDA:341,56,1,0
BRDA:341,56,2,0
BRDA:367,57,0,0
BRDA:367,57,1,0
BRDA:368,58,0,0
BRDA:368,58,1,0
BRDA:369,59,0,0
BRDA:369,59,1,0
BRDA:369,60,0,0
BRDA:369,60,1,0
BRDA:372,61,0,0
BRDA:372,61,1,0
BRDA:377,62,0,0
BRDA:377,62,1,0
BRDA:415,63,0,0
BRDA:415,63,1,0
BRDA:433,64,0,0
BRDA:433,64,1,0
BRDA:438,65,0,0
BRDA:438,65,1,0
BRDA:447,66,0,0
BRDA:447,66,1,0
BRDA:458,67,0,0
BRDA:458,67,1,0
BRDA:458,68,0,0
BRDA:458,68,1,0
BRDA:463,69,0,0
BRDA:463,69,1,0
BRDA:470,70,0,0
BRDA:470,70,1,0
BRDA:483,71,0,0
BRDA:483,71,1,0
BRDA:483,72,0,0
BRDA:483,72,1,0
BRDA:491,73,0,0
BRDA:491,73,1,0
BRDA:505,74,0,0
BRDA:515,75,0,0
BRDA:524,76,0,0
BRDA:535,77,0,0
BRDA:535,77,1,0
BRDA:536,78,0,0
BRDA:536,78,1,0
BRDA:571,79,0,0
BRDA:574,80,0,0
BRDA:574,80,1,0
BRDA:574,81,0,0
BRDA:574,81,1,0
BRDA:585,82,0,0
BRDA:585,82,1,0
BRDA:596,83,0,0
BRDA:601,84,0,0
BRDA:616,85,0,0
BRDA:616,85,1,0
BRDA:632,86,0,0
BRDA:632,86,1,0
BRDA:635,87,0,0
BRDA:635,87,1,0
BRDA:635,88,0,0
BRDA:635,88,1,0
BRDA:665,89,0,0
BRDA:665,89,1,0
BRDA:675,90,0,0
BRDA:675,90,1,0
BRDA:679,91,0,0
BRDA:679,91,1,0
BRDA:684,92,0,0
BRDA:684,92,1,0
BRDA:688,93,0,0
BRDA:688,93,1,0
BRDA:689,94,0,0
BRDA:689,94,1,0
BRDA:690,95,0,0
BRDA:690,95,1,0
BRDA:691,96,0,0
BRDA:691,96,1,0
BRDA:692,97,0,0
BRDA:692,97,1,0
BRDA:698,98,0,0
BRDA:698,98,1,0
BRDA:704,99,0,0
BRDA:704,99,1,0
BRDA:705,100,0,0
BRDA:705,100,1,0
BRDA:710,101,0,0
BRDA:710,101,1,0
BRDA:722,102,0,0
BRDA:722,102,1,0
BRDA:753,103,0,0
BRDA:753,103,1,0
BRDA:760,104,0,0
BRDA:760,104,1,0
BRDA:763,105,0,0
BRDA:763,105,1,0
BRDA:772,106,0,0
BRDA:772,106,1,0
BRDA:793,107,0,0
BRDA:793,107,1,0
BRDA:811,108,0,0
BRDA:864,109,0,0
BRDA:911,110,0,0
BRDA:937,111,0,0
BRF:225
BRH:0
end_of_record
TN:
SF:src\app\game\private\page.tsx
FN:8,generateCode
FN:12,PrivateLobbyPage
FN:23,(anonymous_4)
FN:33,autoJoinLobby
FN:46,(anonymous_6)
FN:63,handleCreateLobby
FN:75,handleJoinLobby
FN:90,(anonymous_9)
FN:113,(anonymous_10)
FN:119,(anonymous_11)
FN:152,(anonymous_12)
FNF:11
FNH:0
FNDA:0,generateCode
FNDA:0,PrivateLobbyPage
FNDA:0,(anonymous_4)
FNDA:0,autoJoinLobby
FNDA:0,(anonymous_6)
FNDA:0,handleCreateLobby
FNDA:0,handleJoinLobby
FNDA:0,(anonymous_9)
FNDA:0,(anonymous_10)
FNDA:0,(anonymous_11)
FNDA:0,(anonymous_12)
DA:2,0
DA:3,0
DA:4,0
DA:9,0
DA:12,0
DA:13,0
DA:16,0
DA:17,0
DA:18,0
DA:19,0
DA:20,0
DA:23,0
DA:24,0
DA:25,0
DA:26,0
DA:28,0
DA:34,0
DA:36,0
DA:37,0
DA:38,0
DA:39,0
DA:40,0
DA:43,0
DA:46,0
DA:47,0
DA:48,0
DA:49,0
DA:54,0
DA:55,0
DA:57,0
DA:64,0
DA:65,0
DA:70,0
DA:71,0
DA:76,0
DA:77,0
DA:78,0
DA:80,0
DA:81,0
DA:82,0
DA:83,0
DA:84,0
DA:87,0
DA:90,0
DA:91,0
DA:92,0
DA:93,0
DA:98,0
DA:99,0
DA:105,0
DA:113,0
DA:120,0
DA:152,0
LF:53
LH:0
BRDA:24,0,0,0
BRDA:24,0,1,0
BRDA:26,1,0,0
BRDA:26,1,1,0
BRDA:26,2,0,0
BRDA:26,2,1,0
BRDA:26,2,2,0
BRDA:39,3,0,0
BRDA:39,3,1,0
BRDA:46,4,0,0
BRDA:46,4,1,0
BRDA:47,5,0,0
BRDA:47,5,1,0
BRDA:47,6,0,0
BRDA:47,6,1,0
BRDA:48,7,0,0
BRDA:48,7,1,0
BRDA:77,8,0,0
BRDA:77,8,1,0
BRDA:83,9,0,0
BRDA:83,9,1,0
BRDA:90,10,0,0
BRDA:90,10,1,0
BRDA:91,11,0,0
BRDA:91,11,1,0
BRDA:91,12,0,0
BRDA:91,12,1,0
BRDA:92,13,0,0
BRDA:92,13,1,0
BRDA:105,14,0,0
BRDA:105,14,1,0
BRDA:120,15,0,0
BRDA:120,15,1,0
BRDA:140,16,0,0
BRF:34
BRH:0
end_of_record
TN:
SF:src\app\jwt-signin\page.tsx
FN:9,(anonymous_5)
FN:13,JWTSigninInner
FN:21,(anonymous_7)
FN:71,(anonymous_8)
FN:89,(anonymous_9)
FN:152,JWTSignin
FNF:6
FNH:0
FNDA:0,(anonymous_5)
FNDA:0,JWTSigninInner
FNDA:0,(anonymous_7)
FNDA:0,(anonymous_8)
FNDA:0,(anonymous_9)
FNDA:0,JWTSignin
DA:3,0
DA:4,0
DA:5,0
DA:6,0
DA:9,0
DA:14,0
DA:15,0
DA:16,0
DA:17,0
DA:18,0
DA:19,0
DA:21,0
DA:22,0
DA:23,0
DA:24,0
DA:26,0
DA:28,0
DA:30,0
DA:32,0
DA:35,0
DA:71,0
DA:89,0
DA:152,0
DA:153,0
LF:24
LH:0
BRDA:28,0,0,0
BRDA:28,0,1,0
BRDA:102,1,0,0
BRDA:121,2,0,0
BRDA:121,2,1,0
BRDA:128,3,0,0
BRDA:128,3,1,0
BRDA:131,4,0,0
BRDA:131,4,1,0
BRF:9
BRH:0
end_of_record
TN:
SF:src\app\profile\page.tsx
FN:12,ProfilePage
FN:17,(anonymous_2)
FN:48,(anonymous_3)
FN:53,(anonymous_4)
FNF:4
FNH:4
FNDA:24,ProfilePage
FNDA:13,(anonymous_2)
FNDA:13,(anonymous_3)
FNDA:11,(anonymous_4)
DA:3,1
DA:12,13
DA:13,24
DA:14,24
DA:15,24
DA:17,24
DA:18,13
DA:20,13
DA:21,11
DA:23,11
DA:25,10
DA:31,1
DA:37,1
DA:39,1
DA:44,12
DA:48,24
DA:49,13
DA:53,24
DA:54,11
DA:55,11
DA:59,11
DA:60,11
DA:72,24
DA:76,11
LF:24
LH:24
BRDA:23,0,0,10
BRDA:23,0,1,1
BRDA:23,1,0,11
BRDA:23,1,1,10
BRDA:53,2,0,0
BRDA:54,3,0,9
BRDA:54,3,1,2
BRDA:59,4,0,9
BRDA:59,4,1,2
BRDA:72,5,0,13
BRDA:72,5,1,11
BRDA:76,6,0,0
BRDA:76,6,1,11
BRDA:92,7,0,11
BRDA:92,7,1,2
BRF:15
BRH:13
end_of_record
TN:
SF:src\app\simple-test\page.tsx
FN:8,SimpleThemeTest
FN:25,(anonymous_2)
FN:28,(anonymous_3)
FN:47,(anonymous_4)
FN:70,(anonymous_5)
FN:74,(anonymous_6)
FN:84,SimpleTestPage
FNF:7
FNH:0
FNDA:0,SimpleThemeTest
FNDA:0,(anonymous_2)
FNDA:0,(anonymous_3)
FNDA:0,(anonymous_4)
FNDA:0,(anonymous_5)
FNDA:0,(anonymous_6)
FNDA:0,SimpleTestPage
DA:4,0
DA:5,0
DA:6,0
DA:9,0
DA:10,0
DA:26,0
DA:29,0
DA:30,0
DA:31,0
DA:48,0
DA:49,0
DA:71,0
DA:72,0
DA:75,0
DA:76,0
DA:84,0
LF:16
LH:0
BRDA:19,0,0,0
BRDA:19,0,1,0
BRDA:34,1,0,0
BRDA:34,1,1,0
BRF:4
BRH:0
end_of_record
TN:
SF:src\app\test-avatar\page.tsx
FN:6,TestAvatarPage
FN:13,(anonymous_3)
FN:47,(anonymous_4)
FNF:3
FNH:0
FNDA:0,TestAvatarPage
FNDA:0,(anonymous_3)
FNDA:0,(anonymous_4)
DA:3,0
DA:4,0
DA:6,0
DA:7,0
DA:8,0
DA:9,0
DA:10,0
DA:11,0
DA:13,0
DA:14,0
DA:15,0
DA:16,0
DA:17,0
DA:23,0
DA:24,0
DA:25,0
DA:26,0
DA:27,0
DA:29,0
DA:32,0
DA:34,0
DA:47,0
LF:22
LH:0
BRDA:24,0,0,0
BRDA:24,0,1,0
BRDA:29,1,0,0
BRDA:29,1,1,0
BRDA:56,2,0,0
BRDA:56,2,1,0
BRDA:60,3,0,0
BRDA:62,4,0,0
BRDA:65,5,0,0
BRDA:65,5,1,0
BRDA:68,6,0,0
BRF:11
BRH:0
end_of_record
TN:
SF:src\app\working\page.tsx
FN:1,Working
FNF:1
FNH:0
FNDA:0,Working
DA:1,0
LF:1
LH:0
BRF:0
BRH:0
end_of_record
TN:
SF:src\components\Avatar.tsx
FN:13,Avatar
FN:18,(anonymous_2)
FN:25,(anonymous_3)
FNF:3
FNH:3
FNDA:26,Avatar
FNDA:13,(anonymous_2)
FNDA:4,(anonymous_3)
DA:3,1
DA:4,1
DA:13,13
DA:14,26
DA:15,26
DA:18,26
DA:19,13
DA:20,11
DA:21,11
DA:25,26
DA:26,4
DA:27,3
DA:29,3
DA:30,3
DA:34,26
LF:15
LH:15
BRDA:13,0,0,16
BRDA:13,1,0,22
BRDA:13,2,0,24
BRDA:19,3,0,11
BRDA:19,3,1,2
BRDA:26,4,0,3
BRDA:26,4,1,1
BRDA:34,5,0,12
BRDA:34,5,1,14
BRDA:34,6,0,26
BRDA:34,6,1,24
BRF:11
BRH:11
end_of_record
TN:
SF:src\components\ConditionalIcons.tsx
FN:10,ConditionalIcons
FN:22,(anonymous_3)
FNF:2
FNH:0
FNDA:0,ConditionalIcons
FNDA:0,(anonymous_3)
DA:2,0
DA:3,0
DA:4,0
DA:10,0
DA:11,0
DA:14,0
DA:22,0
DA:23,0
DA:27,0
DA:28,0
LF:10
LH:0
BRDA:23,0,0,0
BRDA:23,0,1,0
BRDA:27,1,0,0
BRDA:27,1,1,0
BRF:4
BRH:0
end_of_record
TN:
SF:src\components\CopyrightFooter.tsx
FN:4,CopyrightFooter
FNF:1
FNH:1
FNDA:8,CopyrightFooter
DA:4,8
LF:1
LH:1
BRF:0
BRH:0
end_of_record
TN:
SF:src\components\DevAuthReset.tsx
FN:11,DevAuthReset
FN:15,(anonymous_2)
FN:29,(anonymous_3)
FNF:3
FNH:0
FNDA:0,DevAuthReset
FNDA:0,(anonymous_2)
FNDA:0,(anonymous_3)
DA:7,0
DA:8,0
DA:9,0
DA:11,0
DA:12,0
DA:13,0
DA:15,0
DA:17,0
DA:20,0
DA:21,0
DA:23,0
DA:25,0
DA:27,0
DA:28,0
DA:29,0
DA:30,0
DA:36,0
LF:17
LH:0
BRDA:17,0,0,0
BRDA:17,0,1,0
BRDA:23,1,0,0
BRDA:23,1,1,0
BRDA:27,2,0,0
BRDA:27,2,1,0
BRF:6
BRH:0
end_of_record
TN:
SF:src\components\FriendsMenu.tsx
FN:10,FriendsMenu
FN:19,(anonymous_2)
FN:19,(anonymous_3)
FN:29,(anonymous_4)
FN:34,(anonymous_5)
FN:34,(anonymous_6)
FN:41,(anonymous_7)
FN:47,(anonymous_8)
FN:47,(anonymous_9)
FN:54,(anonymous_10)
FNF:10
FNH:0
FNDA:0,FriendsMenu
FNDA:0,(anonymous_2)
FNDA:0,(anonymous_3)
FNDA:0,(anonymous_4)
FNDA:0,(anonymous_5)
FNDA:0,(anonymous_6)
FNDA:0,(anonymous_7)
FNDA:0,(anonymous_8)
FNDA:0,(anonymous_9)
FNDA:0,(anonymous_10)
DA:2,0
DA:4,0
DA:10,0
DA:11,0
DA:12,0
DA:19,0
DA:29,0
DA:34,0
DA:35,0
DA:41,0
DA:47,0
DA:48,0
DA:54,0
LF:13
LH:0
BRDA:23,0,0,0
BRDA:34,1,0,0
BRDA:34,1,1,0
BRDA:41,2,0,0
BRDA:41,3,0,0
BRDA:41,3,1,0
BRDA:49,4,0,0
BRDA:49,4,1,0
BRDA:54,5,0,0
BRF:9
BRH:0
end_of_record
TN:
SF:src\components\HomeIcon.tsx
FN:6,HomeIcon
FNF:1
FNH:0
FNDA:0,HomeIcon
DA:1,0
DA:6,0
LF:2
LH:0
BRF:0
BRH:0
end_of_record
TN:
SF:src\components\IOSLayout.tsx
FN:12,IOSLayout
FN:16,(anonymous_2)
FN:22,(anonymous_3)
FN:41,(anonymous_4)
FNF:4
FNH:0
FNDA:0,IOSLayout
FNDA:0,(anonymous_2)
FNDA:0,(anonymous_3)
FNDA:0,(anonymous_4)
DA:2,0
DA:12,0
DA:13,0
DA:14,0
DA:16,0
DA:18,0
DA:19,0
DA:22,0
DA:24,0
DA:25,0
DA:28,0
DA:32,0
DA:35,0
DA:36,0
DA:38,0
DA:39,0
DA:41,0
DA:42,0
DA:43,0
DA:45,0
DA:46,0
DA:50,0
LF:22
LH:0
BRDA:12,0,0,0
BRDA:18,1,0,0
BRDA:18,1,1,0
BRDA:24,2,0,0
BRDA:24,2,1,0
BRDA:35,3,0,0
BRDA:35,3,1,0
BRDA:42,4,0,0
BRDA:42,4,1,0
BRDA:50,5,0,0
BRDA:50,5,1,0
BRF:11
BRH:0
end_of_record
TN:
SF:src\components\LoteriaBoard.tsx
FN:18,LoteriaBoard
FN:25,(anonymous_3)
FN:26,(anonymous_4)
FN:31,(anonymous_5)
FNF:4
FNH:4
FNDA:7,LoteriaBoard
FNDA:28,(anonymous_3)
FNDA:112,(anonymous_4)
FNDA:2,(anonymous_5)
DA:3,1
DA:4,1
DA:5,1
DA:6,1
DA:18,7
DA:19,7
DA:20,7
DA:21,7
DA:26,28
DA:27,112
DA:31,2
LF:11
LH:11
BRDA:18,0,0,0
BRDA:31,1,0,112
BRDA:31,1,1,0
BRDA:32,2,0,0
BRDA:32,2,1,112
BRF:5
BRH:2
end_of_record
TN:
SF:src\components\LoteriaCard.tsx
FN:19,getCardImagePath
FN:37,wordToFilename
FN:52,LoteriaCard
FN:61,(anonymous_4)
FN:91,(anonymous_5)
FN:92,(anonymous_6)
FN:133,(anonymous_7)
FN:134,(anonymous_8)
FNF:8
FNH:3
FNDA:0,getCardImagePath
FNDA:0,wordToFilename
FNDA:18,LoteriaCard
FNDA:9,(anonymous_4)
FNDA:0,(anonymous_5)
FNDA:0,(anonymous_6)
FNDA:0,(anonymous_7)
FNDA:1,(anonymous_8)
DA:2,1
DA:3,1
DA:4,1
DA:5,1
DA:6,1
DA:20,0
DA:22,0
DA:23,0
DA:29,0
DA:31,0
DA:32,0
DA:38,0
DA:52,9
DA:53,18
DA:54,18
DA:55,18
DA:58,18
DA:59,18
DA:61,18
DA:63,9
DA:64,9
DA:65,0
DA:66,0
DA:69,9
DA:70,9
DA:74,18
DA:76,2
DA:77,2
DA:91,0
DA:94,0
DA:95,0
DA:97,0
DA:133,0
DA:136,1
DA:137,0
DA:139,1
LF:36
LH:21
BRDA:22,0,0,0
BRDA:22,0,1,0
BRDA:52,1,0,18
BRDA:52,2,0,18
BRDA:52,3,0,0
BRDA:64,4,0,0
BRDA:64,4,1,9
BRDA:74,5,0,2
BRDA:74,5,1,16
BRDA:80,6,0,2
BRDA:80,6,1,0
BRDA:81,7,0,2
BRDA:90,8,0,0
BRDA:90,8,1,2
BRDA:94,9,0,0
BRDA:94,9,1,0
BRDA:106,10,0,0
BRDA:106,10,1,16
BRDA:106,11,0,16
BRDA:106,11,1,0
BRDA:106,12,0,16
BRDA:106,12,1,2
BRDA:110,13,0,0
BRDA:110,13,1,16
BRDA:111,14,0,0
BRDA:111,14,1,16
BRDA:111,15,0,16
BRDA:111,15,1,0
BRDA:114,16,0,2
BRDA:114,16,1,14
BRDA:116,17,0,16
BRDA:116,17,1,0
BRDA:119,18,0,16
BRDA:125,19,0,16
BRDA:132,20,0,0
BRDA:132,20,1,16
BRDA:136,21,0,0
BRDA:136,21,1,1
BRDA:143,22,0,16
BRF:39
BRH:23
end_of_record
TN:
SF:src\components\ProfileMenu.tsx
FN:11,ProfileMenu
FN:22,(anonymous_2)
FN:28,(anonymous_3)
FN:47,(anonymous_4)
FN:47,(anonymous_5)
FN:56,(anonymous_6)
FNF:6
FNH:0
FNDA:0,ProfileMenu
FNDA:0,(anonymous_2)
FNDA:0,(anonymous_3)
FNDA:0,(anonymous_4)
FNDA:0,(anonymous_5)
FNDA:0,(anonymous_6)
DA:2,0
DA:3,0
DA:4,0
DA:5,0
DA:6,0
DA:11,0
DA:12,0
DA:13,0
DA:14,0
DA:15,0
DA:16,0
DA:19,0
DA:22,0
DA:23,0
DA:24,0
DA:28,0
DA:29,0
DA:31,0
DA:32,0
DA:34,0
DA:35,0
DA:39,0
DA:47,0
DA:58,0
DA:59,0
DA:60,0
DA:61,0
DA:62,0
DA:63,0
LF:29
LH:0
BRDA:19,0,0,0
BRDA:19,0,1,0
BRDA:23,1,0,0
BRDA:23,1,1,0
BRDA:29,2,0,0
BRDA:29,2,1,0
BRDA:32,3,0,0
BRDA:32,3,1,0
BRDA:39,4,0,0
BRDA:39,4,1,0
BRDA:50,5,0,0
BRDA:51,6,0,0
BRDA:51,6,1,0
BRDA:59,7,0,0
BRDA:59,7,1,0
BRDA:59,7,2,0
BRDA:61,8,0,0
BRDA:61,8,1,0
BRDA:71,9,0,0
BRF:19
BRH:0
end_of_record
TN:
SF:src\components\SettingsMenu.tsx
FN:10,SettingsMenu
FN:26,toggleNotifications
FN:33,toggleSound
FN:43,(anonymous_4)
FN:43,(anonymous_5)
FN:73,(anonymous_6)
FN:76,(anonymous_7)
FN:96,(anonymous_8)
FN:99,(anonymous_9)
FN:120,(anonymous_10)
FN:123,(anonymous_11)
FN:152,(anonymous_12)
FN:155,(anonymous_13)
FN:180,(anonymous_14)
FN:183,(anonymous_15)
FN:209,(anonymous_16)
FN:212,(anonymous_17)
FNF:17
FNH:0
FNDA:0,SettingsMenu
FNDA:0,toggleNotifications
FNDA:0,toggleSound
FNDA:0,(anonymous_4)
FNDA:0,(anonymous_5)
FNDA:0,(anonymous_6)
FNDA:0,(anonymous_7)
FNDA:0,(anonymous_8)
FNDA:0,(anonymous_9)
FNDA:0,(anonymous_10)
FNDA:0,(anonymous_11)
FNDA:0,(anonymous_12)
FNDA:0,(anonymous_13)
FNDA:0,(anonymous_14)
FNDA:0,(anonymous_15)
FNDA:0,(anonymous_16)
FNDA:0,(anonymous_17)
DA:2,0
DA:3,0
DA:4,0
DA:5,0
DA:10,0
DA:11,0
DA:23,0
DA:27,0
DA:28,0
DA:29,0
DA:34,0
DA:43,0
DA:74,0
DA:76,0
DA:97,0
DA:99,0
DA:121,0
DA:123,0
DA:153,0
DA:155,0
DA:181,0
DA:183,0
DA:210,0
DA:212,0
LF:24
LH:0
BRDA:29,0,0,0
BRDA:29,0,1,0
BRDA:61,1,0,0
BRDA:78,2,0,0
BRDA:78,2,1,0
BRDA:101,3,0,0
BRDA:101,3,1,0
BRDA:106,4,0,0
BRDA:106,4,1,0
BRDA:125,5,0,0
BRDA:125,5,1,0
BRDA:157,6,0,0
BRDA:157,6,1,0
BRDA:162,7,0,0
BRDA:162,7,1,0
BRDA:185,8,0,0
BRDA:185,8,1,0
BRDA:214,9,0,0
BRDA:214,9,1,0
BRDA:219,10,0,0
BRDA:219,10,1,0
BRDA:221,11,0,0
BRDA:221,11,1,0
BRDA:252,12,0,0
BRDA:252,12,1,0
BRDA:282,13,0,0
BRDA:282,13,1,0
BRF:27
BRH:0
end_of_record
TN:
SF:src\components\SignOutButton.tsx
FN:5,SignOutButton
FN:9,(anonymous_2)
FNF:2
FNH:0
FNDA:0,SignOutButton
FNDA:0,(anonymous_2)
DA:2,0
DA:5,0
DA:9,0
LF:3
LH:0
BRF:0
BRH:0
end_of_record
TN:
SF:src\components\UserInfo.tsx
FN:6,UserInfo
FNF:1
FNH:0
FNDA:0,UserInfo
DA:2,0
DA:3,0
DA:6,0
DA:7,0
DA:8,0
DA:11,0
DA:14,0
LF:7
LH:0
BRDA:11,0,0,0
BRDA:11,0,1,0
BRDA:14,1,0,0
BRDA:14,1,1,0
BRDA:19,2,0,0
BRDA:19,2,1,0
BRF:6
BRH:0
end_of_record
TN:
SF:src\context\JWTAuthContext.tsx
FN:22,JWTAuthProvider
FN:27,(anonymous_7)
FN:36,(anonymous_8)
FN:61,(anonymous_9)
FN:87,(anonymous_10)
FN:92,(anonymous_11)
FN:103,useJWTAuth
FNF:7
FNH:0
FNDA:0,JWTAuthProvider
FNDA:0,(anonymous_7)
FNDA:0,(anonymous_8)
FNDA:0,(anonymous_9)
FNDA:0,(anonymous_10)
FNDA:0,(anonymous_11)
FNDA:0,useJWTAuth
DA:3,0
DA:20,0
DA:22,0
DA:23,0
DA:24,0
DA:27,0
DA:28,0
DA:29,0
DA:30,0
DA:32,0
DA:36,0
DA:37,0
DA:39,0
DA:47,0
DA:48,0
DA:49,0
DA:51,0
DA:54,0
DA:55,0
DA:57,0
DA:61,0
DA:62,0
DA:64,0
DA:65,0
DA:73,0
DA:74,0
DA:75,0
DA:76,0
DA:77,0
DA:79,0
DA:82,0
DA:83,0
DA:87,0
DA:88,0
DA:89,0
DA:92,0
DA:93,0
DA:103,0
DA:104,0
DA:105,0
DA:106,0
DA:108,0
LF:42
LH:0
BRDA:29,0,0,0
BRDA:29,0,1,0
BRDA:47,1,0,0
BRDA:47,1,1,0
BRDA:64,2,0,0
BRDA:64,2,1,0
BRDA:73,3,0,0
BRDA:73,3,1,0
BRDA:105,4,0,0
BRDA:105,4,1,0
BRF:10
BRH:0
end_of_record
TN:
SF:src\context\SettingsContext.tsx
FN:41,(anonymous_6)
FN:55,(anonymous_7)
FN:75,(anonymous_8)
FN:79,(anonymous_9)
FN:83,(anonymous_10)
FN:87,(anonymous_11)
FN:91,(anonymous_12)
FN:95,(anonymous_13)
FN:99,(anonymous_14)
FN:103,(anonymous_15)
FN:140,(anonymous_16)
FNF:11
FNH:11
FNDA:31,(anonymous_6)
FNDA:22,(anonymous_7)
FNDA:25,(anonymous_8)
FNDA:25,(anonymous_9)
FNDA:24,(anonymous_10)
FNDA:22,(anonymous_11)
FNDA:22,(anonymous_12)
FNDA:24,(anonymous_13)
FNDA:22,(anonymous_14)
FNDA:27,(anonymous_15)
FNDA:43,(anonymous_16)
DA:7,3
DA:36,3
DA:41,22
DA:43,31
DA:44,31
DA:47,31
DA:48,31
DA:49,31
DA:50,31
DA:51,31
DA:52,31
DA:55,31
DA:56,22
DA:57,22
DA:58,22
DA:59,22
DA:60,22
DA:61,22
DA:62,22
DA:63,22
DA:64,22
DA:65,22
DA:66,22
DA:67,22
DA:68,22
DA:69,22
DA:71,22
DA:72,22
DA:75,31
DA:76,25
DA:79,31
DA:80,25
DA:83,31
DA:84,24
DA:87,31
DA:88,22
DA:91,31
DA:92,22
DA:95,31
DA:96,24
DA:99,31
DA:100,22
DA:103,31
DA:104,27
DA:107,27
DA:108,2
DA:112,27
DA:113,0
DA:115,27
DA:116,0
DA:140,43
DA:141,43
DA:142,42
DA:143,2
DA:145,40
LF:55
LH:53
BRDA:57,0,0,1
BRDA:57,0,1,21
BRDA:59,1,0,1
BRDA:59,1,1,21
BRDA:61,2,0,14
BRDA:61,2,1,8
BRDA:63,3,0,14
BRDA:63,3,1,8
BRDA:65,4,0,14
BRDA:65,4,1,8
BRDA:67,5,0,15
BRDA:67,5,1,7
BRDA:69,6,0,14
BRDA:69,6,1,8
BRDA:72,7,0,15
BRDA:72,7,1,7
BRDA:107,8,0,2
BRDA:107,8,1,25
BRDA:107,9,0,27
BRDA:107,9,1,4
BRDA:112,10,0,0
BRDA:112,10,1,27
BRDA:112,11,0,27
BRDA:112,11,1,0
BRDA:115,12,0,0
BRDA:115,12,1,27
BRDA:115,13,0,27
BRDA:115,13,1,0
BRDA:142,14,0,2
BRDA:142,14,1,40
BRF:30
BRH:26
end_of_record
TN:
SF:src\hooks\useIOSDetection.ts
FN:16,useIOSDetection
FN:26,(anonymous_6)
FN:66,useIOSViewport
FN:70,(anonymous_8)
FN:73,(anonymous_9)
FN:92,(anonymous_10)
FN:97,(anonymous_11)
FN:111,usePreventIOSZoom
FN:112,(anonymous_13)
FN:115,(anonymous_14)
FN:122,(anonymous_15)
FN:129,(anonymous_16)
FN:136,useIOSTouch
FN:137,(anonymous_18)
FN:142,(anonymous_19)
FN:151,(anonymous_20)
FN:160,(anonymous_21)
FNF:17
FNH:0
FNDA:0,useIOSDetection
FNDA:0,(anonymous_6)
FNDA:0,useIOSViewport
FNDA:0,(anonymous_8)
FNDA:0,(anonymous_9)
FNDA:0,(anonymous_10)
FNDA:0,(anonymous_11)
FNDA:0,usePreventIOSZoom
FNDA:0,(anonymous_13)
FNDA:0,(anonymous_14)
FNDA:0,(anonymous_15)
FNDA:0,(anonymous_16)
FNDA:0,useIOSTouch
FNDA:0,(anonymous_18)
FNDA:0,(anonymous_19)
FNDA:0,(anonymous_20)
FNDA:0,(anonymous_21)
DA:2,0
DA:16,0
DA:17,0
DA:26,0
DA:27,0
DA:29,0
DA:30,0
DA:31,0
DA:32,0
DA:35,0
DA:36,0
DA:39,0
DA:47,0
DA:50,0
DA:60,0
DA:66,0
DA:67,0
DA:68,0
DA:70,0
DA:71,0
DA:73,0
DA:74,0
DA:75,0
DA:77,0
DA:80,0
DA:81,0
DA:84,0
DA:87,0
DA:88,0
DA:91,0
DA:92,0
DA:94,0
DA:97,0
DA:98,0
DA:99,0
DA:101,0
DA:105,0
DA:111,0
DA:112,0
DA:113,0
DA:115,0
DA:116,0
DA:117,0
DA:118,0
DA:119,0
DA:122,0
DA:123,0
DA:128,0
DA:129,0
DA:136,0
DA:137,0
DA:138,0
DA:141,0
DA:142,0
DA:143,0
DA:144,0
DA:145,0
DA:147,0
DA:151,0
DA:152,0
DA:153,0
DA:157,0
DA:158,0
DA:160,0
DA:161,0
DA:162,0
LF:66
LH:0
BRDA:27,0,0,0
BRDA:27,0,1,0
BRDA:30,1,0,0
BRDA:30,1,1,0
BRDA:31,2,0,0
BRDA:31,2,1,0
BRDA:31,2,2,0
BRDA:36,3,0,0
BRDA:36,3,1,0
BRDA:36,4,0,0
BRDA:36,4,1,0
BRDA:39,5,0,0
BRDA:39,5,1,0
BRDA:39,5,2,0
BRDA:39,5,3,0
BRDA:39,5,4,0
BRDA:39,5,5,0
BRDA:47,6,0,0
BRDA:47,6,1,0
BRDA:71,7,0,0
BRDA:71,7,1,0
BRDA:74,8,0,0
BRDA:74,8,1,0
BRDA:87,9,0,0
BRDA:87,9,1,0
BRDA:98,10,0,0
BRDA:98,10,1,0
BRDA:113,11,0,0
BRDA:113,11,1,0
BRDA:117,12,0,0
BRDA:117,12,1,0
BRDA:117,13,0,0
BRDA:117,13,1,0
BRDA:138,14,0,0
BRDA:138,14,1,0
BRDA:144,15,0,0
BRDA:144,15,1,0
BRDA:152,16,0,0
BRDA:152,16,1,0
BRF:39
BRH:0
end_of_record
TN:
SF:src\lib\auth.ts
FN:22,(anonymous_7)
FN:62,(anonymous_8)
FN:71,(anonymous_9)
FN:106,getAuthenticatedUser
FN:130,(anonymous_11)
FNF:5
FNH:0
FNDA:0,(anonymous_7)
FNDA:0,(anonymous_8)
FNDA:0,(anonymous_9)
FNDA:0,getAuthenticatedUser
FNDA:0,(anonymous_11)
DA:2,0
DA:3,0
DA:5,0
DA:6,0
DA:9,0
DA:12,0
DA:23,0
DA:24,0
DA:26,0
DA:27,0
DA:28,0
DA:29,0
DA:31,0
DA:32,0
DA:33,0
DA:36,0
DA:37,0
DA:38,0
DA:39,0
DA:42,0
DA:43,0
DA:50,0
DA:51,0
DA:63,0
DA:64,0
DA:65,0
DA:66,0
DA:67,0
DA:69,0
DA:72,0
DA:73,0
DA:74,0
DA:75,0
DA:76,0
DA:79,0
DA:80,0
DA:82,0
DA:83,0
DA:84,0
DA:85,0
DA:86,0
DA:87,0
DA:90,0
DA:94,0
DA:106,0
DA:107,0
DA:109,0
DA:110,0
DA:111,0
DA:120,0
DA:121,0
DA:122,0
DA:125,0
DA:126,0
DA:127,0
DA:130,0
DA:132,0
DA:133,0
DA:134,0
DA:135,0
DA:143,0
DA:147,0
DA:149,0
DA:150,0
LF:64
LH:0
BRDA:9,0,0,0
BRDA:9,0,1,0
BRDA:9,0,2,0
BRDA:23,1,0,0
BRDA:23,1,1,0
BRDA:24,2,0,0
BRDA:24,2,1,0
BRDA:24,3,0,0
BRDA:24,3,1,0
BRDA:24,3,2,0
BRDA:31,4,0,0
BRDA:31,4,1,0
BRDA:31,5,0,0
BRDA:31,5,1,0
BRDA:37,6,0,0
BRDA:37,6,1,0
BRDA:63,7,0,0
BRDA:63,7,1,0
BRDA:72,8,0,0
BRDA:72,8,1,0
BRDA:72,9,0,0
BRDA:72,9,1,0
BRDA:73,10,0,0
BRDA:73,10,1,0
BRDA:79,11,0,0
BRDA:79,11,1,0
BRDA:85,12,0,0
BRDA:85,12,1,0
BRDA:110,13,0,0
BRDA:110,13,1,0
BRDA:121,14,0,0
BRDA:121,14,1,0
BRDA:125,15,0,0
BRDA:125,15,1,0
BRDA:134,16,0,0
BRDA:134,16,1,0
BRF:36
BRH:0
end_of_record
TN:
SF:src\lib\authUtils.ts
FN:12,forceSignOut
FN:33,clearAllAuthData
FN:43,(anonymous_5)
FNF:3
FNH:0
FNDA:0,forceSignOut
FNDA:0,clearAllAuthData
FNDA:0,(anonymous_5)
DA:6,0
DA:12,0
DA:13,0
DA:14,0
DA:19,0
DA:21,0
DA:22,0
DA:23,0
DA:24,0
DA:33,0
DA:34,0
DA:36,0
DA:39,0
DA:42,0
DA:43,0
DA:44,0
DA:45,0
DA:46,0
DA:47,0
LF:19
LH:0
BRDA:21,0,0,0
BRDA:21,0,1,0
BRDA:34,1,0,0
BRDA:34,1,1,0
BRDA:45,2,0,0
BRDA:45,2,1,0
BRDA:46,3,0,0
BRDA:46,3,1,0
BRDA:46,4,0,0
BRDA:46,4,1,0
BRF:10
BRH:0
end_of_record
TN:
SF:src\lib\boardBackgrounds.ts
FN:535,(anonymous_15)
FN:536,(anonymous_16)
FN:560,getAvatarImageUrl
FN:600,(anonymous_18)
FN:601,(anonymous_19)
FN:605,(anonymous_20)
FN:606,(anonymous_21)
FN:610,(anonymous_22)
FN:611,(anonymous_23)
FN:615,(anonymous_24)
FN:616,(anonymous_25)
FN:620,(anonymous_26)
FN:621,(anonymous_27)
FN:625,(anonymous_28)
FN:626,(anonymous_29)
FNF:15
FNH:10
FNDA:0,(anonymous_15)
FNDA:0,(anonymous_16)
FNDA:0,getAvatarImageUrl
FNDA:7,(anonymous_18)
FNDA:7,(anonymous_19)
FNDA:7,(anonymous_20)
FNDA:7,(anonymous_21)
FNDA:18,(anonymous_22)
FNDA:18,(anonymous_23)
FNDA:11,(anonymous_24)
FNDA:40,(anonymous_25)
FNDA:18,(anonymous_26)
FNDA:18,(anonymous_27)
FNDA:0,(anonymous_28)
FNDA:0,(anonymous_29)
DA:52,3
DA:125,3
DA:256,3
DA:323,3
DA:445,3
DA:496,3
DA:535,3
DA:536,0
DA:537,0
DA:540,0
DA:541,0
DA:543,0
DA:545,0
DA:547,0
DA:549,0
DA:551,0
DA:556,0
DA:560,0
DA:561,0
DA:564,0
DA:565,0
DA:569,0
DA:572,0
DA:574,0
DA:575,0
DA:576,0
DA:580,0
DA:584,0
DA:586,0
DA:587,0
DA:591,0
DA:592,0
DA:593,0
DA:597,0
DA:600,7
DA:601,7
DA:602,7
DA:605,7
DA:606,7
DA:607,7
DA:610,18
DA:611,18
DA:612,18
DA:615,11
DA:616,40
DA:617,11
DA:620,18
DA:621,18
DA:622,18
DA:625,3
DA:626,0
DA:627,0
LF:52
LH:23
BRDA:537,0,0,0
BRDA:537,0,1,0
BRDA:540,1,0,0
BRDA:540,1,1,0
BRDA:540,2,0,0
BRDA:540,2,1,0
BRDA:541,3,0,0
BRDA:541,3,1,0
BRDA:541,3,2,0
BRDA:541,3,3,0
BRDA:541,3,4,0
BRDA:561,4,0,0
BRDA:561,4,1,0
BRDA:564,5,0,0
BRDA:564,5,1,0
BRDA:569,6,0,0
BRDA:569,6,1,0
BRDA:572,7,0,0
BRDA:572,7,1,0
BRDA:572,8,0,0
BRDA:572,8,1,0
BRDA:575,9,0,0
BRDA:575,9,1,0
BRDA:584,10,0,0
BRDA:584,10,1,0
BRDA:584,11,0,0
BRDA:584,11,1,0
BRDA:591,12,0,0
BRDA:591,12,1,0
BRDA:591,13,0,0
BRDA:591,13,1,0
BRDA:602,14,0,7
BRDA:602,14,1,0
BRDA:607,15,0,7
BRDA:607,15,1,0
BRDA:612,16,0,18
BRDA:612,16,1,0
BRDA:617,17,0,11
BRDA:617,17,1,1
BRDA:622,18,0,18
BRDA:622,18,1,0
BRDA:627,19,0,0
BRDA:627,19,1,0
BRF:43
BRH:6
end_of_record
TN:
SF:src\lib\cardMappings.ts
FN:111,getCardImageForDeck
FN:112,(anonymous_4)
FNF:2
FNH:2
FNDA:9,getCardImageForDeck
FNDA:144,(anonymous_4)
DA:12,1
DA:111,9
DA:112,144
DA:115,9
DA:121,9
DA:123,0
DA:128,0
DA:133,9
DA:135,0
DA:138,9
DA:139,9
DA:140,9
DA:142,9
DA:145,9
DA:146,0
DA:148,0
DA:149,0
DA:151,0
DA:152,0
DA:154,0
DA:156,0
DA:159,0
DA:160,0
DA:162,0
DA:164,0
DA:167,0
DA:168,0
DA:171,0
DA:172,0
DA:174,0
DA:176,0
DA:181,0
DA:182,0
DA:185,0
DA:189,9
DA:191,0
DA:192,0
DA:195,0
DA:198,0
DA:199,0
DA:202,0
DA:206,0
DA:210,0
DA:211,0
DA:214,0
DA:218,9
LF:46
LH:13
BRDA:121,0,0,0
BRDA:121,0,1,9
BRDA:128,1,0,0
BRDA:128,1,1,0
BRDA:133,2,0,0
BRDA:133,2,1,9
BRDA:145,3,0,0
BRDA:145,3,1,9
BRDA:149,4,0,0
BRDA:149,4,1,0
BRDA:149,4,2,0
BRDA:149,4,3,0
BRDA:149,4,4,0
BRDA:149,4,5,0
BRDA:151,5,0,0
BRDA:151,5,1,0
BRDA:159,6,0,0
BRDA:159,6,1,0
BRDA:171,7,0,0
BRDA:171,7,1,0
BRDA:189,8,0,0
BRDA:189,8,1,0
BRDA:189,8,2,0
BRDA:189,8,3,0
BRDA:189,8,4,9
BRDA:189,8,5,9
BRDA:191,9,0,0
BRDA:191,9,1,0
BRDA:198,10,0,0
BRDA:198,10,1,0
BRDA:210,11,0,0
BRDA:210,11,1,0
BRF:32
BRH:5
end_of_record
TN:
SF:src\lib\cardPreloader.ts
FN:15,(anonymous_1)
FN:25,(anonymous_2)
FN:26,(anonymous_3)
FN:30,(anonymous_4)
FN:31,(anonymous_5)
FN:32,(anonymous_6)
FN:45,(anonymous_7)
FN:46,(anonymous_8)
FN:58,(anonymous_9)
FN:63,(anonymous_10)
FN:76,(anonymous_11)
FN:84,(anonymous_12)
FN:92,(anonymous_13)
FNF:13
FNH:1
FNDA:0,(anonymous_1)
FNDA:0,(anonymous_2)
FNDA:0,(anonymous_3)
FNDA:0,(anonymous_4)
FNDA:0,(anonymous_5)
FNDA:0,(anonymous_6)
FNDA:0,(anonymous_7)
FNDA:0,(anonymous_8)
FNDA:0,(anonymous_9)
FNDA:0,(anonymous_10)
FNDA:9,(anonymous_11)
FNDA:0,(anonymous_12)
FNDA:0,(anonymous_13)
DA:6,1
DA:9,1
DA:10,1
DA:16,0
DA:19,0
DA:20,0
DA:23,0
DA:25,0
DA:26,0
DA:27,0
DA:30,0
DA:31,0
DA:32,0
DA:34,0
DA:35,0
DA:39,0
DA:46,0
DA:47,0
DA:48,0
DA:51,0
DA:52,0
DA:53,0
DA:56,0
DA:58,0
DA:59,0
DA:60,0
DA:63,0
DA:64,0
DA:65,0
DA:69,0
DA:77,9
DA:78,9
DA:85,0
DA:86,0
DA:93,0
DA:94,0
DA:99,9
LF:37
LH:6
BRDA:19,0,0,0
BRDA:19,0,1,0
BRDA:51,1,0,0
BRDA:51,1,1,0
BRDA:78,2,0,9
BRDA:78,2,1,9
BRF:6
BRH:2
end_of_record
TN:
SF:src\lib\cloudinary.ts
FN:14,getCloudinaryCardUrl
FNF:1
FNH:0
FNDA:0,getCloudinaryCardUrl
DA:2,0
DA:5,0
DA:11,0
DA:14,0
DA:16,0
DA:18,0
LF:6
LH:0
BRF:0
BRH:0
end_of_record
TN:
SF:src\lib\gameLogic.ts
FN:8,checkBingo
FN:11,(anonymous_7)
FN:16,(anonymous_8)
FN:37,getWinningLine
FN:40,(anonymous_10)
FN:45,(anonymous_11)
FN:69,isValidBingo
FN:118,generateBoardFrom
FN:123,(anonymous_14)
FN:138,toImageName
FNF:10
FNH:9
FNDA:7,checkBingo
FNDA:37,(anonymous_7)
FNDA:29,(anonymous_8)
FNDA:3,getWinningLine
FNDA:14,(anonymous_10)
FNDA:11,(anonymous_11)
FNDA:3,isValidBingo
FNDA:5,generateBoardFrom
FNDA:239,(anonymous_14)
FNDA:0,toImageName
DA:8,7
DA:10,7
DA:11,37
DA:15,6
DA:16,29
DA:20,5
DA:21,4
DA:24,3
DA:27,2
DA:29,1
DA:37,3
DA:39,3
DA:40,14
DA:44,2
DA:45,11
DA:49,1
DA:50,1
DA:53,1
DA:56,1
DA:58,1
DA:69,3
DA:70,3
DA:73,2
DA:75,2
DA:77,2
DA:78,8
DA:80,2
DA:82,0
DA:83,0
DA:85,0
DA:87,0
DA:88,0
DA:90,0
DA:91,0
DA:93,0
DA:94,0
DA:96,0
DA:97,0
DA:101,2
DA:102,7
DA:103,7
DA:104,7
DA:105,1
DA:110,1
DA:118,5
DA:119,5
DA:120,1
DA:123,239
DA:124,4
DA:126,4
DA:127,16
DA:130,4
DA:138,0
DA:139,0
LF:54
LH:41
BRDA:11,0,0,1
BRDA:11,0,1,24
BRDA:16,1,0,1
BRDA:16,1,1,20
BRDA:20,2,0,1
BRDA:20,2,1,4
BRDA:20,3,0,5
BRDA:20,3,1,3
BRDA:20,3,2,2
BRDA:20,3,3,1
BRDA:21,4,0,1
BRDA:21,4,1,3
BRDA:21,5,0,4
BRDA:21,5,1,2
BRDA:21,5,2,1
BRDA:21,5,3,1
BRDA:24,6,0,1
BRDA:24,6,1,2
BRDA:24,7,0,3
BRDA:24,7,1,2
BRDA:24,7,2,1
BRDA:24,7,3,1
BRDA:27,8,0,1
BRDA:27,8,1,1
BRDA:27,9,0,2
BRDA:27,9,1,2
BRDA:27,9,2,1
BRDA:27,9,3,1
BRDA:40,10,0,1
BRDA:40,10,1,9
BRDA:45,11,0,1
BRDA:45,11,1,6
BRDA:49,12,0,0
BRDA:49,12,1,1
BRDA:49,13,0,1
BRDA:49,13,1,1
BRDA:49,13,2,1
BRDA:49,13,3,0
BRDA:50,14,0,0
BRDA:50,14,1,1
BRDA:50,15,0,1
BRDA:50,15,1,0
BRDA:50,15,2,0
BRDA:50,15,3,0
BRDA:53,16,0,0
BRDA:53,16,1,1
BRDA:53,17,0,1
BRDA:53,17,1,1
BRDA:53,17,2,0
BRDA:53,17,3,0
BRDA:56,18,0,0
BRDA:56,18,1,1
BRDA:56,19,0,1
BRDA:56,19,1,1
BRDA:56,19,2,0
BRDA:56,19,3,0
BRDA:70,20,0,1
BRDA:70,20,1,2
BRDA:75,21,0,2
BRDA:75,21,1,0
BRDA:75,21,2,0
BRDA:75,21,3,0
BRDA:75,21,4,0
BRDA:75,21,5,0
BRDA:102,22,0,7
BRDA:102,22,1,0
BRDA:104,23,0,1
BRDA:104,23,1,6
BRDA:119,24,0,1
BRDA:119,24,1,4
BRF:70
BRH:52
end_of_record
TN:
SF:src\lib\imagineArt.ts
FN:1,generateImagineArtCard
FNF:1
FNH:0
FNDA:0,generateImagineArtCard
DA:1,0
DA:2,0
DA:4,0
DA:5,0
DA:6,0
DA:7,0
DA:9,0
DA:17,0
DA:19,0
DA:20,0
DA:21,0
DA:22,0
DA:24,0
DA:25,0
DA:28,0
DA:33,0
DA:34,0
DA:35,0
DA:38,0
LF:19
LH:0
BRDA:17,0,0,0
BRDA:17,0,1,0
BRF:2
BRH:0
end_of_record
TN:
SF:src\lib\mongodb.ts
FNF:0
FNH:0
DA:6,0
DA:13,0
DA:19,0
DA:20,0
DA:23,0
DA:24,0
DA:27,0
DA:29,0
DA:30,0
DA:31,0
DA:33,0
DA:36,0
DA:37,0
DA:40,0
LF:14
LH:0
BRDA:13,0,0,0
BRDA:13,0,1,0
BRDA:13,0,2,0
BRDA:13,0,3,0
BRDA:19,1,0,0
BRDA:19,1,1,0
BRDA:19,2,0,0
BRDA:19,2,1,0
BRDA:23,3,0,0
BRDA:23,3,1,0
BRDA:27,4,0,0
BRDA:27,4,1,0
BRDA:29,5,0,0
BRDA:29,5,1,0
BRF:14
BRH:0
end_of_record
TN:
SF:src\lib\notify.ts
FN:1,requestNotificationPermission
FN:11,showNotification
FNF:2
FNH:0
FNDA:0,requestNotificationPermission
FNDA:0,showNotification
DA:1,0
DA:2,0
DA:3,0
DA:4,0
DA:5,0
DA:6,0
DA:8,0
DA:11,0
DA:12,0
DA:13,0
LF:10
LH:0
BRDA:2,0,0,0
BRDA:2,0,1,0
BRDA:2,1,0,0
BRDA:2,1,1,0
BRDA:3,2,0,0
BRDA:3,2,1,0
BRDA:4,3,0,0
BRDA:4,3,1,0
BRDA:12,4,0,0
BRDA:12,4,1,0
BRDA:12,5,0,0
BRDA:12,5,1,0
BRF:12
BRH:0
end_of_record
TN:
SF:src\lib\socket.ts
FN:13,getSocket
FN:46,(anonymous_3)
FN:49,(anonymous_4)
FN:52,(anonymous_5)
FN:56,(anonymous_6)
FN:59,(anonymous_7)
FN:62,(anonymous_8)
FNF:7
FNH:0
FNDA:0,getSocket
FNDA:0,(anonymous_3)
FNDA:0,(anonymous_4)
FNDA:0,(anonymous_5)
FNDA:0,(anonymous_6)
FNDA:0,(anonymous_7)
FNDA:0,(anonymous_8)
DA:4,0
DA:6,0
DA:13,0
DA:14,0
DA:16,0
DA:17,0
DA:18,0
DA:20,0
DA:21,0
DA:22,0
DA:24,0
DA:26,0
DA:28,0
DA:29,0
DA:33,0
DA:46,0
DA:47,0
DA:49,0
DA:50,0
DA:52,0
DA:53,0
DA:54,0
DA:56,0
DA:57,0
DA:59,0
DA:60,0
DA:62,0
DA:63,0
DA:66,0
LF:29
LH:0
BRDA:14,0,0,0
BRDA:14,0,1,0
BRDA:18,1,0,0
BRDA:18,1,1,0
BRDA:20,2,0,0
BRDA:20,2,1,0
BRDA:21,3,0,0
BRDA:21,3,1,0
BRDA:24,4,0,0
BRDA:24,4,1,0
BRDA:28,5,0,0
BRDA:28,5,1,0
BRDA:28,5,2,0
BRF:13
BRH:0
end_of_record
TN:
SF:src\models\CardImage.ts
FNF:0
FNH:0
DA:1,0
DA:3,0
DA:9,0
LF:3
LH:0
BRDA:9,0,0,0
BRDA:9,0,1,0
BRF:2
BRH:0
end_of_record
TN:
SF:src\pages\api\register.ts
FN:5,handler
FNF:1
FNH:0
FNDA:0,handler
DA:2,0
DA:3,0
DA:5,0
DA:6,0
DA:7,0
DA:10,0
DA:11,0
DA:13,0
DA:14,0
DA:17,0
DA:18,0
DA:19,0
DA:22,0
DA:23,0
DA:24,0
DA:28,0
DA:31,0
DA:38,0
DA:40,0
DA:50,0
DA:51,0
LF:21
LH:0
BRDA:6,0,0,0
BRDA:6,0,1,0
BRDA:13,1,0,0
BRDA:13,1,1,0
BRDA:13,2,0,0
BRDA:13,2,1,0
BRDA:23,3,0,0
BRDA:23,3,1,0
BRDA:33,4,0,0
BRDA:33,4,1,0
BRF:10
BRH:0
end_of_record
